============================= test session starts ==============================
platform linux -- Python 3.9.5, pytest-6.2.5, py-1.11.0, pluggy-1.0.0
rootdir: /dc-app-performance-toolkit/app
plugins: forked-1.4.0, xdist-2.5.0, apiritif-1.0.0
collected 14 items

selenium_ui/jira_ui.py first driver inits
1650701054662,859,selenium_login:open_login_page,Success,True
node_id:SERVER
1650701059460,4798,selenium_login:login_and_view_dashboard,Success,True
1650701059460,5658,selenium_login,Success,True
.test_0_selenium_a_login,Total:1 Passed:1 Failed:0
1650701059812,329,selenium_browse_projects_list,Success,True
.test_1_selenium_browse_projects_list,Total:2 Passed:2 Failed:0
1650701063683,3869,selenium_browse_boards_list,Success,True
.test_1_selenium_browse_boards_list,Total:3 Passed:3 Failed:0
1650701064557,858,selenium_create_issue:open_quick_create,Success,True
1650701068157,3150,selenium_create_issue:fill_and_submit_issue_form:submit_issue_form,Success,True
1650701068157,3599,selenium_create_issue:fill_and_submit_issue_form,Success,True
1650701068157,4458,selenium_create_issue,Success,True
.test_1_selenium_create_issue,Total:4 Passed:4 Failed:0
1650701069773,1601,selenium_edit_issue:open_edit_issue_form,Success,True
1650701071339,587,selenium_edit_issue:save_edit_issue_form,Success,True
1650701071339,3167,selenium_edit_issue,Success,True
.test_1_selenium_edit_issue,Total:5 Passed:5 Failed:0
1650701071792,451,selenium_save_comment:open_comment_form,Success,True
1650701076018,4126,selenium_save_comment:submit_form,Success,True
1650701076018,4677,selenium_save_comment,Success,True
.test_1_selenium_save_comment,Total:6 Passed:6 Failed:0
1650701080765,4745,selenium_search_jql,Success,True
.test_1_selenium_search_jql,Total:7 Passed:7 Failed:0
1650701084078,3312,selenium_view_scrum_board_backlog,Success,True
.test_1_selenium_view_backlog_for_scrum_board,Total:8 Passed:8 Failed:0
1650701087354,3274,selenium_view_scrum_board,Success,True
.test_1_selenium_view_scrum_board,Total:9 Passed:9 Failed:0
1650701088142,786,selenium_view_kanban_board,Success,True
.test_1_selenium_view_kanban_board,Total:10 Passed:10 Failed:0
1650701088593,449,selenium_view_dashboard,Success,True
.test_1_selenium_view_dashboard,Total:11 Passed:11 Failed:0
1650701089148,553,selenium_view_issue,Success,True
.test_1_selenium_view_issue,Total:12 Passed:12 Failed:0
1650701091506,2356,selenium_project_summary,Success,True
.test_1_selenium_view_project_summary,Total:13 Passed:13 Failed:0
1650701091877,369,selenium_log_out,Success,True
.test_2_selenium_z_log_out,Total:14 Passed:14 Failed:0


=============================== warnings summary ===============================
../../root/.bzt/python-packages/3.9.5/_pytest/config/__init__.py:1114
  /root/.bzt/python-packages/3.9.5/_pytest/config/__init__.py:1114: PytestAssertRewriteWarning: Module already imported so cannot be rewritten: apiritif
    self._mark_plugins_for_rewrite(hook)

-- Docs: https://docs.pytest.org/en/stable/warnings.html
======================== 14 passed, 1 warning in 39.27s ========================
============================= test session starts ==============================
platform linux -- Python 3.9.5, pytest-6.2.5, py-1.11.0, pluggy-1.0.0
rootdir: /dc-app-performance-toolkit/app
plugins: forked-1.4.0, xdist-2.5.0, apiritif-1.0.0
collected 14 items

selenium_ui/jira_ui.py get driver from global
clear browser cookies
1650701092043,97,selenium_login:open_login_page,Success,True
node_id:SERVER
1650701093147,1103,selenium_login:login_and_view_dashboard,Success,True
1650701093147,1201,selenium_login,Success,True
.test_0_selenium_a_login,Total:15 Passed:15 Failed:0
1650701093463,233,selenium_browse_projects_list,Success,True
.test_1_selenium_browse_projects_list,Total:16 Passed:16 Failed:0
1650701094271,807,selenium_browse_boards_list,Success,True
.test_1_selenium_browse_boards_list,Total:17 Passed:17 Failed:0
1650701094928,627,selenium_create_issue:open_quick_create,Success,True
1650701096082,607,selenium_create_issue:fill_and_submit_issue_form:submit_issue_form,Success,True
1650701096082,1154,selenium_create_issue:fill_and_submit_issue_form,Success,True
1650701096082,1781,selenium_create_issue,Success,True
.test_1_selenium_create_issue,Total:18 Passed:18 Failed:0
1650701096826,725,selenium_edit_issue:open_edit_issue_form,Success,True
1650701097726,546,selenium_edit_issue:save_edit_issue_form,Success,True
1650701097726,1625,selenium_edit_issue,Success,True
.test_1_selenium_edit_issue,Total:19 Passed:19 Failed:0
1650701098176,448,selenium_save_comment:open_comment_form,Success,True
1650701099913,1641,selenium_save_comment:submit_form,Success,True
1650701099913,2185,selenium_save_comment,Success,True
.test_1_selenium_save_comment,Total:20 Passed:20 Failed:0
1650701101104,1190,selenium_search_jql,Success,True
.test_1_selenium_search_jql,Total:21 Passed:21 Failed:0
1650701102381,1275,selenium_view_scrum_board_backlog,Success,True
.test_1_selenium_view_backlog_for_scrum_board,Total:22 Passed:22 Failed:0
1650701103151,768,selenium_view_scrum_board,Success,True
.test_1_selenium_view_scrum_board,Total:23 Passed:23 Failed:0
1650701103905,753,selenium_view_kanban_board,Success,True
.test_1_selenium_view_kanban_board,Total:24 Passed:24 Failed:0
1650701104113,206,selenium_view_dashboard,Success,True
.test_1_selenium_view_dashboard,Total:25 Passed:25 Failed:0
1650701104705,590,selenium_view_issue,Success,True
.test_1_selenium_view_issue,Total:26 Passed:26 Failed:0
1650701105115,408,selenium_project_summary,Success,True
.test_1_selenium_view_project_summary,Total:27 Passed:27 Failed:0
1650701105433,316,selenium_log_out,Success,True
.test_2_selenium_z_log_out,Total:28 Passed:28 Failed:0


=============================== warnings summary ===============================
../../root/.bzt/python-packages/3.9.5/_pytest/config/__init__.py:1114
  /root/.bzt/python-packages/3.9.5/_pytest/config/__init__.py:1114: PytestAssertRewriteWarning: Module already imported so cannot be rewritten: apiritif
    self._mark_plugins_for_rewrite(hook)

-- Docs: https://docs.pytest.org/en/stable/warnings.html
======================== 14 passed, 1 warning in 13.50s ========================
============================= test session starts ==============================
platform linux -- Python 3.9.5, pytest-6.2.5, py-1.11.0, pluggy-1.0.0
rootdir: /dc-app-performance-toolkit/app
plugins: forked-1.4.0, xdist-2.5.0, apiritif-1.0.0
collected 14 items

selenium_ui/jira_ui.py get driver from global
clear browser cookies
1650701105605,93,selenium_login:open_login_page,Success,True
node_id:SERVER
1650701106840,1234,selenium_login:login_and_view_dashboard,Success,True
1650701106840,1328,selenium_login,Success,True
.test_0_selenium_a_login,Total:29 Passed:29 Failed:0
1650701107082,218,selenium_browse_projects_list,Success,True
.test_1_selenium_browse_projects_list,Total:30 Passed:30 Failed:0
1650701107324,240,selenium_browse_boards_list,Success,True
.test_1_selenium_browse_boards_list,Total:31 Passed:31 Failed:0
1650701107970,627,selenium_create_issue:open_quick_create,Success,True
1650701109033,602,selenium_create_issue:fill_and_submit_issue_form:submit_issue_form,Success,True
1650701109033,1063,selenium_create_issue:fill_and_submit_issue_form,Success,True
1650701109033,1691,selenium_create_issue,Success,True
.test_1_selenium_create_issue,Total:32 Passed:32 Failed:0
1650701109936,887,selenium_edit_issue:open_edit_issue_form,Success,True
1650701110797,609,selenium_edit_issue:save_edit_issue_form,Success,True
1650701110797,1747,selenium_edit_issue,Success,True
.test_1_selenium_edit_issue,Total:33 Passed:33 Failed:0
1650701111141,342,selenium_save_comment:open_comment_form,Success,True
1650701112908,1673,selenium_save_comment:submit_form,Success,True
1650701112908,2110,selenium_save_comment,Success,True
.test_1_selenium_save_comment,Total:34 Passed:34 Failed:0
1650701114110,1200,selenium_search_jql,Success,True
.test_1_selenium_search_jql,Total:35 Passed:35 Failed:0
1650701115319,1206,selenium_view_scrum_board_backlog,Success,True
.test_1_selenium_view_backlog_for_scrum_board,Total:36 Passed:36 Failed:0
1650701116068,748,selenium_view_scrum_board,Success,True
.test_1_selenium_view_scrum_board,Total:37 Passed:37 Failed:0
1650701116809,738,selenium_view_kanban_board,Success,True
.test_1_selenium_view_kanban_board,Total:38 Passed:38 Failed:0
1650701117106,295,selenium_view_dashboard,Success,True
.test_1_selenium_view_dashboard,Total:39 Passed:39 Failed:0
1650701117605,497,selenium_view_issue,Success,True
.test_1_selenium_view_issue,Total:40 Passed:40 Failed:0
1650701117905,298,selenium_project_summary,Success,True
.test_1_selenium_view_project_summary,Total:41 Passed:41 Failed:0
1650701118254,346,selenium_log_out,Success,True
.test_2_selenium_z_log_out,Total:42 Passed:42 Failed:0


=============================== warnings summary ===============================
../../root/.bzt/python-packages/3.9.5/_pytest/config/__init__.py:1114
  /root/.bzt/python-packages/3.9.5/_pytest/config/__init__.py:1114: PytestAssertRewriteWarning: Module already imported so cannot be rewritten: apiritif
    self._mark_plugins_for_rewrite(hook)

-- Docs: https://docs.pytest.org/en/stable/warnings.html
======================== 14 passed, 1 warning in 12.76s ========================
============================= test session starts ==============================
platform linux -- Python 3.9.5, pytest-6.2.5, py-1.11.0, pluggy-1.0.0
rootdir: /dc-app-performance-toolkit/app
plugins: forked-1.4.0, xdist-2.5.0, apiritif-1.0.0
collected 14 items

selenium_ui/jira_ui.py get driver from global
clear browser cookies
1650701118423,92,selenium_login:open_login_page,Success,True
node_id:SERVER
1650701119554,1131,selenium_login:login_and_view_dashboard,Success,True
1650701119555,1223,selenium_login,Success,True
.test_0_selenium_a_login,Total:43 Passed:43 Failed:0
1650701119850,224,selenium_browse_projects_list,Success,True
.test_1_selenium_browse_projects_list,Total:44 Passed:44 Failed:0
1650701120066,215,selenium_browse_boards_list,Success,True
.test_1_selenium_browse_boards_list,Total:45 Passed:45 Failed:0
1650701120720,637,selenium_create_issue:open_quick_create,Success,True
1650701121846,593,selenium_create_issue:fill_and_submit_issue_form:submit_issue_form,Success,True
1650701121846,1125,selenium_create_issue:fill_and_submit_issue_form,Success,True
1650701121846,1763,selenium_create_issue,Success,True
.test_1_selenium_create_issue,Total:46 Passed:46 Failed:0
1650701122611,749,selenium_edit_issue:open_edit_issue_form,Success,True
1650701123407,523,selenium_edit_issue:save_edit_issue_form,Success,True
1650701123407,1545,selenium_edit_issue,Success,True
.test_1_selenium_edit_issue,Total:47 Passed:47 Failed:0
1650701123868,458,selenium_save_comment:open_comment_form,Success,True
1650701125370,1400,selenium_save_comment:submit_form,Success,True
1650701125370,1961,selenium_save_comment,Success,True
.test_1_selenium_save_comment,Total:48 Passed:48 Failed:0
1650701126564,1192,selenium_search_jql,Success,True
.test_1_selenium_search_jql,Total:49 Passed:49 Failed:0
1650701127739,1173,selenium_view_scrum_board_backlog,Success,True
.test_1_selenium_view_backlog_for_scrum_board,Total:50 Passed:50 Failed:0
1650701128499,758,selenium_view_scrum_board,Success,True
.test_1_selenium_view_scrum_board,Total:51 Passed:51 Failed:0
1650701129221,720,selenium_view_kanban_board,Success,True
.test_1_selenium_view_kanban_board,Total:52 Passed:52 Failed:0
1650701129562,339,selenium_view_dashboard,Success,True
.test_1_selenium_view_dashboard,Total:53 Passed:53 Failed:0
1650701130106,543,selenium_view_issue,Success,True
.test_1_selenium_view_issue,Total:54 Passed:54 Failed:0
1650701130465,356,selenium_project_summary,Success,True
.test_1_selenium_view_project_summary,Total:55 Passed:55 Failed:0
1650701130783,317,selenium_log_out,Success,True
.test_2_selenium_z_log_out,Total:56 Passed:56 Failed:0


=============================== warnings summary ===============================
../../root/.bzt/python-packages/3.9.5/_pytest/config/__init__.py:1114
  /root/.bzt/python-packages/3.9.5/_pytest/config/__init__.py:1114: PytestAssertRewriteWarning: Module already imported so cannot be rewritten: apiritif
    self._mark_plugins_for_rewrite(hook)

-- Docs: https://docs.pytest.org/en/stable/warnings.html
======================== 14 passed, 1 warning in 12.47s ========================
============================= test session starts ==============================
platform linux -- Python 3.9.5, pytest-6.2.5, py-1.11.0, pluggy-1.0.0
rootdir: /dc-app-performance-toolkit/app
plugins: forked-1.4.0, xdist-2.5.0, apiritif-1.0.0
collected 14 items

selenium_ui/jira_ui.py get driver from global
clear browser cookies
1650701130941,91,selenium_login:open_login_page,Success,True
node_id:SERVER
1650701132064,1122,selenium_login:login_and_view_dashboard,Success,True
1650701132064,1215,selenium_login,Success,True
.test_0_selenium_a_login,Total:57 Passed:57 Failed:0
1650701132335,208,selenium_browse_projects_list,Success,True
.test_1_selenium_browse_projects_list,Total:58 Passed:58 Failed:0
1650701132581,244,selenium_browse_boards_list,Success,True
.test_1_selenium_browse_boards_list,Total:59 Passed:59 Failed:0
1650701133237,638,selenium_create_issue:open_quick_create,Success,True
1650701134414,588,selenium_create_issue:fill_and_submit_issue_form:submit_issue_form,Success,True
1650701134414,1176,selenium_create_issue:fill_and_submit_issue_form,Success,True
1650701134414,1815,selenium_create_issue,Success,True
.test_1_selenium_create_issue,Total:60 Passed:60 Failed:0
1650701135078,648,selenium_edit_issue:open_edit_issue_form,Success,True
1650701135948,511,selenium_edit_issue:save_edit_issue_form,Success,True
1650701135948,1518,selenium_edit_issue,Success,True
.test_1_selenium_edit_issue,Total:61 Passed:61 Failed:0
1650701136328,377,selenium_save_comment:open_comment_form,Success,True
1650701138349,1926,selenium_save_comment:submit_form,Success,True
1650701138349,2398,selenium_save_comment,Success,True
.test_1_selenium_save_comment,Total:62 Passed:62 Failed:0
1650701139630,1279,selenium_search_jql,Success,True
.test_1_selenium_search_jql,Total:63 Passed:63 Failed:0
1650701140781,1149,selenium_view_scrum_board_backlog,Success,True
.test_1_selenium_view_backlog_for_scrum_board,Total:64 Passed:64 Failed:0
1650701141560,777,selenium_view_scrum_board,Success,True
.test_1_selenium_view_scrum_board,Total:65 Passed:65 Failed:0
1650701142511,949,selenium_view_kanban_board,Success,True
.test_1_selenium_view_kanban_board,Total:66 Passed:66 Failed:0
1650701143022,509,selenium_view_dashboard,Success,True
.test_1_selenium_view_dashboard,Total:67 Passed:67 Failed:0
1650701143581,557,selenium_view_issue,Success,True
.test_1_selenium_view_issue,Total:68 Passed:68 Failed:0
1650701143976,393,selenium_project_summary,Success,True
.test_1_selenium_view_project_summary,Total:69 Passed:69 Failed:0
1650701144267,290,selenium_log_out,Success,True
.test_2_selenium_z_log_out,Total:70 Passed:70 Failed:0


=============================== warnings summary ===============================
../../root/.bzt/python-packages/3.9.5/_pytest/config/__init__.py:1114
  /root/.bzt/python-packages/3.9.5/_pytest/config/__init__.py:1114: PytestAssertRewriteWarning: Module already imported so cannot be rewritten: apiritif
    self._mark_plugins_for_rewrite(hook)

-- Docs: https://docs.pytest.org/en/stable/warnings.html
======================== 14 passed, 1 warning in 13.43s ========================
============================= test session starts ==============================
platform linux -- Python 3.9.5, pytest-6.2.5, py-1.11.0, pluggy-1.0.0
rootdir: /dc-app-performance-toolkit/app
plugins: forked-1.4.0, xdist-2.5.0, apiritif-1.0.0
collected 14 items

selenium_ui/jira_ui.py get driver from global
clear browser cookies
1650701144460,102,selenium_login:open_login_page,Success,True
node_id:SERVER
1650701145557,1096,selenium_login:login_and_view_dashboard,Success,True
1650701145557,1199,selenium_login,Success,True
.test_0_selenium_a_login,Total:71 Passed:71 Failed:0
1650701145800,219,selenium_browse_projects_list,Success,True
.test_1_selenium_browse_projects_list,Total:72 Passed:72 Failed:0
1650701146042,241,selenium_browse_boards_list,Success,True
.test_1_selenium_browse_boards_list,Total:73 Passed:73 Failed:0
1650701146723,663,selenium_create_issue:open_quick_create,Success,True
1650701147793,592,selenium_create_issue:fill_and_submit_issue_form:submit_issue_form,Success,True
1650701147793,1070,selenium_create_issue:fill_and_submit_issue_form,Success,True
1650701147793,1734,selenium_create_issue,Success,True
.test_1_selenium_create_issue,Total:74 Passed:74 Failed:0
1650701148350,538,selenium_edit_issue:open_edit_issue_form,Success,True
1650701149831,526,selenium_edit_issue:save_edit_issue_form,Success,True
1650701149831,2019,selenium_edit_issue,Success,True
.test_1_selenium_edit_issue,Total:75 Passed:75 Failed:0
1650701150174,342,selenium_save_comment:open_comment_form,Success,True
1650701151246,975,selenium_save_comment:submit_form,Success,True
1650701151246,1413,selenium_save_comment,Success,True
.test_1_selenium_save_comment,Total:76 Passed:76 Failed:0
1650701152440,1192,selenium_search_jql,Success,True
.test_1_selenium_search_jql,Total:77 Passed:77 Failed:0
1650701153224,783,selenium_view_scrum_board_backlog,Success,True
.test_1_selenium_view_backlog_for_scrum_board,Total:78 Passed:78 Failed:0
1650701153978,752,selenium_view_scrum_board,Success,True
.test_1_selenium_view_scrum_board,Total:79 Passed:79 Failed:0
1650701154664,683,selenium_view_kanban_board,Success,True
.test_1_selenium_view_kanban_board,Total:80 Passed:80 Failed:0
1650701155114,448,selenium_view_dashboard,Success,True
.test_1_selenium_view_dashboard,Total:81 Passed:81 Failed:0
1650701155649,533,selenium_view_issue,Success,True
.test_1_selenium_view_issue,Total:82 Passed:82 Failed:0
1650701156005,354,selenium_project_summary,Success,True
.test_1_selenium_view_project_summary,Total:83 Passed:83 Failed:0
1650701156285,278,selenium_log_out,Success,True
.test_2_selenium_z_log_out,Total:84 Passed:84 Failed:0


=============================== warnings summary ===============================
../../root/.bzt/python-packages/3.9.5/_pytest/config/__init__.py:1114
  /root/.bzt/python-packages/3.9.5/_pytest/config/__init__.py:1114: PytestAssertRewriteWarning: Module already imported so cannot be rewritten: apiritif
    self._mark_plugins_for_rewrite(hook)

-- Docs: https://docs.pytest.org/en/stable/warnings.html
======================== 14 passed, 1 warning in 11.94s ========================
============================= test session starts ==============================
platform linux -- Python 3.9.5, pytest-6.2.5, py-1.11.0, pluggy-1.0.0
rootdir: /dc-app-performance-toolkit/app
plugins: forked-1.4.0, xdist-2.5.0, apiritif-1.0.0
collected 14 items

selenium_ui/jira_ui.py get driver from global
clear browser cookies
1650701156460,99,selenium_login:open_login_page,Success,True
node_id:SERVER
1650701156950,489,selenium_login:login_and_view_dashboard,Success,True
1650701156950,589,selenium_login,Success,True
.test_0_selenium_a_login,Total:85 Passed:85 Failed:0
1650701157208,238,selenium_browse_projects_list,Success,True
.test_1_selenium_browse_projects_list,Total:86 Passed:86 Failed:0
1650701157452,242,selenium_browse_boards_list,Success,True
.test_1_selenium_browse_boards_list,Total:87 Passed:87 Failed:0
1650701158104,633,selenium_create_issue:open_quick_create,Success,True
1650701159243,597,selenium_create_issue:fill_and_submit_issue_form:submit_issue_form,Success,True
1650701159243,1138,selenium_create_issue:fill_and_submit_issue_form,Success,True
1650701159243,1773,selenium_create_issue,Success,True
.test_1_selenium_create_issue,Total:88 Passed:88 Failed:0
1650701159911,650,selenium_edit_issue:open_edit_issue_form,Success,True
1650701160930,758,selenium_edit_issue:save_edit_issue_form,Success,True
1650701160931,1669,selenium_edit_issue,Success,True
.test_1_selenium_edit_issue,Total:89 Passed:89 Failed:0
1650701161256,323,selenium_save_comment:open_comment_form,Success,True
1650701162024,656,selenium_save_comment:submit_form,Success,True
1650701162024,1091,selenium_save_comment,Success,True
.test_1_selenium_save_comment,Total:90 Passed:90 Failed:0
1650701163171,1145,selenium_search_jql,Success,True
.test_1_selenium_search_jql,Total:91 Passed:91 Failed:0
1650701164336,1163,selenium_view_scrum_board_backlog,Success,True
.test_1_selenium_view_backlog_for_scrum_board,Total:92 Passed:92 Failed:0
1650701165126,788,selenium_view_scrum_board,Success,True
.test_1_selenium_view_scrum_board,Total:93 Passed:93 Failed:0
1650701166317,1189,selenium_view_kanban_board,Success,True
.test_1_selenium_view_kanban_board,Total:94 Passed:94 Failed:0
1650701166521,202,selenium_view_dashboard,Success,True
.test_1_selenium_view_dashboard,Total:95 Passed:95 Failed:0
1650701167064,541,selenium_view_issue,Success,True
.test_1_selenium_view_issue,Total:96 Passed:96 Failed:0
1650701167429,363,selenium_project_summary,Success,True
.test_1_selenium_view_project_summary,Total:97 Passed:97 Failed:0
1650701167723,292,selenium_log_out,Success,True
.test_2_selenium_z_log_out,Total:98 Passed:98 Failed:0


=============================== warnings summary ===============================
../../root/.bzt/python-packages/3.9.5/_pytest/config/__init__.py:1114
  /root/.bzt/python-packages/3.9.5/_pytest/config/__init__.py:1114: PytestAssertRewriteWarning: Module already imported so cannot be rewritten: apiritif
    self._mark_plugins_for_rewrite(hook)

-- Docs: https://docs.pytest.org/en/stable/warnings.html
======================== 14 passed, 1 warning in 11.38s ========================
============================= test session starts ==============================
platform linux -- Python 3.9.5, pytest-6.2.5, py-1.11.0, pluggy-1.0.0
rootdir: /dc-app-performance-toolkit/app
plugins: forked-1.4.0, xdist-2.5.0, apiritif-1.0.0
collected 14 items

selenium_ui/jira_ui.py get driver from global
clear browser cookies
1650701167895,105,selenium_login:open_login_page,Success,True
node_id:SERVER
1650701169011,1115,selenium_login:login_and_view_dashboard,Success,True
1650701169011,1220,selenium_login,Success,True
.test_0_selenium_a_login,Total:99 Passed:99 Failed:0
1650701169317,226,selenium_browse_projects_list,Success,True
.test_1_selenium_browse_projects_list,Total:100 Passed:100 Failed:0
1650701169544,225,selenium_browse_boards_list,Success,True
.test_1_selenium_browse_boards_list,Total:101 Passed:101 Failed:0
1650701170193,630,selenium_create_issue:open_quick_create,Success,True
1650701171283,593,selenium_create_issue:fill_and_submit_issue_form:submit_issue_form,Success,True
1650701171283,1089,selenium_create_issue:fill_and_submit_issue_form,Success,True
1650701171283,1720,selenium_create_issue,Success,True
.test_1_selenium_create_issue,Total:102 Passed:102 Failed:0
1650701171865,564,selenium_edit_issue:open_edit_issue_form,Success,True
1650701172894,705,selenium_edit_issue:save_edit_issue_form,Success,True
1650701172894,1593,selenium_edit_issue,Success,True
.test_1_selenium_edit_issue,Total:103 Passed:103 Failed:0
1650701173185,289,selenium_save_comment:open_comment_form,Success,True
1650701174141,859,selenium_save_comment:submit_form,Success,True
1650701174141,1245,selenium_save_comment,Success,True
.test_1_selenium_save_comment,Total:104 Passed:104 Failed:0
1650701175252,1109,selenium_search_jql,Success,True
.test_1_selenium_search_jql,Total:105 Passed:105 Failed:0
1650701176026,773,selenium_view_scrum_board_backlog,Success,True
.test_1_selenium_view_backlog_for_scrum_board,Total:106 Passed:106 Failed:0
1650701176985,957,selenium_view_scrum_board,Success,True
.test_1_selenium_view_scrum_board,Total:107 Passed:107 Failed:0
1650701177701,714,selenium_view_kanban_board,Success,True
.test_1_selenium_view_kanban_board,Total:108 Passed:108 Failed:0
1650701178237,534,selenium_view_dashboard,Success,True
.test_1_selenium_view_dashboard,Total:109 Passed:109 Failed:0
1650701178694,456,selenium_view_issue,Success,True
.test_1_selenium_view_issue,Total:110 Passed:110 Failed:0
1650701179108,412,selenium_project_summary,Success,True
.test_1_selenium_view_project_summary,Total:111 Passed:111 Failed:0
1650701179417,307,selenium_log_out,Success,True
.test_2_selenium_z_log_out,Total:112 Passed:112 Failed:0


=============================== warnings summary ===============================
../../root/.bzt/python-packages/3.9.5/_pytest/config/__init__.py:1114
  /root/.bzt/python-packages/3.9.5/_pytest/config/__init__.py:1114: PytestAssertRewriteWarning: Module already imported so cannot be rewritten: apiritif
    self._mark_plugins_for_rewrite(hook)

-- Docs: https://docs.pytest.org/en/stable/warnings.html
======================== 14 passed, 1 warning in 11.64s ========================
============================= test session starts ==============================
platform linux -- Python 3.9.5, pytest-6.2.5, py-1.11.0, pluggy-1.0.0
rootdir: /dc-app-performance-toolkit/app
plugins: forked-1.4.0, xdist-2.5.0, apiritif-1.0.0
collected 14 items

selenium_ui/jira_ui.py get driver from global
clear browser cookies
1650701179572,87,selenium_login:open_login_page,Success,True
node_id:SERVER
1650701180676,1103,selenium_login:login_and_view_dashboard,Success,True
1650701180676,1191,selenium_login,Success,True
.test_0_selenium_a_login,Total:113 Passed:113 Failed:0
1650701180939,229,selenium_browse_projects_list,Success,True
.test_1_selenium_browse_projects_list,Total:114 Passed:114 Failed:0
1650701181184,244,selenium_browse_boards_list,Success,True
.test_1_selenium_browse_boards_list,Total:115 Passed:115 Failed:0
1650701181840,637,selenium_create_issue:open_quick_create,Success,True
1650701183010,593,selenium_create_issue:fill_and_submit_issue_form:submit_issue_form,Success,True
1650701183010,1169,selenium_create_issue:fill_and_submit_issue_form,Success,True
1650701183010,1807,selenium_create_issue,Success,True
.test_1_selenium_create_issue,Total:116 Passed:116 Failed:0
1650701183734,703,selenium_edit_issue:open_edit_issue_form,Success,True
1650701184589,522,selenium_edit_issue:save_edit_issue_form,Success,True
1650701184589,1558,selenium_edit_issue,Success,True
.test_1_selenium_edit_issue,Total:117 Passed:117 Failed:0
1650701184883,292,selenium_save_comment:open_comment_form,Success,True
1650701186106,1043,selenium_save_comment:submit_form,Success,True
1650701186106,1515,selenium_save_comment,Success,True
.test_1_selenium_save_comment,Total:118 Passed:118 Failed:0
1650701187230,1122,selenium_search_jql,Success,True
.test_1_selenium_search_jql,Total:119 Passed:119 Failed:0
1650701188419,1187,selenium_view_scrum_board_backlog,Success,True
.test_1_selenium_view_backlog_for_scrum_board,Total:120 Passed:120 Failed:0
1650701189205,784,selenium_view_scrum_board,Success,True
.test_1_selenium_view_scrum_board,Total:121 Passed:121 Failed:0
1650701190293,1087,selenium_view_kanban_board,Success,True
.test_1_selenium_view_kanban_board,Total:122 Passed:122 Failed:0
1650701190646,351,selenium_view_dashboard,Success,True
.test_1_selenium_view_dashboard,Total:123 Passed:123 Failed:0
1650701191311,664,selenium_view_issue,Success,True
.test_1_selenium_view_issue,Total:124 Passed:124 Failed:0
1650701191652,339,selenium_project_summary,Success,True
.test_1_selenium_view_project_summary,Total:125 Passed:125 Failed:0
1650701191927,273,selenium_log_out,Success,True
.test_2_selenium_z_log_out,Total:126 Passed:126 Failed:0


=============================== warnings summary ===============================
../../root/.bzt/python-packages/3.9.5/_pytest/config/__init__.py:1114
  /root/.bzt/python-packages/3.9.5/_pytest/config/__init__.py:1114: PytestAssertRewriteWarning: Module already imported so cannot be rewritten: apiritif
    self._mark_plugins_for_rewrite(hook)

-- Docs: https://docs.pytest.org/en/stable/warnings.html
======================== 14 passed, 1 warning in 12.46s ========================
============================= test session starts ==============================
platform linux -- Python 3.9.5, pytest-6.2.5, py-1.11.0, pluggy-1.0.0
rootdir: /dc-app-performance-toolkit/app
plugins: forked-1.4.0, xdist-2.5.0, apiritif-1.0.0
collected 14 items

selenium_ui/jira_ui.py get driver from global
clear browser cookies
1650701192095,101,selenium_login:open_login_page,Success,True
node_id:SERVER
1650701193189,1093,selenium_login:login_and_view_dashboard,Success,True
1650701193189,1195,selenium_login,Success,True
.test_0_selenium_a_login,Total:127 Passed:127 Failed:0
1650701193437,221,selenium_browse_projects_list,Success,True
.test_1_selenium_browse_projects_list,Total:128 Passed:128 Failed:0
1650701193674,236,selenium_browse_boards_list,Success,True
.test_1_selenium_browse_boards_list,Total:129 Passed:129 Failed:0
1650701194335,642,selenium_create_issue:open_quick_create,Success,True
1650701195427,587,selenium_create_issue:fill_and_submit_issue_form:submit_issue_form,Success,True
1650701195427,1092,selenium_create_issue:fill_and_submit_issue_form,Success,True
1650701195428,1734,selenium_create_issue,Success,True
.test_1_selenium_create_issue,Total:130 Passed:130 Failed:0
1650701196021,575,selenium_edit_issue:open_edit_issue_form,Success,True
1650701196881,531,selenium_edit_issue:save_edit_issue_form,Success,True
1650701196881,1435,selenium_edit_issue,Success,True
.test_1_selenium_edit_issue,Total:131 Passed:131 Failed:0
1650701197345,463,selenium_save_comment:open_comment_form,Success,True
1650701198440,994,selenium_save_comment:submit_form,Success,True
1650701198440,1557,selenium_save_comment,Success,True
.test_1_selenium_save_comment,Total:132 Passed:132 Failed:0
1650701199660,1218,selenium_search_jql,Success,True
.test_1_selenium_search_jql,Total:133 Passed:133 Failed:0
1650701200802,1140,selenium_view_scrum_board_backlog,Success,True
.test_1_selenium_view_backlog_for_scrum_board,Total:134 Passed:134 Failed:0
1650701201599,796,selenium_view_scrum_board,Success,True
.test_1_selenium_view_scrum_board,Total:135 Passed:135 Failed:0
1650701202720,1119,selenium_view_kanban_board,Success,True
.test_1_selenium_view_kanban_board,Total:136 Passed:136 Failed:0
1650701203270,548,selenium_view_dashboard,Success,True
.test_1_selenium_view_dashboard,Total:137 Passed:137 Failed:0
1650701203779,506,selenium_view_issue,Success,True
.test_1_selenium_view_issue,Total:138 Passed:138 Failed:0
1650701204118,336,selenium_project_summary,Success,True
.test_1_selenium_view_project_summary,Total:139 Passed:139 Failed:0
1650701204493,373,selenium_log_out,Success,True
.test_2_selenium_z_log_out,Total:140 Passed:140 Failed:0


=============================== warnings summary ===============================
../../root/.bzt/python-packages/3.9.5/_pytest/config/__init__.py:1114
  /root/.bzt/python-packages/3.9.5/_pytest/config/__init__.py:1114: PytestAssertRewriteWarning: Module already imported so cannot be rewritten: apiritif
    self._mark_plugins_for_rewrite(hook)

-- Docs: https://docs.pytest.org/en/stable/warnings.html
======================== 14 passed, 1 warning in 12.51s ========================
============================= test session starts ==============================
platform linux -- Python 3.9.5, pytest-6.2.5, py-1.11.0, pluggy-1.0.0
rootdir: /dc-app-performance-toolkit/app
plugins: forked-1.4.0, xdist-2.5.0, apiritif-1.0.0
collected 14 items

selenium_ui/jira_ui.py get driver from global
clear browser cookies
1650701204657,98,selenium_login:open_login_page,Success,True
node_id:SERVER
1650701205741,1084,selenium_login:login_and_view_dashboard,Success,True
1650701205741,1182,selenium_login,Success,True
.test_0_selenium_a_login,Total:141 Passed:141 Failed:0
1650701205998,226,selenium_browse_projects_list,Success,True
.test_1_selenium_browse_projects_list,Total:142 Passed:142 Failed:0
1650701206254,254,selenium_browse_boards_list,Success,True
.test_1_selenium_browse_boards_list,Total:143 Passed:143 Failed:0
1650701206915,641,selenium_create_issue:open_quick_create,Success,True
1650701208047,589,selenium_create_issue:fill_and_submit_issue_form:submit_issue_form,Success,True
1650701208047,1132,selenium_create_issue:fill_and_submit_issue_form,Success,True
1650701208048,1774,selenium_create_issue,Success,True
.test_1_selenium_create_issue,Total:144 Passed:144 Failed:0
1650701208608,542,selenium_edit_issue:open_edit_issue_form,Success,True
1650701209727,666,selenium_edit_issue:save_edit_issue_form,Success,True
1650701209727,1661,selenium_edit_issue,Success,True
.test_1_selenium_edit_issue,Total:145 Passed:145 Failed:0
1650701210010,281,selenium_save_comment:open_comment_form,Success,True
1650701211192,1094,selenium_save_comment:submit_form,Success,True
1650701211192,1463,selenium_save_comment,Success,True
.test_1_selenium_save_comment,Total:146 Passed:146 Failed:0
1650701212382,1188,selenium_search_jql,Success,True
.test_1_selenium_search_jql,Total:147 Passed:147 Failed:0
1650701213514,1130,selenium_view_scrum_board_backlog,Success,True
.test_1_selenium_view_backlog_for_scrum_board,Total:148 Passed:148 Failed:0
1650701214321,806,selenium_view_scrum_board,Success,True
.test_1_selenium_view_scrum_board,Total:149 Passed:149 Failed:0
1650701214982,658,selenium_view_kanban_board,Success,True
.test_1_selenium_view_kanban_board,Total:150 Passed:150 Failed:0
1650701215342,358,selenium_view_dashboard,Success,True
.test_1_selenium_view_dashboard,Total:151 Passed:151 Failed:0
1650701215885,541,selenium_view_issue,Success,True
.test_1_selenium_view_issue,Total:152 Passed:152 Failed:0
1650701216375,488,selenium_project_summary,Success,True
.test_1_selenium_view_project_summary,Total:153 Passed:153 Failed:0
1650701216730,353,selenium_log_out,Success,True
.test_2_selenium_z_log_out,Total:154 Passed:154 Failed:0


=============================== warnings summary ===============================
../../root/.bzt/python-packages/3.9.5/_pytest/config/__init__.py:1114
  /root/.bzt/python-packages/3.9.5/_pytest/config/__init__.py:1114: PytestAssertRewriteWarning: Module already imported so cannot be rewritten: apiritif
    self._mark_plugins_for_rewrite(hook)

-- Docs: https://docs.pytest.org/en/stable/warnings.html
======================== 14 passed, 1 warning in 12.19s ========================
============================= test session starts ==============================
platform linux -- Python 3.9.5, pytest-6.2.5, py-1.11.0, pluggy-1.0.0
rootdir: /dc-app-performance-toolkit/app
plugins: forked-1.4.0, xdist-2.5.0, apiritif-1.0.0
collected 14 items

selenium_ui/jira_ui.py get driver from global
clear browser cookies
1650701216896,98,selenium_login:open_login_page,Success,True
node_id:SERVER
1650701218047,1150,selenium_login:login_and_view_dashboard,Success,True
1650701218047,1249,selenium_login,Success,True
.test_0_selenium_a_login,Total:155 Passed:155 Failed:0
1650701218284,209,selenium_browse_projects_list,Success,True
.test_1_selenium_browse_projects_list,Total:156 Passed:156 Failed:0
1650701218519,233,selenium_browse_boards_list,Success,True
.test_1_selenium_browse_boards_list,Total:157 Passed:157 Failed:0
1650701219173,635,selenium_create_issue:open_quick_create,Success,True
1650701220299,588,selenium_create_issue:fill_and_submit_issue_form:submit_issue_form,Success,True
1650701220299,1125,selenium_create_issue:fill_and_submit_issue_form,Success,True
1650701220299,1761,selenium_create_issue,Success,True
.test_1_selenium_create_issue,Total:158 Passed:158 Failed:0
1650701220971,652,selenium_edit_issue:open_edit_issue_form,Success,True
1650701222019,754,selenium_edit_issue:save_edit_issue_form,Success,True
1650701222019,1701,selenium_edit_issue,Success,True
.test_1_selenium_edit_issue,Total:159 Passed:159 Failed:0
1650701222333,312,selenium_save_comment:open_comment_form,Success,True
1650701223106,672,selenium_save_comment:submit_form,Success,True
1650701223106,1085,selenium_save_comment,Success,True
.test_1_selenium_save_comment,Total:160 Passed:160 Failed:0
1650701224255,1147,selenium_search_jql,Success,True
.test_1_selenium_search_jql,Total:161 Passed:161 Failed:0
1650701225467,1210,selenium_view_scrum_board_backlog,Success,True
.test_1_selenium_view_backlog_for_scrum_board,Total:162 Passed:162 Failed:0
1650701226300,831,selenium_view_scrum_board,Success,True
.test_1_selenium_view_scrum_board,Total:163 Passed:163 Failed:0
1650701227293,992,selenium_view_kanban_board,Success,True
.test_1_selenium_view_kanban_board,Total:164 Passed:164 Failed:0
1650701227735,440,selenium_view_dashboard,Success,True
.test_1_selenium_view_dashboard,Total:165 Passed:165 Failed:0
1650701228278,542,selenium_view_issue,Success,True
.test_1_selenium_view_issue,Total:166 Passed:166 Failed:0
1650701228813,533,selenium_project_summary,Success,True
.test_1_selenium_view_project_summary,Total:167 Passed:167 Failed:0
1650701229067,252,selenium_log_out,Success,True
.test_2_selenium_z_log_out,Total:168 Passed:168 Failed:0


=============================== warnings summary ===============================
../../root/.bzt/python-packages/3.9.5/_pytest/config/__init__.py:1114
  /root/.bzt/python-packages/3.9.5/_pytest/config/__init__.py:1114: PytestAssertRewriteWarning: Module already imported so cannot be rewritten: apiritif
    self._mark_plugins_for_rewrite(hook)

-- Docs: https://docs.pytest.org/en/stable/warnings.html
======================== 14 passed, 1 warning in 12.28s ========================
============================= test session starts ==============================
platform linux -- Python 3.9.5, pytest-6.2.5, py-1.11.0, pluggy-1.0.0
rootdir: /dc-app-performance-toolkit/app
plugins: forked-1.4.0, xdist-2.5.0, apiritif-1.0.0
collected 14 items

selenium_ui/jira_ui.py get driver from global
clear browser cookies
1650701229227,93,selenium_login:open_login_page,Success,True
node_id:SERVER
1650701230318,1091,selenium_login:login_and_view_dashboard,Success,True
1650701230318,1185,selenium_login,Success,True
.test_0_selenium_a_login,Total:169 Passed:169 Failed:0
1650701230542,194,selenium_browse_projects_list,Success,True
.test_1_selenium_browse_projects_list,Total:170 Passed:170 Failed:0
1650701230783,239,selenium_browse_boards_list,Success,True
.test_1_selenium_browse_boards_list,Total:171 Passed:171 Failed:0
1650701231456,654,selenium_create_issue:open_quick_create,Success,True
1650701232529,591,selenium_create_issue:fill_and_submit_issue_form:submit_issue_form,Success,True
1650701232529,1072,selenium_create_issue:fill_and_submit_issue_form,Success,True
1650701232529,1727,selenium_create_issue,Success,True
.test_1_selenium_create_issue,Total:172 Passed:172 Failed:0
1650701233134,585,selenium_edit_issue:open_edit_issue_form,Success,True
1650701234009,545,selenium_edit_issue:save_edit_issue_form,Success,True
1650701234009,1461,selenium_edit_issue,Success,True
.test_1_selenium_edit_issue,Total:173 Passed:173 Failed:0
1650701234466,454,selenium_save_comment:open_comment_form,Success,True
1650701235378,811,selenium_save_comment:submit_form,Success,True
1650701235378,1367,selenium_save_comment,Success,True
.test_1_selenium_save_comment,Total:174 Passed:174 Failed:0
1650701236583,1203,selenium_search_jql,Success,True
.test_1_selenium_search_jql,Total:175 Passed:175 Failed:0
1650701237362,777,selenium_view_scrum_board_backlog,Success,True
.test_1_selenium_view_backlog_for_scrum_board,Total:176 Passed:176 Failed:0
1650701238124,760,selenium_view_scrum_board,Success,True
.test_1_selenium_view_scrum_board,Total:177 Passed:177 Failed:0
1650701238843,718,selenium_view_kanban_board,Success,True
.test_1_selenium_view_kanban_board,Total:178 Passed:178 Failed:0
1650701239331,486,selenium_view_dashboard,Success,True
.test_1_selenium_view_dashboard,Total:179 Passed:179 Failed:0
1650701239904,571,selenium_view_issue,Success,True
.test_1_selenium_view_issue,Total:180 Passed:180 Failed:0
1650701240265,359,selenium_project_summary,Success,True
.test_1_selenium_view_project_summary,Total:181 Passed:181 Failed:0
1650701240575,308,selenium_log_out,Success,True
.test_2_selenium_z_log_out,Total:182 Passed:182 Failed:0


=============================== warnings summary ===============================
../../root/.bzt/python-packages/3.9.5/_pytest/config/__init__.py:1114
  /root/.bzt/python-packages/3.9.5/_pytest/config/__init__.py:1114: PytestAssertRewriteWarning: Module already imported so cannot be rewritten: apiritif
    self._mark_plugins_for_rewrite(hook)

-- Docs: https://docs.pytest.org/en/stable/warnings.html
======================== 14 passed, 1 warning in 11.46s ========================
============================= test session starts ==============================
platform linux -- Python 3.9.5, pytest-6.2.5, py-1.11.0, pluggy-1.0.0
rootdir: /dc-app-performance-toolkit/app
plugins: forked-1.4.0, xdist-2.5.0, apiritif-1.0.0
collected 14 items

selenium_ui/jira_ui.py get driver from global
clear browser cookies
1650701240762,96,selenium_login:open_login_page,Success,True
node_id:SERVER
1650701241824,1061,selenium_login:login_and_view_dashboard,Success,True
1650701241824,1158,selenium_login,Success,True
.test_0_selenium_a_login,Total:183 Passed:183 Failed:0
1650701242063,213,selenium_browse_projects_list,Success,True
.test_1_selenium_browse_projects_list,Total:184 Passed:184 Failed:0
1650701242298,232,selenium_browse_boards_list,Success,True
.test_1_selenium_browse_boards_list,Total:185 Passed:185 Failed:0
1650701242954,637,selenium_create_issue:open_quick_create,Success,True
1650701244104,593,selenium_create_issue:fill_and_submit_issue_form:submit_issue_form,Success,True
1650701244104,1150,selenium_create_issue:fill_and_submit_issue_form,Success,True
1650701244104,1787,selenium_create_issue,Success,True
.test_1_selenium_create_issue,Total:186 Passed:186 Failed:0
1650701244750,626,selenium_edit_issue:open_edit_issue_form,Success,True
1650701245699,665,selenium_edit_issue:save_edit_issue_form,Success,True
1650701245699,1575,selenium_edit_issue,Success,True
.test_1_selenium_edit_issue,Total:187 Passed:187 Failed:0
1650701245998,297,selenium_save_comment:open_comment_form,Success,True
1650701246742,636,selenium_save_comment:submit_form,Success,True
1650701246742,1041,selenium_save_comment,Success,True
.test_1_selenium_save_comment,Total:188 Passed:188 Failed:0
1650701247909,1165,selenium_search_jql,Success,True
.test_1_selenium_search_jql,Total:189 Passed:189 Failed:0
1650701248799,888,selenium_view_scrum_board_backlog,Success,True
.test_1_selenium_view_backlog_for_scrum_board,Total:190 Passed:190 Failed:0
1650701249683,882,selenium_view_scrum_board,Success,True
.test_1_selenium_view_scrum_board,Total:191 Passed:191 Failed:0
1650701250239,554,selenium_view_kanban_board,Success,True
.test_1_selenium_view_kanban_board,Total:192 Passed:192 Failed:0
1650701250593,352,selenium_view_dashboard,Success,True
.test_1_selenium_view_dashboard,Total:193 Passed:193 Failed:0
1650701251049,455,selenium_view_issue,Success,True
.test_1_selenium_view_issue,Total:194 Passed:194 Failed:0
1650701251545,494,selenium_project_summary,Success,True
.test_1_selenium_view_project_summary,Total:195 Passed:195 Failed:0
1650701251798,252,selenium_log_out,Success,True
.test_2_selenium_z_log_out,Total:196 Passed:196 Failed:0


=============================== warnings summary ===============================
../../root/.bzt/python-packages/3.9.5/_pytest/config/__init__.py:1114
  /root/.bzt/python-packages/3.9.5/_pytest/config/__init__.py:1114: PytestAssertRewriteWarning: Module already imported so cannot be rewritten: apiritif
    self._mark_plugins_for_rewrite(hook)

-- Docs: https://docs.pytest.org/en/stable/warnings.html
======================== 14 passed, 1 warning in 11.15s ========================
============================= test session starts ==============================
platform linux -- Python 3.9.5, pytest-6.2.5, py-1.11.0, pluggy-1.0.0
rootdir: /dc-app-performance-toolkit/app
plugins: forked-1.4.0, xdist-2.5.0, apiritif-1.0.0
collected 14 items

selenium_ui/jira_ui.py get driver from global
clear browser cookies
1650701251953,88,selenium_login:open_login_page,Success,True
node_id:SERVER
1650701252992,1039,selenium_login:login_and_view_dashboard,Success,True
1650701252992,1127,selenium_login,Success,True
.test_0_selenium_a_login,Total:197 Passed:197 Failed:0
1650701253322,218,selenium_browse_projects_list,Success,True
.test_1_selenium_browse_projects_list,Total:198 Passed:198 Failed:0
1650701253565,241,selenium_browse_boards_list,Success,True
.test_1_selenium_browse_boards_list,Total:199 Passed:199 Failed:0
1650701254215,629,selenium_create_issue:open_quick_create,Success,True
1650701255329,590,selenium_create_issue:fill_and_submit_issue_form:submit_issue_form,Success,True
1650701255329,1114,selenium_create_issue:fill_and_submit_issue_form,Success,True
1650701255329,1744,selenium_create_issue,Success,True
.test_1_selenium_create_issue,Total:200 Passed:200 Failed:0
1650701255975,627,selenium_edit_issue:open_edit_issue_form,Success,True
1650701256742,509,selenium_edit_issue:save_edit_issue_form,Success,True
1650701256742,1394,selenium_edit_issue,Success,True
.test_1_selenium_edit_issue,Total:201 Passed:201 Failed:0
1650701257204,460,selenium_save_comment:open_comment_form,Success,True
1650701257960,649,selenium_save_comment:submit_form,Success,True
1650701257961,1217,selenium_save_comment,Success,True
.test_1_selenium_save_comment,Total:202 Passed:202 Failed:0
1650701259121,1158,selenium_search_jql,Success,True
.test_1_selenium_search_jql,Total:203 Passed:203 Failed:0
1650701260011,888,selenium_view_scrum_board_backlog,Success,True
.test_1_selenium_view_backlog_for_scrum_board,Total:204 Passed:204 Failed:0
1650701260850,838,selenium_view_scrum_board,Success,True
.test_1_selenium_view_scrum_board,Total:205 Passed:205 Failed:0
1650701261658,804,selenium_view_kanban_board,Success,True
.test_1_selenium_view_kanban_board,Total:206 Passed:206 Failed:0
1650701261858,198,selenium_view_dashboard,Success,True
.test_1_selenium_view_dashboard,Total:207 Passed:207 Failed:0
1650701262426,566,selenium_view_issue,Success,True
.test_1_selenium_view_issue,Total:208 Passed:208 Failed:0
1650701262823,395,selenium_project_summary,Success,True
.test_1_selenium_view_project_summary,Total:209 Passed:209 Failed:0
1650701263117,292,selenium_log_out,Success,True
.test_2_selenium_z_log_out,Total:210 Passed:210 Failed:0


=============================== warnings summary ===============================
../../root/.bzt/python-packages/3.9.5/_pytest/config/__init__.py:1114
  /root/.bzt/python-packages/3.9.5/_pytest/config/__init__.py:1114: PytestAssertRewriteWarning: Module already imported so cannot be rewritten: apiritif
    self._mark_plugins_for_rewrite(hook)

-- Docs: https://docs.pytest.org/en/stable/warnings.html
======================== 14 passed, 1 warning in 11.27s ========================
============================= test session starts ==============================
platform linux -- Python 3.9.5, pytest-6.2.5, py-1.11.0, pluggy-1.0.0
rootdir: /dc-app-performance-toolkit/app
plugins: forked-1.4.0, xdist-2.5.0, apiritif-1.0.0
collected 14 items

selenium_ui/jira_ui.py get driver from global
clear browser cookies
1650701263284,97,selenium_login:open_login_page,Success,True
node_id:SERVER
1650701264339,1054,selenium_login:login_and_view_dashboard,Success,True
1650701264339,1152,selenium_login,Success,True
.test_0_selenium_a_login,Total:211 Passed:211 Failed:0
1650701264575,209,selenium_browse_projects_list,Success,True
.test_1_selenium_browse_projects_list,Total:212 Passed:212 Failed:0
1650701264818,241,selenium_browse_boards_list,Success,True
.test_1_selenium_browse_boards_list,Total:213 Passed:213 Failed:0
1650701265474,636,selenium_create_issue:open_quick_create,Success,True
1650701266564,603,selenium_create_issue:fill_and_submit_issue_form:submit_issue_form,Success,True
1650701266564,1089,selenium_create_issue:fill_and_submit_issue_form,Success,True
1650701266564,1726,selenium_create_issue,Success,True
.test_1_selenium_create_issue,Total:214 Passed:214 Failed:0
1650701267230,645,selenium_edit_issue:open_edit_issue_form,Success,True
1650701267941,470,selenium_edit_issue:save_edit_issue_form,Success,True
1650701267941,1356,selenium_edit_issue,Success,True
.test_1_selenium_edit_issue,Total:215 Passed:215 Failed:0
1650701268330,386,selenium_save_comment:open_comment_form,Success,True
1650701269197,765,selenium_save_comment:submit_form,Success,True
1650701269197,1254,selenium_save_comment,Success,True
.test_1_selenium_save_comment,Total:216 Passed:216 Failed:0
1650701270314,1115,selenium_search_jql,Success,True
.test_1_selenium_search_jql,Total:217 Passed:217 Failed:0
1650701271191,876,selenium_view_scrum_board_backlog,Success,True
.test_1_selenium_view_backlog_for_scrum_board,Total:218 Passed:218 Failed:0
1650701272077,884,selenium_view_scrum_board,Success,True
.test_1_selenium_view_scrum_board,Total:219 Passed:219 Failed:0
1650701273079,1000,selenium_view_kanban_board,Success,True
.test_1_selenium_view_kanban_board,Total:220 Passed:220 Failed:0
1650701273505,424,selenium_view_dashboard,Success,True
.test_1_selenium_view_dashboard,Total:221 Passed:221 Failed:0
1650701274077,570,selenium_view_issue,Success,True
.test_1_selenium_view_issue,Total:222 Passed:222 Failed:0
1650701274461,383,selenium_project_summary,Success,True
.test_1_selenium_view_project_summary,Total:223 Passed:223 Failed:0
1650701274749,285,selenium_log_out,Success,True
.test_2_selenium_z_log_out,Total:224 Passed:224 Failed:0


=============================== warnings summary ===============================
../../root/.bzt/python-packages/3.9.5/_pytest/config/__init__.py:1114
  /root/.bzt/python-packages/3.9.5/_pytest/config/__init__.py:1114: PytestAssertRewriteWarning: Module already imported so cannot be rewritten: apiritif
    self._mark_plugins_for_rewrite(hook)

-- Docs: https://docs.pytest.org/en/stable/warnings.html
======================== 14 passed, 1 warning in 11.58s ========================
============================= test session starts ==============================
platform linux -- Python 3.9.5, pytest-6.2.5, py-1.11.0, pluggy-1.0.0
rootdir: /dc-app-performance-toolkit/app
plugins: forked-1.4.0, xdist-2.5.0, apiritif-1.0.0
collected 14 items

selenium_ui/jira_ui.py get driver from global
clear browser cookies
1650701274909,92,selenium_login:open_login_page,Success,True
node_id:SERVER
1650701276011,1101,selenium_login:login_and_view_dashboard,Success,True
1650701276012,1194,selenium_login,Success,True
.test_0_selenium_a_login,Total:225 Passed:225 Failed:0
1650701276255,217,selenium_browse_projects_list,Success,True
.test_1_selenium_browse_projects_list,Total:226 Passed:226 Failed:0
1650701276511,254,selenium_browse_boards_list,Success,True
.test_1_selenium_browse_boards_list,Total:227 Passed:227 Failed:0
1650701277180,647,selenium_create_issue:open_quick_create,Success,True
1650701278265,588,selenium_create_issue:fill_and_submit_issue_form:submit_issue_form,Success,True
1650701278265,1085,selenium_create_issue:fill_and_submit_issue_form,Success,True
1650701278265,1733,selenium_create_issue,Success,True
.test_1_selenium_create_issue,Total:228 Passed:228 Failed:0
1650701278843,557,selenium_edit_issue:open_edit_issue_form,Success,True
1650701279757,492,selenium_edit_issue:save_edit_issue_form,Success,True
1650701279757,1471,selenium_edit_issue,Success,True
.test_1_selenium_edit_issue,Total:229 Passed:229 Failed:0
1650701280152,393,selenium_save_comment:open_comment_form,Success,True
1650701281022,771,selenium_save_comment:submit_form,Success,True
1650701281022,1263,selenium_save_comment,Success,True
.test_1_selenium_save_comment,Total:230 Passed:230 Failed:0
1650701282271,1248,selenium_search_jql,Success,True
.test_1_selenium_search_jql,Total:231 Passed:231 Failed:0
1650701283247,973,selenium_view_scrum_board_backlog,Success,True
.test_1_selenium_view_backlog_for_scrum_board,Total:232 Passed:232 Failed:0
1650701284008,760,selenium_view_scrum_board,Success,True
.test_1_selenium_view_scrum_board,Total:233 Passed:233 Failed:0
1650701284888,878,selenium_view_kanban_board,Success,True
.test_1_selenium_view_kanban_board,Total:234 Passed:234 Failed:0
1650701285496,606,selenium_view_dashboard,Success,True
.test_1_selenium_view_dashboard,Total:235 Passed:235 Failed:0
1650701286030,532,selenium_view_issue,Success,True
.test_1_selenium_view_issue,Total:236 Passed:236 Failed:0
1650701286384,352,selenium_project_summary,Success,True
.test_1_selenium_view_project_summary,Total:237 Passed:237 Failed:0
1650701286703,317,selenium_log_out,Success,True
.test_2_selenium_z_log_out,Total:238 Passed:238 Failed:0


=============================== warnings summary ===============================
../../root/.bzt/python-packages/3.9.5/_pytest/config/__init__.py:1114
  /root/.bzt/python-packages/3.9.5/_pytest/config/__init__.py:1114: PytestAssertRewriteWarning: Module already imported so cannot be rewritten: apiritif
    self._mark_plugins_for_rewrite(hook)

-- Docs: https://docs.pytest.org/en/stable/warnings.html
======================== 14 passed, 1 warning in 11.90s ========================
============================= test session starts ==============================
platform linux -- Python 3.9.5, pytest-6.2.5, py-1.11.0, pluggy-1.0.0
rootdir: /dc-app-performance-toolkit/app
plugins: forked-1.4.0, xdist-2.5.0, apiritif-1.0.0
collected 14 items

selenium_ui/jira_ui.py get driver from global
clear browser cookies
1650701286878,102,selenium_login:open_login_page,Success,True
node_id:SERVER
1650701287961,1082,selenium_login:login_and_view_dashboard,Success,True
1650701287961,1186,selenium_login,Success,True
.test_0_selenium_a_login,Total:239 Passed:239 Failed:0
1650701288200,211,selenium_browse_projects_list,Success,True
.test_1_selenium_browse_projects_list,Total:240 Passed:240 Failed:0
1650701288434,232,selenium_browse_boards_list,Success,True
.test_1_selenium_browse_boards_list,Total:241 Passed:241 Failed:0
1650701289109,654,selenium_create_issue:open_quick_create,Success,True
1650701290166,590,selenium_create_issue:fill_and_submit_issue_form:submit_issue_form,Success,True
1650701290167,1057,selenium_create_issue:fill_and_submit_issue_form,Success,True
1650701290167,1712,selenium_create_issue,Success,True
.test_1_selenium_create_issue,Total:242 Passed:242 Failed:0
1650701290820,633,selenium_edit_issue:open_edit_issue_form,Success,True
1650701291630,537,selenium_edit_issue:save_edit_issue_form,Success,True
1650701291630,1443,selenium_edit_issue,Success,True
.test_1_selenium_edit_issue,Total:243 Passed:243 Failed:0
1650701292084,452,selenium_save_comment:open_comment_form,Success,True
1650701292817,635,selenium_save_comment:submit_form,Success,True
1650701292817,1185,selenium_save_comment,Success,True
.test_1_selenium_save_comment,Total:244 Passed:244 Failed:0
1650701294092,1273,selenium_search_jql,Success,True
.test_1_selenium_search_jql,Total:245 Passed:245 Failed:0
1650701295085,991,selenium_view_scrum_board_backlog,Success,True
.test_1_selenium_view_backlog_for_scrum_board,Total:246 Passed:246 Failed:0
1650701295876,789,selenium_view_scrum_board,Success,True
.test_1_selenium_view_scrum_board,Total:247 Passed:247 Failed:0
1650701296215,336,selenium_view_kanban_board,Success,True
.test_1_selenium_view_kanban_board,Total:248 Passed:248 Failed:0
1650701296448,231,selenium_view_dashboard,Success,True
.test_1_selenium_view_dashboard,Total:249 Passed:249 Failed:0
1650701296963,512,selenium_view_issue,Success,True
.test_1_selenium_view_issue,Total:250 Passed:250 Failed:0
1650701297443,477,selenium_project_summary,Success,True
.test_1_selenium_view_project_summary,Total:251 Passed:251 Failed:0
1650701297711,266,selenium_log_out,Success,True
.test_2_selenium_z_log_out,Total:252 Passed:252 Failed:0


=============================== warnings summary ===============================
../../root/.bzt/python-packages/3.9.5/_pytest/config/__init__.py:1114
  /root/.bzt/python-packages/3.9.5/_pytest/config/__init__.py:1114: PytestAssertRewriteWarning: Module already imported so cannot be rewritten: apiritif
    self._mark_plugins_for_rewrite(hook)

-- Docs: https://docs.pytest.org/en/stable/warnings.html
======================== 14 passed, 1 warning in 10.95s ========================
============================= test session starts ==============================
platform linux -- Python 3.9.5, pytest-6.2.5, py-1.11.0, pluggy-1.0.0
rootdir: /dc-app-performance-toolkit/app
plugins: forked-1.4.0, xdist-2.5.0, apiritif-1.0.0
collected 14 items

selenium_ui/jira_ui.py get driver from global
clear browser cookies
1650701297876,95,selenium_login:open_login_page,Success,True
node_id:SERVER
1650701298381,504,selenium_login:login_and_view_dashboard,Success,True
1650701298381,600,selenium_login,Success,True
.test_0_selenium_a_login,Total:253 Passed:253 Failed:0
1650701298656,252,selenium_browse_projects_list,Success,True
.test_1_selenium_browse_projects_list,Total:254 Passed:254 Failed:0
1650701298897,239,selenium_browse_boards_list,Success,True
.test_1_selenium_browse_boards_list,Total:255 Passed:255 Failed:0
1650701299591,673,selenium_create_issue:open_quick_create,Success,True
1650701300682,593,selenium_create_issue:fill_and_submit_issue_form:submit_issue_form,Success,True
1650701300682,1090,selenium_create_issue:fill_and_submit_issue_form,Success,True
1650701300682,1764,selenium_create_issue,Success,True
.test_1_selenium_create_issue,Total:256 Passed:256 Failed:0
1650701301515,812,selenium_edit_issue:open_edit_issue_form,Success,True
1650701302310,545,selenium_edit_issue:save_edit_issue_form,Success,True
1650701302310,1607,selenium_edit_issue,Success,True
.test_1_selenium_edit_issue,Total:257 Passed:257 Failed:0
1650701302760,448,selenium_save_comment:open_comment_form,Success,True
1650701303513,654,selenium_save_comment:submit_form,Success,True
1650701303513,1201,selenium_save_comment,Success,True
.test_1_selenium_save_comment,Total:258 Passed:258 Failed:0
1650701304626,1111,selenium_search_jql,Success,True
.test_1_selenium_search_jql,Total:259 Passed:259 Failed:0
1650701305516,888,selenium_view_scrum_board_backlog,Success,True
.test_1_selenium_view_backlog_for_scrum_board,Total:260 Passed:260 Failed:0
1650701305910,392,selenium_view_scrum_board,Success,True
.test_1_selenium_view_scrum_board,Total:261 Passed:261 Failed:0
1650701306485,574,selenium_view_kanban_board,Success,True
.test_1_selenium_view_kanban_board,Total:262 Passed:262 Failed:0
1650701306949,462,selenium_view_dashboard,Success,True
.test_1_selenium_view_dashboard,Total:263 Passed:263 Failed:0
1650701307517,566,selenium_view_issue,Success,True
.test_1_selenium_view_issue,Total:264 Passed:264 Failed:0
1650701307895,376,selenium_project_summary,Success,True
.test_1_selenium_view_project_summary,Total:265 Passed:265 Failed:0
1650701308185,289,selenium_log_out,Success,True
.test_2_selenium_z_log_out,Total:266 Passed:266 Failed:0


=============================== warnings summary ===============================
../../root/.bzt/python-packages/3.9.5/_pytest/config/__init__.py:1114
  /root/.bzt/python-packages/3.9.5/_pytest/config/__init__.py:1114: PytestAssertRewriteWarning: Module already imported so cannot be rewritten: apiritif
    self._mark_plugins_for_rewrite(hook)

-- Docs: https://docs.pytest.org/en/stable/warnings.html
======================== 14 passed, 1 warning in 10.42s ========================
============================= test session starts ==============================
platform linux -- Python 3.9.5, pytest-6.2.5, py-1.11.0, pluggy-1.0.0
rootdir: /dc-app-performance-toolkit/app
plugins: forked-1.4.0, xdist-2.5.0, apiritif-1.0.0
collected 14 items

selenium_ui/jira_ui.py get driver from global
clear browser cookies
1650701308346,93,selenium_login:open_login_page,Success,True
node_id:SERVER
1650701309432,1085,selenium_login:login_and_view_dashboard,Success,True
1650701309432,1179,selenium_login,Success,True
.test_0_selenium_a_login,Total:267 Passed:267 Failed:0
1650701309671,209,selenium_browse_projects_list,Success,True
.test_1_selenium_browse_projects_list,Total:268 Passed:268 Failed:0
1650701309905,232,selenium_browse_boards_list,Success,True
.test_1_selenium_browse_boards_list,Total:269 Passed:269 Failed:0
1650701310598,669,selenium_create_issue:open_quick_create,Success,True
1650701311726,601,selenium_create_issue:fill_and_submit_issue_form:submit_issue_form,Success,True
1650701311726,1128,selenium_create_issue:fill_and_submit_issue_form,Success,True
1650701311726,1798,selenium_create_issue,Success,True
.test_1_selenium_create_issue,Total:270 Passed:270 Failed:0
1650701312320,573,selenium_edit_issue:open_edit_issue_form,Success,True
1650701313175,528,selenium_edit_issue:save_edit_issue_form,Success,True
1650701313175,1428,selenium_edit_issue,Success,True
.test_1_selenium_edit_issue,Total:271 Passed:271 Failed:0
1650701313612,435,selenium_save_comment:open_comment_form,Success,True
1650701314331,623,selenium_save_comment:submit_form,Success,True
1650701314331,1154,selenium_save_comment,Success,True
.test_1_selenium_save_comment,Total:272 Passed:272 Failed:0
1650701315429,1097,selenium_search_jql,Success,True
.test_1_selenium_search_jql,Total:273 Passed:273 Failed:0
1650701316561,1130,selenium_view_scrum_board_backlog,Success,True
.test_1_selenium_view_backlog_for_scrum_board,Total:274 Passed:274 Failed:0
1650701317346,783,selenium_view_scrum_board,Success,True
.test_1_selenium_view_scrum_board,Total:275 Passed:275 Failed:0
1650701317984,636,selenium_view_kanban_board,Success,True
.test_1_selenium_view_kanban_board,Total:276 Passed:276 Failed:0
1650701318420,435,selenium_view_dashboard,Success,True
.test_1_selenium_view_dashboard,Total:277 Passed:277 Failed:0
1650701319030,607,selenium_view_issue,Success,True
.test_1_selenium_view_issue,Total:278 Passed:278 Failed:0
1650701319404,373,selenium_project_summary,Success,True
.test_1_selenium_view_project_summary,Total:279 Passed:279 Failed:0
1650701319694,287,selenium_log_out,Success,True
.test_2_selenium_z_log_out,Total:280 Passed:280 Failed:0


=============================== warnings summary ===============================
../../root/.bzt/python-packages/3.9.5/_pytest/config/__init__.py:1114
  /root/.bzt/python-packages/3.9.5/_pytest/config/__init__.py:1114: PytestAssertRewriteWarning: Module already imported so cannot be rewritten: apiritif
    self._mark_plugins_for_rewrite(hook)

-- Docs: https://docs.pytest.org/en/stable/warnings.html
======================== 14 passed, 1 warning in 11.46s ========================
============================= test session starts ==============================
platform linux -- Python 3.9.5, pytest-6.2.5, py-1.11.0, pluggy-1.0.0
rootdir: /dc-app-performance-toolkit/app
plugins: forked-1.4.0, xdist-2.5.0, apiritif-1.0.0
collected 14 items

selenium_ui/jira_ui.py get driver from global
clear browser cookies
1650701319853,94,selenium_login:open_login_page,Success,True
node_id:SERVER
1650701321019,1164,selenium_login:login_and_view_dashboard,Success,True
1650701321019,1259,selenium_login,Success,True
.test_0_selenium_a_login,Total:281 Passed:281 Failed:0
1650701321266,220,selenium_browse_projects_list,Success,True
.test_1_selenium_browse_projects_list,Total:282 Passed:282 Failed:0
1650701321506,238,selenium_browse_boards_list,Success,True
.test_1_selenium_browse_boards_list,Total:283 Passed:283 Failed:0
1650701322161,633,selenium_create_issue:open_quick_create,Success,True
1650701323304,596,selenium_create_issue:fill_and_submit_issue_form:submit_issue_form,Success,True
1650701323304,1142,selenium_create_issue:fill_and_submit_issue_form,Success,True
1650701323304,1776,selenium_create_issue,Success,True
.test_1_selenium_create_issue,Total:284 Passed:284 Failed:0
1650701323770,440,selenium_edit_issue:open_edit_issue_form,Success,True
1650701324700,503,selenium_edit_issue:save_edit_issue_form,Success,True
1650701324700,1370,selenium_edit_issue,Success,True
.test_1_selenium_edit_issue,Total:285 Passed:285 Failed:0
1650701324996,293,selenium_save_comment:open_comment_form,Success,True
1650701325806,635,selenium_save_comment:submit_form,Success,True
1650701325806,1104,selenium_save_comment,Success,True
.test_1_selenium_save_comment,Total:286 Passed:286 Failed:0
1650701326979,1171,selenium_search_jql,Success,True
.test_1_selenium_search_jql,Total:287 Passed:287 Failed:0
1650701328148,1167,selenium_view_scrum_board_backlog,Success,True
.test_1_selenium_view_backlog_for_scrum_board,Total:288 Passed:288 Failed:0
1650701328954,804,selenium_view_scrum_board,Success,True
.test_1_selenium_view_scrum_board,Total:289 Passed:289 Failed:0
1650701329481,525,selenium_view_kanban_board,Success,True
.test_1_selenium_view_kanban_board,Total:290 Passed:290 Failed:0
1650701329759,276,selenium_view_dashboard,Success,True
.test_1_selenium_view_dashboard,Total:291 Passed:291 Failed:0
1650701330237,476,selenium_view_issue,Success,True
.test_1_selenium_view_issue,Total:292 Passed:292 Failed:0
1650701330733,494,selenium_project_summary,Success,True
.test_1_selenium_view_project_summary,Total:293 Passed:293 Failed:0
1650701330982,247,selenium_log_out,Success,True
.test_2_selenium_z_log_out,Total:294 Passed:294 Failed:0


=============================== warnings summary ===============================
../../root/.bzt/python-packages/3.9.5/_pytest/config/__init__.py:1114
  /root/.bzt/python-packages/3.9.5/_pytest/config/__init__.py:1114: PytestAssertRewriteWarning: Module already imported so cannot be rewritten: apiritif
    self._mark_plugins_for_rewrite(hook)

-- Docs: https://docs.pytest.org/en/stable/warnings.html
======================== 14 passed, 1 warning in 11.24s ========================
============================= test session starts ==============================
platform linux -- Python 3.9.5, pytest-6.2.5, py-1.11.0, pluggy-1.0.0
rootdir: /dc-app-performance-toolkit/app
plugins: forked-1.4.0, xdist-2.5.0, apiritif-1.0.0
collected 14 items

selenium_ui/jira_ui.py get driver from global
clear browser cookies
1650701331171,92,selenium_login:open_login_page,Success,True
node_id:SERVER
1650701332392,1221,selenium_login:login_and_view_dashboard,Success,True
1650701332392,1314,selenium_login,Success,True
.test_0_selenium_a_login,Total:295 Passed:295 Failed:0
1650701332621,197,selenium_browse_projects_list,Success,True
.test_1_selenium_browse_projects_list,Total:296 Passed:296 Failed:0
1650701332864,242,selenium_browse_boards_list,Success,True
.test_1_selenium_browse_boards_list,Total:297 Passed:297 Failed:0
1650701333526,640,selenium_create_issue:open_quick_create,Success,True
1650701334659,590,selenium_create_issue:fill_and_submit_issue_form:submit_issue_form,Success,True
1650701334659,1132,selenium_create_issue:fill_and_submit_issue_form,Success,True
1650701334659,1773,selenium_create_issue,Success,True
.test_1_selenium_create_issue,Total:298 Passed:298 Failed:0
1650701335278,597,selenium_edit_issue:open_edit_issue_form,Success,True
1650701336062,522,selenium_edit_issue:save_edit_issue_form,Success,True
1650701336062,1381,selenium_edit_issue,Success,True
.test_1_selenium_edit_issue,Total:299 Passed:299 Failed:0
1650701336494,430,selenium_save_comment:open_comment_form,Success,True
1650701337226,626,selenium_save_comment:submit_form,Success,True
1650701337226,1162,selenium_save_comment,Success,True
.test_1_selenium_save_comment,Total:300 Passed:300 Failed:0
1650701338350,1123,selenium_search_jql,Success,True
.test_1_selenium_search_jql,Total:301 Passed:301 Failed:0
1650701339507,1155,selenium_view_scrum_board_backlog,Success,True
.test_1_selenium_view_backlog_for_scrum_board,Total:302 Passed:302 Failed:0
1650701340318,809,selenium_view_scrum_board,Success,True
.test_1_selenium_view_scrum_board,Total:303 Passed:303 Failed:0
1650701341132,813,selenium_view_kanban_board,Success,True
.test_1_selenium_view_kanban_board,Total:304 Passed:304 Failed:0
1650701341526,392,selenium_view_dashboard,Success,True
.test_1_selenium_view_dashboard,Total:305 Passed:305 Failed:0
1650701342077,548,selenium_view_issue,Success,True
.test_1_selenium_view_issue,Total:306 Passed:306 Failed:0
1650701342507,428,selenium_project_summary,Success,True
.test_1_selenium_view_project_summary,Total:307 Passed:307 Failed:0
1650701342843,334,selenium_log_out,Success,True
.test_2_selenium_z_log_out,Total:308 Passed:308 Failed:0


=============================== warnings summary ===============================
../../root/.bzt/python-packages/3.9.5/_pytest/config/__init__.py:1114
  /root/.bzt/python-packages/3.9.5/_pytest/config/__init__.py:1114: PytestAssertRewriteWarning: Module already imported so cannot be rewritten: apiritif
    self._mark_plugins_for_rewrite(hook)

-- Docs: https://docs.pytest.org/en/stable/warnings.html
======================== 14 passed, 1 warning in 11.78s ========================
============================= test session starts ==============================
platform linux -- Python 3.9.5, pytest-6.2.5, py-1.11.0, pluggy-1.0.0
rootdir: /dc-app-performance-toolkit/app
plugins: forked-1.4.0, xdist-2.5.0, apiritif-1.0.0
collected 14 items

selenium_ui/jira_ui.py get driver from global
clear browser cookies
1650701343002,91,selenium_login:open_login_page,Success,True
node_id:SERVER
1650701344123,1120,selenium_login:login_and_view_dashboard,Success,True
1650701344123,1212,selenium_login,Success,True
.test_0_selenium_a_login,Total:309 Passed:309 Failed:0
1650701344349,197,selenium_browse_projects_list,Success,True
.test_1_selenium_browse_projects_list,Total:310 Passed:310 Failed:0
1650701344586,235,selenium_browse_boards_list,Success,True
.test_1_selenium_browse_boards_list,Total:311 Passed:311 Failed:0
1650701345243,635,selenium_create_issue:open_quick_create,Success,True
1650701346405,596,selenium_create_issue:fill_and_submit_issue_form:submit_issue_form,Success,True
1650701346405,1162,selenium_create_issue:fill_and_submit_issue_form,Success,True
1650701346405,1797,selenium_create_issue,Success,True
.test_1_selenium_create_issue,Total:312 Passed:312 Failed:0
1650701347050,622,selenium_edit_issue:open_edit_issue_form,Success,True
1650701348014,714,selenium_edit_issue:save_edit_issue_form,Success,True
1650701348014,1587,selenium_edit_issue,Success,True
.test_1_selenium_edit_issue,Total:313 Passed:313 Failed:0
1650701348310,293,selenium_save_comment:open_comment_form,Success,True
1650701349128,716,selenium_save_comment:submit_form,Success,True
1650701349128,1111,selenium_save_comment,Success,True
.test_1_selenium_save_comment,Total:314 Passed:314 Failed:0
1650701350240,1111,selenium_search_jql,Success,True
.test_1_selenium_search_jql,Total:315 Passed:315 Failed:0
1650701351224,981,selenium_view_scrum_board_backlog,Success,True
.test_1_selenium_view_backlog_for_scrum_board,Total:316 Passed:316 Failed:0
1650701352029,804,selenium_view_scrum_board,Success,True
.test_1_selenium_view_scrum_board,Total:317 Passed:317 Failed:0
1650701352583,552,selenium_view_kanban_board,Success,True
.test_1_selenium_view_kanban_board,Total:318 Passed:318 Failed:0
1650701352998,413,selenium_view_dashboard,Success,True
.test_1_selenium_view_dashboard,Total:319 Passed:319 Failed:0
1650701353552,552,selenium_view_issue,Success,True
.test_1_selenium_view_issue,Total:320 Passed:320 Failed:0
1650701353923,369,selenium_project_summary,Success,True
.test_1_selenium_view_project_summary,Total:321 Passed:321 Failed:0
1650701354216,291,selenium_log_out,Success,True
.test_2_selenium_z_log_out,Total:322 Passed:322 Failed:0


=============================== warnings summary ===============================
../../root/.bzt/python-packages/3.9.5/_pytest/config/__init__.py:1114
  /root/.bzt/python-packages/3.9.5/_pytest/config/__init__.py:1114: PytestAssertRewriteWarning: Module already imported so cannot be rewritten: apiritif
    self._mark_plugins_for_rewrite(hook)

-- Docs: https://docs.pytest.org/en/stable/warnings.html
======================== 14 passed, 1 warning in 11.32s ========================
============================= test session starts ==============================
platform linux -- Python 3.9.5, pytest-6.2.5, py-1.11.0, pluggy-1.0.0
rootdir: /dc-app-performance-toolkit/app
plugins: forked-1.4.0, xdist-2.5.0, apiritif-1.0.0
collected 14 items

selenium_ui/jira_ui.py get driver from global
clear browser cookies
1650701354371,89,selenium_login:open_login_page,Success,True
node_id:SERVER
1650701354828,456,selenium_login:login_and_view_dashboard,Success,True
1650701354828,545,selenium_login,Success,True
.test_0_selenium_a_login,Total:323 Passed:323 Failed:0
1650701355078,225,selenium_browse_projects_list,Success,True
.test_1_selenium_browse_projects_list,Total:324 Passed:324 Failed:0
1650701355308,229,selenium_browse_boards_list,Success,True
.test_1_selenium_browse_boards_list,Total:325 Passed:325 Failed:0
1650701355991,661,selenium_create_issue:open_quick_create,Success,True
1650701357098,599,selenium_create_issue:fill_and_submit_issue_form:submit_issue_form,Success,True
1650701357098,1107,selenium_create_issue:fill_and_submit_issue_form,Success,True
1650701357098,1768,selenium_create_issue,Success,True
.test_1_selenium_create_issue,Total:326 Passed:326 Failed:0
1650701357558,437,selenium_edit_issue:open_edit_issue_form,Success,True
1650701358518,522,selenium_edit_issue:save_edit_issue_form,Success,True
1650701358518,1398,selenium_edit_issue,Success,True
.test_1_selenium_edit_issue,Total:327 Passed:327 Failed:0
1650701358960,439,selenium_save_comment:open_comment_form,Success,True
1650701359816,758,selenium_save_comment:submit_form,Success,True
1650701359816,1296,selenium_save_comment,Success,True
.test_1_selenium_save_comment,Total:328 Passed:328 Failed:0
1650701360935,1117,selenium_search_jql,Success,True
.test_1_selenium_search_jql,Total:329 Passed:329 Failed:0
1650701361810,873,selenium_view_scrum_board_backlog,Success,True
.test_1_selenium_view_backlog_for_scrum_board,Total:330 Passed:330 Failed:0
1650701362682,870,selenium_view_scrum_board,Success,True
.test_1_selenium_view_scrum_board,Total:331 Passed:331 Failed:0
1650701363769,1085,selenium_view_kanban_board,Success,True
.test_1_selenium_view_kanban_board,Total:332 Passed:332 Failed:0
1650701363979,208,selenium_view_dashboard,Success,True
.test_1_selenium_view_dashboard,Total:333 Passed:333 Failed:0
1650701364478,498,selenium_view_issue,Success,True
.test_1_selenium_view_issue,Total:334 Passed:334 Failed:0
1650701364889,409,selenium_project_summary,Success,True
.test_1_selenium_view_project_summary,Total:335 Passed:335 Failed:0
1650701365193,302,selenium_log_out,Success,True
.test_2_selenium_z_log_out,Total:336 Passed:336 Failed:0


=============================== warnings summary ===============================
../../root/.bzt/python-packages/3.9.5/_pytest/config/__init__.py:1114
  /root/.bzt/python-packages/3.9.5/_pytest/config/__init__.py:1114: PytestAssertRewriteWarning: Module already imported so cannot be rewritten: apiritif
    self._mark_plugins_for_rewrite(hook)

-- Docs: https://docs.pytest.org/en/stable/warnings.html
======================== 14 passed, 1 warning in 10.93s ========================
============================= test session starts ==============================
platform linux -- Python 3.9.5, pytest-6.2.5, py-1.11.0, pluggy-1.0.0
rootdir: /dc-app-performance-toolkit/app
plugins: forked-1.4.0, xdist-2.5.0, apiritif-1.0.0
collected 14 items

selenium_ui/jira_ui.py get driver from global
clear browser cookies
1650701365352,92,selenium_login:open_login_page,Success,True
node_id:SERVER
1650701366463,1111,selenium_login:login_and_view_dashboard,Success,True
1650701366464,1204,selenium_login,Success,True
.test_0_selenium_a_login,Total:337 Passed:337 Failed:0
1650701366712,220,selenium_browse_projects_list,Success,True
.test_1_selenium_browse_projects_list,Total:338 Passed:338 Failed:0
1650701366950,236,selenium_browse_boards_list,Success,True
.test_1_selenium_browse_boards_list,Total:339 Passed:339 Failed:0
1650701367604,632,selenium_create_issue:open_quick_create,Success,True
1650701368680,588,selenium_create_issue:fill_and_submit_issue_form:submit_issue_form,Success,True
1650701368680,1075,selenium_create_issue:fill_and_submit_issue_form,Success,True
1650701368680,1708,selenium_create_issue,Success,True
.test_1_selenium_create_issue,Total:340 Passed:340 Failed:0
1650701369344,641,selenium_edit_issue:open_edit_issue_form,Success,True
1650701370159,562,selenium_edit_issue:save_edit_issue_form,Success,True
1650701370159,1457,selenium_edit_issue,Success,True
.test_1_selenium_edit_issue,Total:341 Passed:341 Failed:0
1650701370612,451,selenium_save_comment:open_comment_form,Success,True
1650701371372,656,selenium_save_comment:submit_form,Success,True
1650701371372,1211,selenium_save_comment,Success,True
.test_1_selenium_save_comment,Total:342 Passed:342 Failed:0
1650701372524,1150,selenium_search_jql,Success,True
.test_1_selenium_search_jql,Total:343 Passed:343 Failed:0
1650701373621,1096,selenium_view_scrum_board_backlog,Success,True
.test_1_selenium_view_backlog_for_scrum_board,Total:344 Passed:344 Failed:0
1650701374421,797,selenium_view_scrum_board,Success,True
.test_1_selenium_view_scrum_board,Total:345 Passed:345 Failed:0
1650701375053,630,selenium_view_kanban_board,Success,True
.test_1_selenium_view_kanban_board,Total:346 Passed:346 Failed:0
1650701375267,212,selenium_view_dashboard,Success,True
.test_1_selenium_view_dashboard,Total:347 Passed:347 Failed:0
1650701375858,588,selenium_view_issue,Success,True
.test_1_selenium_view_issue,Total:348 Passed:348 Failed:0
1650701376275,415,selenium_project_summary,Success,True
.test_1_selenium_view_project_summary,Total:349 Passed:349 Failed:0
1650701376559,283,selenium_log_out,Success,True
.test_2_selenium_z_log_out,Total:350 Passed:350 Failed:0


=============================== warnings summary ===============================
../../root/.bzt/python-packages/3.9.5/_pytest/config/__init__.py:1114
  /root/.bzt/python-packages/3.9.5/_pytest/config/__init__.py:1114: PytestAssertRewriteWarning: Module already imported so cannot be rewritten: apiritif
    self._mark_plugins_for_rewrite(hook)

-- Docs: https://docs.pytest.org/en/stable/warnings.html
======================== 14 passed, 1 warning in 11.32s ========================
============================= test session starts ==============================
platform linux -- Python 3.9.5, pytest-6.2.5, py-1.11.0, pluggy-1.0.0
rootdir: /dc-app-performance-toolkit/app
plugins: forked-1.4.0, xdist-2.5.0, apiritif-1.0.0
collected 14 items

selenium_ui/jira_ui.py get driver from global
clear browser cookies
1650701376727,99,selenium_login:open_login_page,Success,True
node_id:SERVER
1650701377810,1082,selenium_login:login_and_view_dashboard,Success,True
1650701377810,1182,selenium_login,Success,True
.test_0_selenium_a_login,Total:351 Passed:351 Failed:0
1650701378053,214,selenium_browse_projects_list,Success,True
.test_1_selenium_browse_projects_list,Total:352 Passed:352 Failed:0
1650701378299,244,selenium_browse_boards_list,Success,True
.test_1_selenium_browse_boards_list,Total:353 Passed:353 Failed:0
1650701378956,634,selenium_create_issue:open_quick_create,Success,True
1650701380034,592,selenium_create_issue:fill_and_submit_issue_form:submit_issue_form,Success,True
1650701380034,1077,selenium_create_issue:fill_and_submit_issue_form,Success,True
1650701380034,1712,selenium_create_issue,Success,True
.test_1_selenium_create_issue,Total:354 Passed:354 Failed:0
1650701380712,640,selenium_edit_issue:open_edit_issue_form,Success,True
1650701381494,531,selenium_edit_issue:save_edit_issue_form,Success,True
1650701381494,1422,selenium_edit_issue,Success,True
.test_1_selenium_edit_issue,Total:355 Passed:355 Failed:0
1650701381947,451,selenium_save_comment:open_comment_form,Success,True
1650701382756,710,selenium_save_comment:submit_form,Success,True
1650701382756,1261,selenium_save_comment,Success,True
.test_1_selenium_save_comment,Total:356 Passed:356 Failed:0
[...]
1650703693753,381,selenium_view_dashboard,Success,True
.test_1_selenium_view_dashboard,Total:3217 Passed:3217 Failed:0
1650703694314,559,selenium_view_issue,Success,True
.test_1_selenium_view_issue,Total:3218 Passed:3218 Failed:0
1650703694730,414,selenium_project_summary,Success,True
.test_1_selenium_view_project_summary,Total:3219 Passed:3219 Failed:0
1650703695008,276,selenium_log_out,Success,True
.test_2_selenium_z_log_out,Total:3220 Passed:3220 Failed:0


=============================== warnings summary ===============================
../../root/.bzt/python-packages/3.9.5/_pytest/config/__init__.py:1114
  /root/.bzt/python-packages/3.9.5/_pytest/config/__init__.py:1114: PytestAssertRewriteWarning: Module already imported so cannot be rewritten: apiritif
    self._mark_plugins_for_rewrite(hook)

-- Docs: https://docs.pytest.org/en/stable/warnings.html
======================== 14 passed, 1 warning in 10.89s ========================
============================= test session starts ==============================
platform linux -- Python 3.9.5, pytest-6.2.5, py-1.11.0, pluggy-1.0.0
rootdir: /dc-app-performance-toolkit/app
plugins: forked-1.4.0, xdist-2.5.0, apiritif-1.0.0
collected 14 items

selenium_ui/jira_ui.py get driver from global
clear browser cookies
1650703695175,97,selenium_login:open_login_page,Success,True
node_id:SERVER
1650703696232,1056,selenium_login:login_and_view_dashboard,Success,True
1650703696232,1154,selenium_login,Success,True
.test_0_selenium_a_login,Total:3221 Passed:3221 Failed:0
1650703696518,199,selenium_browse_projects_list,Success,True
.test_1_selenium_browse_projects_list,Total:3222 Passed:3222 Failed:0
1650703696747,227,selenium_browse_boards_list,Success,True
.test_1_selenium_browse_boards_list,Total:3223 Passed:3223 Failed:0
1650703697466,638,selenium_create_issue:open_quick_create,Success,True
1650703698550,611,selenium_create_issue:fill_and_submit_issue_form:submit_issue_form,Success,True
1650703698550,1083,selenium_create_issue:fill_and_submit_issue_form,Success,True
1650703698551,1723,selenium_create_issue,Success,True
.test_1_selenium_create_issue,Total:3224 Passed:3224 Failed:0
1650703699277,644,selenium_edit_issue:open_edit_issue_form,Success,True
1650703700071,537,selenium_edit_issue:save_edit_issue_form,Success,True
1650703700071,1438,selenium_edit_issue,Success,True
.test_1_selenium_edit_issue,Total:3225 Passed:3225 Failed:0
1650703700512,439,selenium_save_comment:open_comment_form,Success,True
1650703701324,716,selenium_save_comment:submit_form,Success,True
1650703701324,1251,selenium_save_comment,Success,True
.test_1_selenium_save_comment,Total:3226 Passed:3226 Failed:0
1650703702514,1187,selenium_search_jql,Success,True
.test_1_selenium_search_jql,Total:3227 Passed:3227 Failed:0
1650703703383,868,selenium_view_scrum_board_backlog,Success,True
.test_1_selenium_view_backlog_for_scrum_board,Total:3228 Passed:3228 Failed:0
1650703704276,891,selenium_view_scrum_board,Success,True
.test_1_selenium_view_scrum_board,Total:3229 Passed:3229 Failed:0
1650703705063,786,selenium_view_kanban_board,Success,True
.test_1_selenium_view_kanban_board,Total:3230 Passed:3230 Failed:0
1650703705584,518,selenium_view_dashboard,Success,True
.test_1_selenium_view_dashboard,Total:3231 Passed:3231 Failed:0
1650703706165,580,selenium_view_issue,Success,True
.test_1_selenium_view_issue,Total:3232 Passed:3232 Failed:0
1650703706564,396,selenium_project_summary,Success,True
.test_1_selenium_view_project_summary,Total:3233 Passed:3233 Failed:0
1650703706837,271,selenium_log_out,Success,True
.test_2_selenium_z_log_out,Total:3234 Passed:3234 Failed:0


=============================== warnings summary ===============================
../../root/.bzt/python-packages/3.9.5/_pytest/config/__init__.py:1114
  /root/.bzt/python-packages/3.9.5/_pytest/config/__init__.py:1114: PytestAssertRewriteWarning: Module already imported so cannot be rewritten: apiritif
    self._mark_plugins_for_rewrite(hook)

-- Docs: https://docs.pytest.org/en/stable/warnings.html
======================== 14 passed, 1 warning in 11.77s ========================
============================= test session starts ==============================
platform linux -- Python 3.9.5, pytest-6.2.5, py-1.11.0, pluggy-1.0.0
rootdir: /dc-app-performance-toolkit/app
plugins: forked-1.4.0, xdist-2.5.0, apiritif-1.0.0
collected 14 items

selenium_ui/jira_ui.py get driver from global
clear browser cookies
1650703707014,107,selenium_login:open_login_page,Success,True
node_id:SERVER
1650703707496,482,selenium_login:login_and_view_dashboard,Success,True
1650703707496,590,selenium_login,Success,True
.test_0_selenium_a_login,Total:3235 Passed:3235 Failed:0
1650703707817,212,selenium_browse_projects_list,Success,True
.test_1_selenium_browse_projects_list,Total:3236 Passed:3236 Failed:0
1650703708056,237,selenium_browse_boards_list,Success,True
.test_1_selenium_browse_boards_list,Total:3237 Passed:3237 Failed:0
1650703708776,636,selenium_create_issue:open_quick_create,Success,True
1650703709935,610,selenium_create_issue:fill_and_submit_issue_form:submit_issue_form,Success,True
1650703709935,1159,selenium_create_issue:fill_and_submit_issue_form,Success,True
1650703709935,1796,selenium_create_issue,Success,True
.test_1_selenium_create_issue,Total:3238 Passed:3238 Failed:0
1650703710597,580,selenium_edit_issue:open_edit_issue_form,Success,True
1650703711295,457,selenium_edit_issue:save_edit_issue_form,Success,True
1650703711295,1278,selenium_edit_issue,Success,True
.test_1_selenium_edit_issue,Total:3239 Passed:3239 Failed:0
1650703711698,401,selenium_save_comment:open_comment_form,Success,True
1650703712423,630,selenium_save_comment:submit_form,Success,True
1650703712423,1126,selenium_save_comment,Success,True
.test_1_selenium_save_comment,Total:3240 Passed:3240 Failed:0
1650703713654,1229,selenium_search_jql,Success,True
.test_1_selenium_search_jql,Total:3241 Passed:3241 Failed:0
1650703714548,892,selenium_view_scrum_board_backlog,Success,True
.test_1_selenium_view_backlog_for_scrum_board,Total:3242 Passed:3242 Failed:0
1650703715435,885,selenium_view_scrum_board,Success,True
.test_1_selenium_view_scrum_board,Total:3243 Passed:3243 Failed:0
1650703716113,677,selenium_view_kanban_board,Success,True
.test_1_selenium_view_kanban_board,Total:3244 Passed:3244 Failed:0
1650703716486,371,selenium_view_dashboard,Success,True
.test_1_selenium_view_dashboard,Total:3245 Passed:3245 Failed:0
1650703716920,432,selenium_view_issue,Success,True
.test_1_selenium_view_issue,Total:3246 Passed:3246 Failed:0
1650703717389,467,selenium_project_summary,Success,True
.test_1_selenium_view_project_summary,Total:3247 Passed:3247 Failed:0
1650703717647,256,selenium_log_out,Success,True
.test_2_selenium_z_log_out,Total:3248 Passed:3248 Failed:0


=============================== warnings summary ===============================
../../root/.bzt/python-packages/3.9.5/_pytest/config/__init__.py:1114
  /root/.bzt/python-packages/3.9.5/_pytest/config/__init__.py:1114: PytestAssertRewriteWarning: Module already imported so cannot be rewritten: apiritif
    self._mark_plugins_for_rewrite(hook)

-- Docs: https://docs.pytest.org/en/stable/warnings.html
======================== 14 passed, 1 warning in 10.76s ========================
============================= test session starts ==============================
platform linux -- Python 3.9.5, pytest-6.2.5, py-1.11.0, pluggy-1.0.0
rootdir: /dc-app-performance-toolkit/app
plugins: forked-1.4.0, xdist-2.5.0, apiritif-1.0.0
collected 14 items

selenium_ui/jira_ui.py get driver from global
clear browser cookies
1650703717805,91,selenium_login:open_login_page,Success,True
node_id:SERVER
1650703718298,492,selenium_login:login_and_view_dashboard,Success,True
1650703718298,584,selenium_login,Success,True
.test_0_selenium_a_login,Total:3249 Passed:3249 Failed:0
1650703718616,216,selenium_browse_projects_list,Success,True
.test_1_selenium_browse_projects_list,Total:3250 Passed:3250 Failed:0
1650703718854,237,selenium_browse_boards_list,Success,True
.test_1_selenium_browse_boards_list,Total:3251 Passed:3251 Failed:0
1650703719581,638,selenium_create_issue:open_quick_create,Success,True
1650703720650,610,selenium_create_issue:fill_and_submit_issue_form:submit_issue_form,Success,True
1650703720650,1069,selenium_create_issue:fill_and_submit_issue_form,Success,True
1650703720650,1708,selenium_create_issue,Success,True
.test_1_selenium_create_issue,Total:3252 Passed:3252 Failed:0
1650703721322,589,selenium_edit_issue:open_edit_issue_form,Success,True
1650703722112,523,selenium_edit_issue:save_edit_issue_form,Success,True
1650703722112,1379,selenium_edit_issue,Success,True
.test_1_selenium_edit_issue,Total:3253 Passed:3253 Failed:0
1650703722550,436,selenium_save_comment:open_comment_form,Success,True
1650703723273,625,selenium_save_comment:submit_form,Success,True
1650703723273,1159,selenium_save_comment,Success,True
.test_1_selenium_save_comment,Total:3254 Passed:3254 Failed:0
1650703724431,1156,selenium_search_jql,Success,True
.test_1_selenium_search_jql,Total:3255 Passed:3255 Failed:0
1650703725652,1219,selenium_view_scrum_board_backlog,Success,True
.test_1_selenium_view_backlog_for_scrum_board,Total:3256 Passed:3256 Failed:0
1650703726469,815,selenium_view_scrum_board,Success,True
.test_1_selenium_view_scrum_board,Total:3257 Passed:3257 Failed:0
1650703727036,565,selenium_view_kanban_board,Success,True
.test_1_selenium_view_kanban_board,Total:3258 Passed:3258 Failed:0
1650703727488,449,selenium_view_dashboard,Success,True
.test_1_selenium_view_dashboard,Total:3259 Passed:3259 Failed:0
1650703727982,493,selenium_view_issue,Success,True
.test_1_selenium_view_issue,Total:3260 Passed:3260 Failed:0
1650703728433,449,selenium_project_summary,Success,True
.test_1_selenium_view_project_summary,Total:3261 Passed:3261 Failed:0
1650703728686,251,selenium_log_out,Success,True
.test_2_selenium_z_log_out,Total:3262 Passed:3262 Failed:0


=============================== warnings summary ===============================
../../root/.bzt/python-packages/3.9.5/_pytest/config/__init__.py:1114
  /root/.bzt/python-packages/3.9.5/_pytest/config/__init__.py:1114: PytestAssertRewriteWarning: Module already imported so cannot be rewritten: apiritif
    self._mark_plugins_for_rewrite(hook)

-- Docs: https://docs.pytest.org/en/stable/warnings.html
======================== 14 passed, 1 warning in 10.99s ========================
============================= test session starts ==============================
platform linux -- Python 3.9.5, pytest-6.2.5, py-1.11.0, pluggy-1.0.0
rootdir: /dc-app-performance-toolkit/app
plugins: forked-1.4.0, xdist-2.5.0, apiritif-1.0.0
collected 14 items

selenium_ui/jira_ui.py get driver from global
clear browser cookies
1650703728898,92,selenium_login:open_login_page,Success,True
node_id:SERVER
1650703729420,522,selenium_login:login_and_view_dashboard,Success,True
1650703729420,615,selenium_login,Success,True
.test_0_selenium_a_login,Total:3263 Passed:3263 Failed:0
1650703729755,248,selenium_browse_projects_list,Success,True
.test_1_selenium_browse_projects_list,Total:3264 Passed:3264 Failed:0
1650703730011,253,selenium_browse_boards_list,Success,True
.test_1_selenium_browse_boards_list,Total:3265 Passed:3265 Failed:0
1650703730735,642,selenium_create_issue:open_quick_create,Success,True
1650703731881,608,selenium_create_issue:fill_and_submit_issue_form:submit_issue_form,Success,True
1650703731881,1146,selenium_create_issue:fill_and_submit_issue_form,Success,True
1650703731882,1789,selenium_create_issue,Success,True
.test_1_selenium_create_issue,Total:3266 Passed:3266 Failed:0
1650703732553,589,selenium_edit_issue:open_edit_issue_form,Success,True
1650703733301,511,selenium_edit_issue:save_edit_issue_form,Success,True
1650703733301,1337,selenium_edit_issue,Success,True
.test_1_selenium_edit_issue,Total:3267 Passed:3267 Failed:0
1650703733682,379,selenium_save_comment:open_comment_form,Success,True
1650703734378,595,selenium_save_comment:submit_form,Success,True
1650703734378,1075,selenium_save_comment,Success,True
.test_1_selenium_save_comment,Total:3268 Passed:3268 Failed:0
1650703735537,1158,selenium_search_jql,Success,True
.test_1_selenium_search_jql,Total:3269 Passed:3269 Failed:0
1650703736407,868,selenium_view_scrum_board_backlog,Success,True
.test_1_selenium_view_backlog_for_scrum_board,Total:3270 Passed:3270 Failed:0
1650703737247,837,selenium_view_scrum_board,Success,True
.test_1_selenium_view_scrum_board,Total:3271 Passed:3271 Failed:0
1650703737693,445,selenium_view_kanban_board,Success,True
.test_1_selenium_view_kanban_board,Total:3272 Passed:3272 Failed:0
1650703737909,214,selenium_view_dashboard,Success,True
.test_1_selenium_view_dashboard,Total:3273 Passed:3273 Failed:0
1650703738395,484,selenium_view_issue,Success,True
.test_1_selenium_view_issue,Total:3274 Passed:3274 Failed:0
1650703738885,488,selenium_project_summary,Success,True
.test_1_selenium_view_project_summary,Total:3275 Passed:3275 Failed:0
1650703739183,296,selenium_log_out,Success,True
.test_2_selenium_z_log_out,Total:3276 Passed:3276 Failed:0


=============================== warnings summary ===============================
../../root/.bzt/python-packages/3.9.5/_pytest/config/__init__.py:1114
  /root/.bzt/python-packages/3.9.5/_pytest/config/__init__.py:1114: PytestAssertRewriteWarning: Module already imported so cannot be rewritten: apiritif
    self._mark_plugins_for_rewrite(hook)

-- Docs: https://docs.pytest.org/en/stable/warnings.html
======================== 14 passed, 1 warning in 10.39s ========================
============================= test session starts ==============================
platform linux -- Python 3.9.5, pytest-6.2.5, py-1.11.0, pluggy-1.0.0
rootdir: /dc-app-performance-toolkit/app
plugins: forked-1.4.0, xdist-2.5.0, apiritif-1.0.0
collected 14 items

selenium_ui/jira_ui.py get driver from global
clear browser cookies
1650703739342,90,selenium_login:open_login_page,Success,True
node_id:SERVER
1650703739841,499,selenium_login:login_and_view_dashboard,Success,True
1650703739842,590,selenium_login,Success,True
.test_0_selenium_a_login,Total:3277 Passed:3277 Failed:0
1650703740203,232,selenium_browse_projects_list,Success,True
.test_1_selenium_browse_projects_list,Total:3278 Passed:3278 Failed:0
1650703740440,236,selenium_browse_boards_list,Success,True
.test_1_selenium_browse_boards_list,Total:3279 Passed:3279 Failed:0
1650703741176,651,selenium_create_issue:open_quick_create,Success,True
1650703742365,618,selenium_create_issue:fill_and_submit_issue_form:submit_issue_form,Success,True
1650703742365,1188,selenium_create_issue:fill_and_submit_issue_form,Success,True
1650703742365,1840,selenium_create_issue,Success,True
.test_1_selenium_create_issue,Total:3280 Passed:3280 Failed:0
1650703743083,634,selenium_edit_issue:open_edit_issue_form,Success,True
1650703743874,538,selenium_edit_issue:save_edit_issue_form,Success,True
1650703743874,1426,selenium_edit_issue,Success,True
.test_1_selenium_edit_issue,Total:3281 Passed:3281 Failed:0
1650703744330,453,selenium_save_comment:open_comment_form,Success,True
1650703745135,707,selenium_save_comment:submit_form,Success,True
1650703745135,1258,selenium_save_comment,Success,True
.test_1_selenium_save_comment,Total:3282 Passed:3282 Failed:0
1650703746335,1198,selenium_search_jql,Success,True
.test_1_selenium_search_jql,Total:3283 Passed:3283 Failed:0
1650703747406,1070,selenium_view_scrum_board_backlog,Success,True
.test_1_selenium_view_backlog_for_scrum_board,Total:3284 Passed:3284 Failed:0
1650703747787,379,selenium_view_scrum_board,Success,True
.test_1_selenium_view_scrum_board,Total:3285 Passed:3285 Failed:0
1650703748652,863,selenium_view_kanban_board,Success,True
.test_1_selenium_view_kanban_board,Total:3286 Passed:3286 Failed:0
1650703749123,468,selenium_view_dashboard,Success,True
.test_1_selenium_view_dashboard,Total:3287 Passed:3287 Failed:0
1650703749664,540,selenium_view_issue,Success,True
.test_1_selenium_view_issue,Total:3288 Passed:3288 Failed:0
1650703749997,331,selenium_project_summary,Success,True
.test_1_selenium_view_project_summary,Total:3289 Passed:3289 Failed:0
1650703750284,285,selenium_log_out,Success,True
.test_2_selenium_z_log_out,Total:3290 Passed:3290 Failed:0


=============================== warnings summary ===============================
../../root/.bzt/python-packages/3.9.5/_pytest/config/__init__.py:1114
  /root/.bzt/python-packages/3.9.5/_pytest/config/__init__.py:1114: PytestAssertRewriteWarning: Module already imported so cannot be rewritten: apiritif
    self._mark_plugins_for_rewrite(hook)

-- Docs: https://docs.pytest.org/en/stable/warnings.html
======================== 14 passed, 1 warning in 11.05s ========================
============================= test session starts ==============================
platform linux -- Python 3.9.5, pytest-6.2.5, py-1.11.0, pluggy-1.0.0
rootdir: /dc-app-performance-toolkit/app
plugins: forked-1.4.0, xdist-2.5.0, apiritif-1.0.0
collected 14 items

selenium_ui/jira_ui.py get driver from global
clear browser cookies
1650703750453,97,selenium_login:open_login_page,Success,True
node_id:SERVER
1650703750908,454,selenium_login:login_and_view_dashboard,Success,True
1650703750908,552,selenium_login,Success,True
.test_0_selenium_a_login,Total:3291 Passed:3291 Failed:0
1650703751228,232,selenium_browse_projects_list,Success,True
.test_1_selenium_browse_projects_list,Total:3292 Passed:3292 Failed:0
1650703751460,230,selenium_browse_boards_list,Success,True
.test_1_selenium_browse_boards_list,Total:3293 Passed:3293 Failed:0
1650703752173,632,selenium_create_issue:open_quick_create,Success,True
1650703753327,609,selenium_create_issue:fill_and_submit_issue_form:submit_issue_form,Success,True
1650703753327,1153,selenium_create_issue:fill_and_submit_issue_form,Success,True
1650703753327,1785,selenium_create_issue,Success,True
.test_1_selenium_create_issue,Total:3294 Passed:3294 Failed:0
1650703754028,619,selenium_edit_issue:open_edit_issue_form,Success,True
1650703754978,698,selenium_edit_issue:save_edit_issue_form,Success,True
1650703754978,1569,selenium_edit_issue,Success,True
.test_1_selenium_edit_issue,Total:3295 Passed:3295 Failed:0
1650703755259,279,selenium_save_comment:open_comment_form,Success,True
1650703755978,623,selenium_save_comment:submit_form,Success,True
1650703755979,998,selenium_save_comment,Success,True
.test_1_selenium_save_comment,Total:3296 Passed:3296 Failed:0
1650703757150,1170,selenium_search_jql,Success,True
.test_1_selenium_search_jql,Total:3297 Passed:3297 Failed:0
1650703758295,1143,selenium_view_scrum_board_backlog,Success,True
.test_1_selenium_view_backlog_for_scrum_board,Total:3298 Passed:3298 Failed:0
1650703759103,806,selenium_view_scrum_board,Success,True
.test_1_selenium_view_scrum_board,Total:3299 Passed:3299 Failed:0
1650703759752,647,selenium_view_kanban_board,Success,True
.test_1_selenium_view_kanban_board,Total:3300 Passed:3300 Failed:0
1650703759977,222,selenium_view_dashboard,Success,True
.test_1_selenium_view_dashboard,Total:3301 Passed:3301 Failed:0
1650703760578,599,selenium_view_issue,Success,True
.test_1_selenium_view_issue,Total:3302 Passed:3302 Failed:0
1650703760987,407,selenium_project_summary,Success,True
.test_1_selenium_view_project_summary,Total:3303 Passed:3303 Failed:0
1650703761274,285,selenium_log_out,Success,True
.test_2_selenium_z_log_out,Total:3304 Passed:3304 Failed:0


=============================== warnings summary ===============================
../../root/.bzt/python-packages/3.9.5/_pytest/config/__init__.py:1114
  /root/.bzt/python-packages/3.9.5/_pytest/config/__init__.py:1114: PytestAssertRewriteWarning: Module already imported so cannot be rewritten: apiritif
    self._mark_plugins_for_rewrite(hook)

-- Docs: https://docs.pytest.org/en/stable/warnings.html
======================== 14 passed, 1 warning in 10.93s ========================
