============================= test session starts ==============================
platform linux -- Python 3.9.5, pytest-6.2.5, py-1.11.0, pluggy-1.0.0
rootdir: /dc-app-performance-toolkit/app
plugins: forked-1.4.0, xdist-2.5.0, apiritif-1.0.0
collected 15 items

selenium_ui/jira_ui.py first driver inits
1651276315672,1220,selenium_login:open_login_page,Success,True
node_id:node1
1651276318708,3035,selenium_login:login_and_view_dashboard,Success,True
1651276318708,4257,selenium_login,Success,True
.test_0_selenium_a_login,Total:1 Passed:1 Failed:0
1651276319568,843,selenium_browse_projects_list,Success,True
.test_1_selenium_browse_projects_list,Total:2 Passed:2 Failed:0
1651276322858,3288,selenium_browse_boards_list,Success,True
.test_1_selenium_browse_boards_list,Total:3 Passed:3 Failed:0
1651276323602,729,selenium_create_issue:open_quick_create,Success,True
1651276324610,591,selenium_create_issue:fill_and_submit_issue_form:submit_issue_form,Success,True
1651276324611,1008,selenium_create_issue:fill_and_submit_issue_form,Success,True
1651276324611,1737,selenium_create_issue,Success,True
.test_1_selenium_create_issue,Total:4 Passed:4 Failed:0
.test_1_selenium_quick_create,Total:5 Passed:5 Failed:0
1651276327660,1169,selenium_edit_issue:open_edit_issue_form,Success,True
1651276328763,596,selenium_edit_issue:save_edit_issue_form,Success,True
1651276328763,2273,selenium_edit_issue,Success,True
.test_1_selenium_edit_issue,Total:6 Passed:6 Failed:0
1651276329087,322,selenium_save_comment:open_comment_form,Success,True
1651276331020,1791,selenium_save_comment:submit_form,Success,True
1651276331020,2255,selenium_save_comment,Success,True
.test_1_selenium_save_comment,Total:7 Passed:7 Failed:0
1651276333936,2914,selenium_search_jql,Success,True
.test_1_selenium_search_jql,Total:8 Passed:8 Failed:0
1651276337347,3410,selenium_view_scrum_board_backlog,Success,True
.test_1_selenium_view_backlog_for_scrum_board,Total:9 Passed:9 Failed:0
1651276340436,3087,selenium_view_scrum_board,Success,True
.test_1_selenium_view_scrum_board,Total:10 Passed:10 Failed:0
1651276341220,782,selenium_view_kanban_board,Success,True
.test_1_selenium_view_kanban_board,Total:11 Passed:11 Failed:0
1651276341487,266,selenium_view_dashboard,Success,True
.test_1_selenium_view_dashboard,Total:12 Passed:12 Failed:0
1651276342043,553,selenium_view_issue,Success,True
.test_1_selenium_view_issue,Total:13 Passed:13 Failed:0
1651276344587,2542,selenium_project_summary,Success,True
.test_1_selenium_view_project_summary,Total:14 Passed:14 Failed:0
1651276344958,369,selenium_log_out,Success,True
.test_2_selenium_z_log_out,Total:15 Passed:15 Failed:0


=============================== warnings summary ===============================
../../root/.bzt/python-packages/3.9.5/_pytest/config/__init__.py:1114
  /root/.bzt/python-packages/3.9.5/_pytest/config/__init__.py:1114: PytestAssertRewriteWarning: Module already imported so cannot be rewritten: apiritif
    self._mark_plugins_for_rewrite(hook)

-- Docs: https://docs.pytest.org/en/stable/warnings.html
======================== 15 passed, 1 warning in 31.70s ========================
============================= test session starts ==============================
platform linux -- Python 3.9.5, pytest-6.2.5, py-1.11.0, pluggy-1.0.0
rootdir: /dc-app-performance-toolkit/app
plugins: forked-1.4.0, xdist-2.5.0, apiritif-1.0.0
collected 15 items

selenium_ui/jira_ui.py get driver from global
clear browser cookies
1651276345830,795,selenium_login:open_login_page,Success,True
node_id:node2
1651276348210,2379,selenium_login:login_and_view_dashboard,Success,True
1651276348210,3175,selenium_login,Success,True
.test_0_selenium_a_login,Total:16 Passed:16 Failed:0
1651276348736,508,selenium_browse_projects_list,Success,True
.test_1_selenium_browse_projects_list,Total:17 Passed:17 Failed:0
1651276350923,2186,selenium_browse_boards_list,Success,True
.test_1_selenium_browse_boards_list,Total:18 Passed:18 Failed:0
1651276351622,682,selenium_create_issue:open_quick_create,Success,True
1651276352611,598,selenium_create_issue:fill_and_submit_issue_form:submit_issue_form,Success,True
1651276352611,989,selenium_create_issue:fill_and_submit_issue_form,Success,True
1651276352611,1672,selenium_create_issue,Success,True
.test_1_selenium_create_issue,Total:19 Passed:19 Failed:0
.test_1_selenium_quick_create,Total:20 Passed:20 Failed:0
1651276355420,975,selenium_edit_issue:open_edit_issue_form,Success,True
1651276356425,572,selenium_edit_issue:save_edit_issue_form,Success,True
1651276356425,1980,selenium_edit_issue,Success,True
.test_1_selenium_edit_issue,Total:21 Passed:21 Failed:0
1651276356769,342,selenium_save_comment:open_comment_form,Success,True
1651276358568,1639,selenium_save_comment:submit_form,Success,True
1651276358568,2141,selenium_save_comment,Success,True
.test_1_selenium_save_comment,Total:22 Passed:22 Failed:0
1651276360816,2247,selenium_search_jql,Success,True
.test_1_selenium_search_jql,Total:23 Passed:23 Failed:0
1651276363698,2880,selenium_view_scrum_board_backlog,Success,True
.test_1_selenium_view_backlog_for_scrum_board,Total:24 Passed:24 Failed:0
1651276366609,2909,selenium_view_scrum_board,Success,True
.test_1_selenium_view_scrum_board,Total:25 Passed:25 Failed:0
1651276367727,1116,selenium_view_kanban_board,Success,True
.test_1_selenium_view_kanban_board,Total:26 Passed:26 Failed:0
1651276368295,566,selenium_view_dashboard,Success,True
.test_1_selenium_view_dashboard,Total:27 Passed:27 Failed:0
1651276368960,662,selenium_view_issue,Success,True
.test_1_selenium_view_issue,Total:28 Passed:28 Failed:0
1651276371080,2118,selenium_project_summary,Success,True
.test_1_selenium_view_project_summary,Total:29 Passed:29 Failed:0
1651276371488,406,selenium_log_out,Success,True
.test_2_selenium_z_log_out,Total:30 Passed:30 Failed:0


=============================== warnings summary ===============================
../../root/.bzt/python-packages/3.9.5/_pytest/config/__init__.py:1114
  /root/.bzt/python-packages/3.9.5/_pytest/config/__init__.py:1114: PytestAssertRewriteWarning: Module already imported so cannot be rewritten: apiritif
    self._mark_plugins_for_rewrite(hook)

-- Docs: https://docs.pytest.org/en/stable/warnings.html
======================== 15 passed, 1 warning in 26.48s ========================
============================= test session starts ==============================
platform linux -- Python 3.9.5, pytest-6.2.5, py-1.11.0, pluggy-1.0.0
rootdir: /dc-app-performance-toolkit/app
plugins: forked-1.4.0, xdist-2.5.0, apiritif-1.0.0
collected 15 items

selenium_ui/jira_ui.py get driver from global
clear browser cookies
1651276371689,121,selenium_login:open_login_page,Success,True
node_id:node2
1651276372195,505,selenium_login:login_and_view_dashboard,Success,True
1651276372195,627,selenium_login,Success,True
.test_0_selenium_a_login,Total:31 Passed:31 Failed:0
1651276372486,273,selenium_browse_projects_list,Success,True
.test_1_selenium_browse_projects_list,Total:32 Passed:32 Failed:0
1651276372830,342,selenium_browse_boards_list,Success,True
.test_1_selenium_browse_boards_list,Total:33 Passed:33 Failed:0
1651276373503,653,selenium_create_issue:open_quick_create,Success,True
1651276374574,591,selenium_create_issue:fill_and_submit_issue_form:submit_issue_form,Success,True
1651276374575,1071,selenium_create_issue:fill_and_submit_issue_form,Success,True
1651276374575,1724,selenium_create_issue,Success,True
.test_1_selenium_create_issue,Total:34 Passed:34 Failed:0
.test_1_selenium_quick_create,Total:35 Passed:35 Failed:0
1651276377154,704,selenium_edit_issue:open_edit_issue_form,Success,True
1651276378015,587,selenium_edit_issue:save_edit_issue_form,Success,True
1651276378015,1566,selenium_edit_issue,Success,True
.test_1_selenium_edit_issue,Total:36 Passed:36 Failed:0
1651276378546,529,selenium_save_comment:open_comment_form,Success,True
1651276379322,680,selenium_save_comment:submit_form,Success,True
1651276379322,1306,selenium_save_comment,Success,True
.test_1_selenium_save_comment,Total:37 Passed:37 Failed:0
1651276380465,1141,selenium_search_jql,Success,True
.test_1_selenium_search_jql,Total:38 Passed:38 Failed:0
1651276381733,1266,selenium_view_scrum_board_backlog,Success,True
.test_1_selenium_view_backlog_for_scrum_board,Total:39 Passed:39 Failed:0
1651276382551,817,selenium_view_scrum_board,Success,True
.test_1_selenium_view_scrum_board,Total:40 Passed:40 Failed:0
1651276383324,771,selenium_view_kanban_board,Success,True
.test_1_selenium_view_kanban_board,Total:41 Passed:41 Failed:0
1651276383551,225,selenium_view_dashboard,Success,True
.test_1_selenium_view_dashboard,Total:42 Passed:42 Failed:0
1651276384045,492,selenium_view_issue,Success,True
.test_1_selenium_view_issue,Total:43 Passed:43 Failed:0
1651276384583,536,selenium_project_summary,Success,True
.test_1_selenium_view_project_summary,Total:44 Passed:44 Failed:0
1651276384984,400,selenium_log_out,Success,True
.test_2_selenium_z_log_out,Total:45 Passed:45 Failed:0


=============================== warnings summary ===============================
../../root/.bzt/python-packages/3.9.5/_pytest/config/__init__.py:1114
  /root/.bzt/python-packages/3.9.5/_pytest/config/__init__.py:1114: PytestAssertRewriteWarning: Module already imported so cannot be rewritten: apiritif
    self._mark_plugins_for_rewrite(hook)

-- Docs: https://docs.pytest.org/en/stable/warnings.html
======================== 15 passed, 1 warning in 13.44s ========================
============================= test session starts ==============================
platform linux -- Python 3.9.5, pytest-6.2.5, py-1.11.0, pluggy-1.0.0
rootdir: /dc-app-performance-toolkit/app
plugins: forked-1.4.0, xdist-2.5.0, apiritif-1.0.0
collected 15 items

selenium_ui/jira_ui.py get driver from global
clear browser cookies
1651276385206,144,selenium_login:open_login_page,Success,True
node_id:node1
1651276385814,608,selenium_login:login_and_view_dashboard,Success,True
1651276385814,752,selenium_login,Success,True
.test_0_selenium_a_login,Total:46 Passed:46 Failed:0
1651276386113,280,selenium_browse_projects_list,Success,True
.test_1_selenium_browse_projects_list,Total:47 Passed:47 Failed:0
1651276386936,821,selenium_browse_boards_list,Success,True
.test_1_selenium_browse_boards_list,Total:48 Passed:48 Failed:0
1651276387591,638,selenium_create_issue:open_quick_create,Success,True
1651276388673,590,selenium_create_issue:fill_and_submit_issue_form:submit_issue_form,Success,True
1651276388673,1082,selenium_create_issue:fill_and_submit_issue_form,Success,True
1651276388673,1721,selenium_create_issue,Success,True
.test_1_selenium_create_issue,Total:49 Passed:49 Failed:0
.test_1_selenium_quick_create,Total:50 Passed:50 Failed:0
1651276391188,660,selenium_edit_issue:open_edit_issue_form,Success,True
1651276392026,580,selenium_edit_issue:save_edit_issue_form,Success,True
1651276392026,1499,selenium_edit_issue,Success,True
.test_1_selenium_edit_issue,Total:51 Passed:51 Failed:0
1651276392530,502,selenium_save_comment:open_comment_form,Success,True
1651276393300,675,selenium_save_comment:submit_form,Success,True
1651276393300,1272,selenium_save_comment,Success,True
.test_1_selenium_save_comment,Total:52 Passed:52 Failed:0
1651276394536,1234,selenium_search_jql,Success,True
.test_1_selenium_search_jql,Total:53 Passed:53 Failed:0
1651276395399,861,selenium_view_scrum_board_backlog,Success,True
.test_1_selenium_view_backlog_for_scrum_board,Total:54 Passed:54 Failed:0
1651276396301,900,selenium_view_scrum_board,Success,True
.test_1_selenium_view_scrum_board,Total:55 Passed:55 Failed:0
1651276397045,742,selenium_view_kanban_board,Success,True
.test_1_selenium_view_kanban_board,Total:56 Passed:56 Failed:0
1651276397520,473,selenium_view_dashboard,Success,True
.test_1_selenium_view_dashboard,Total:57 Passed:57 Failed:0
1651276398020,499,selenium_view_issue,Success,True
.test_1_selenium_view_issue,Total:58 Passed:58 Failed:0
1651276398622,600,selenium_project_summary,Success,True
.test_1_selenium_view_project_summary,Total:59 Passed:59 Failed:0
1651276398974,350,selenium_log_out,Success,True
.test_2_selenium_z_log_out,Total:60 Passed:60 Failed:0


=============================== warnings summary ===============================
../../root/.bzt/python-packages/3.9.5/_pytest/config/__init__.py:1114
  /root/.bzt/python-packages/3.9.5/_pytest/config/__init__.py:1114: PytestAssertRewriteWarning: Module already imported so cannot be rewritten: apiritif
    self._mark_plugins_for_rewrite(hook)

-- Docs: https://docs.pytest.org/en/stable/warnings.html
======================== 15 passed, 1 warning in 13.94s ========================
============================= test session starts ==============================
platform linux -- Python 3.9.5, pytest-6.2.5, py-1.11.0, pluggy-1.0.0
rootdir: /dc-app-performance-toolkit/app
plugins: forked-1.4.0, xdist-2.5.0, apiritif-1.0.0
collected 15 items

selenium_ui/jira_ui.py get driver from global
clear browser cookies
1651276399199,148,selenium_login:open_login_page,Success,True
node_id:node2
1651276399816,615,selenium_login:login_and_view_dashboard,Success,True
1651276399816,765,selenium_login,Success,True
.test_0_selenium_a_login,Total:61 Passed:61 Failed:0
1651276400128,291,selenium_browse_projects_list,Success,True
.test_1_selenium_browse_projects_list,Total:62 Passed:62 Failed:0
1651276400418,288,selenium_browse_boards_list,Success,True
.test_1_selenium_browse_boards_list,Total:63 Passed:63 Failed:0
1651276401081,646,selenium_create_issue:open_quick_create,Success,True
1651276402246,593,selenium_create_issue:fill_and_submit_issue_form:submit_issue_form,Success,True
1651276402246,1164,selenium_create_issue:fill_and_submit_issue_form,Success,True
1651276402246,1811,selenium_create_issue,Success,True
.test_1_selenium_create_issue,Total:64 Passed:64 Failed:0
.test_1_selenium_quick_create,Total:65 Passed:65 Failed:0
1651276404794,684,selenium_edit_issue:open_edit_issue_form,Success,True
1651276405616,567,selenium_edit_issue:save_edit_issue_form,Success,True
1651276405617,1507,selenium_edit_issue,Success,True
.test_1_selenium_edit_issue,Total:66 Passed:66 Failed:0
1651276406099,481,selenium_save_comment:open_comment_form,Success,True
1651276406903,706,selenium_save_comment:submit_form,Success,True
1651276406904,1285,selenium_save_comment,Success,True
.test_1_selenium_save_comment,Total:67 Passed:67 Failed:0
1651276408063,1157,selenium_search_jql,Success,True
.test_1_selenium_search_jql,Total:68 Passed:68 Failed:0
1651276408911,846,selenium_view_scrum_board_backlog,Success,True
.test_1_selenium_view_backlog_for_scrum_board,Total:69 Passed:69 Failed:0
1651276409747,833,selenium_view_scrum_board,Success,True
.test_1_selenium_view_scrum_board,Total:70 Passed:70 Failed:0
1651276410527,779,selenium_view_kanban_board,Success,True
.test_1_selenium_view_kanban_board,Total:71 Passed:71 Failed:0
1651276411054,525,selenium_view_dashboard,Success,True
.test_1_selenium_view_dashboard,Total:72 Passed:72 Failed:0
1651276411704,648,selenium_view_issue,Success,True
.test_1_selenium_view_issue,Total:73 Passed:73 Failed:0
1651276412141,435,selenium_project_summary,Success,True
.test_1_selenium_view_project_summary,Total:74 Passed:74 Failed:0
1651276412552,410,selenium_log_out,Success,True
.test_2_selenium_z_log_out,Total:75 Passed:75 Failed:0


=============================== warnings summary ===============================
../../root/.bzt/python-packages/3.9.5/_pytest/config/__init__.py:1114
  /root/.bzt/python-packages/3.9.5/_pytest/config/__init__.py:1114: PytestAssertRewriteWarning: Module already imported so cannot be rewritten: apiritif
    self._mark_plugins_for_rewrite(hook)

-- Docs: https://docs.pytest.org/en/stable/warnings.html
======================== 15 passed, 1 warning in 13.53s ========================
============================= test session starts ==============================
platform linux -- Python 3.9.5, pytest-6.2.5, py-1.11.0, pluggy-1.0.0
rootdir: /dc-app-performance-toolkit/app
plugins: forked-1.4.0, xdist-2.5.0, apiritif-1.0.0
collected 15 items

selenium_ui/jira_ui.py get driver from global
clear browser cookies
1651276412799,142,selenium_login:open_login_page,Success,True
node_id:node1
1651276413443,644,selenium_login:login_and_view_dashboard,Success,True
1651276413443,787,selenium_login,Success,True
.test_0_selenium_a_login,Total:76 Passed:76 Failed:0
1651276413749,285,selenium_browse_projects_list,Success,True
.test_1_selenium_browse_projects_list,Total:77 Passed:77 Failed:0
1651276414058,308,selenium_browse_boards_list,Success,True
.test_1_selenium_browse_boards_list,Total:78 Passed:78 Failed:0
1651276414714,639,selenium_create_issue:open_quick_create,Success,True
1651276415902,601,selenium_create_issue:fill_and_submit_issue_form:submit_issue_form,Success,True
1651276415902,1187,selenium_create_issue:fill_and_submit_issue_form,Success,True
1651276415902,1827,selenium_create_issue,Success,True
.test_1_selenium_create_issue,Total:79 Passed:79 Failed:0
.test_1_selenium_quick_create,Total:80 Passed:80 Failed:0
1651276418450,674,selenium_edit_issue:open_edit_issue_form,Success,True
1651276419261,555,selenium_edit_issue:save_edit_issue_form,Success,True
1651276419261,1485,selenium_edit_issue,Success,True
.test_1_selenium_edit_issue,Total:81 Passed:81 Failed:0
1651276419684,420,selenium_save_comment:open_comment_form,Success,True
1651276420460,680,selenium_save_comment:submit_form,Success,True
1651276420461,1197,selenium_save_comment,Success,True
.test_1_selenium_save_comment,Total:82 Passed:82 Failed:0
1651276421610,1148,selenium_search_jql,Success,True
.test_1_selenium_search_jql,Total:83 Passed:83 Failed:0
1651276422895,1283,selenium_view_scrum_board_backlog,Success,True
.test_1_selenium_view_backlog_for_scrum_board,Total:84 Passed:84 Failed:0
1651276423698,801,selenium_view_scrum_board,Success,True
.test_1_selenium_view_scrum_board,Total:85 Passed:85 Failed:0
1651276424869,1169,selenium_view_kanban_board,Success,True
.test_1_selenium_view_kanban_board,Total:86 Passed:86 Failed:0
1651276425317,446,selenium_view_dashboard,Success,True
.test_1_selenium_view_dashboard,Total:87 Passed:87 Failed:0
1651276425861,542,selenium_view_issue,Success,True
.test_1_selenium_view_issue,Total:88 Passed:88 Failed:0
1651276426393,530,selenium_project_summary,Success,True
.test_1_selenium_view_project_summary,Total:89 Passed:89 Failed:0
1651276426748,353,selenium_log_out,Success,True
.test_2_selenium_z_log_out,Total:90 Passed:90 Failed:0


=============================== warnings summary ===============================
../../root/.bzt/python-packages/3.9.5/_pytest/config/__init__.py:1114
  /root/.bzt/python-packages/3.9.5/_pytest/config/__init__.py:1114: PytestAssertRewriteWarning: Module already imported so cannot be rewritten: apiritif
    self._mark_plugins_for_rewrite(hook)

-- Docs: https://docs.pytest.org/en/stable/warnings.html
======================== 15 passed, 1 warning in 14.14s ========================
============================= test session starts ==============================
platform linux -- Python 3.9.5, pytest-6.2.5, py-1.11.0, pluggy-1.0.0
rootdir: /dc-app-performance-toolkit/app
plugins: forked-1.4.0, xdist-2.5.0, apiritif-1.0.0
collected 15 items

selenium_ui/jira_ui.py get driver from global
clear browser cookies
1651276426970,146,selenium_login:open_login_page,Success,True
node_id:node2
1651276427583,613,selenium_login:login_and_view_dashboard,Success,True
1651276427583,760,selenium_login,Success,True
.test_0_selenium_a_login,Total:91 Passed:91 Failed:0
1651276427905,302,selenium_browse_projects_list,Success,True
.test_1_selenium_browse_projects_list,Total:92 Passed:92 Failed:0
1651276428200,294,selenium_browse_boards_list,Success,True
.test_1_selenium_browse_boards_list,Total:93 Passed:93 Failed:0
1651276428879,660,selenium_create_issue:open_quick_create,Success,True
1651276430021,592,selenium_create_issue:fill_and_submit_issue_form:submit_issue_form,Success,True
1651276430021,1142,selenium_create_issue:fill_and_submit_issue_form,Success,True
1651276430021,1803,selenium_create_issue,Success,True
.test_1_selenium_create_issue,Total:94 Passed:94 Failed:0
.test_1_selenium_quick_create,Total:95 Passed:95 Failed:0
1651276432436,539,selenium_edit_issue:open_edit_issue_form,Success,True
1651276433646,789,selenium_edit_issue:save_edit_issue_form,Success,True
1651276433646,1749,selenium_edit_issue,Success,True
.test_1_selenium_edit_issue,Total:96 Passed:96 Failed:0
1651276434004,356,selenium_save_comment:open_comment_form,Success,True
1651276434774,672,selenium_save_comment:submit_form,Success,True
1651276434774,1126,selenium_save_comment,Success,True
.test_1_selenium_save_comment,Total:97 Passed:97 Failed:0
1651276435940,1164,selenium_search_jql,Success,True
.test_1_selenium_search_jql,Total:98 Passed:98 Failed:0
1651276436761,820,selenium_view_scrum_board_backlog,Success,True
.test_1_selenium_view_backlog_for_scrum_board,Total:99 Passed:99 Failed:0
1651276437673,910,selenium_view_scrum_board,Success,True
.test_1_selenium_view_scrum_board,Total:100 Passed:100 Failed:0
1651276438161,484,selenium_view_kanban_board,Success,True
.test_1_selenium_view_kanban_board,Total:101 Passed:101 Failed:0
1651276438428,265,selenium_view_dashboard,Success,True
.test_1_selenium_view_dashboard,Total:102 Passed:102 Failed:0
1651276439004,574,selenium_view_issue,Success,True
.test_1_selenium_view_issue,Total:103 Passed:103 Failed:0
1651276439460,454,selenium_project_summary,Success,True
.test_1_selenium_view_project_summary,Total:104 Passed:104 Failed:0
1651276439827,366,selenium_log_out,Success,True
.test_2_selenium_z_log_out,Total:105 Passed:105 Failed:0


=============================== warnings summary ===============================
../../root/.bzt/python-packages/3.9.5/_pytest/config/__init__.py:1114
  /root/.bzt/python-packages/3.9.5/_pytest/config/__init__.py:1114: PytestAssertRewriteWarning: Module already imported so cannot be rewritten: apiritif
    self._mark_plugins_for_rewrite(hook)

-- Docs: https://docs.pytest.org/en/stable/warnings.html
======================== 15 passed, 1 warning in 13.03s ========================
============================= test session starts ==============================
platform linux -- Python 3.9.5, pytest-6.2.5, py-1.11.0, pluggy-1.0.0
rootdir: /dc-app-performance-toolkit/app
plugins: forked-1.4.0, xdist-2.5.0, apiritif-1.0.0
collected 15 items

selenium_ui/jira_ui.py get driver from global
clear browser cookies
1651276440065,158,selenium_login:open_login_page,Success,True
node_id:node1
1651276440697,632,selenium_login:login_and_view_dashboard,Success,True
1651276440697,791,selenium_login,Success,True
.test_0_selenium_a_login,Total:106 Passed:106 Failed:0
1651276440988,270,selenium_browse_projects_list,Success,True
.test_1_selenium_browse_projects_list,Total:107 Passed:107 Failed:0
1651276441260,271,selenium_browse_boards_list,Success,True
.test_1_selenium_browse_boards_list,Total:108 Passed:108 Failed:0
1651276441925,647,selenium_create_issue:open_quick_create,Success,True
1651276443054,592,selenium_create_issue:fill_and_submit_issue_form:submit_issue_form,Success,True
1651276443054,1128,selenium_create_issue:fill_and_submit_issue_form,Success,True
1651276443054,1776,selenium_create_issue,Success,True
.test_1_selenium_create_issue,Total:109 Passed:109 Failed:0
.test_1_selenium_quick_create,Total:110 Passed:110 Failed:0
1651276445525,550,selenium_edit_issue:open_edit_issue_form,Success,True
1651276446722,752,selenium_edit_issue:save_edit_issue_form,Success,True
1651276446722,1747,selenium_edit_issue,Success,True
.test_1_selenium_edit_issue,Total:111 Passed:111 Failed:0
1651276447091,367,selenium_save_comment:open_comment_form,Success,True
1651276447882,689,selenium_save_comment:submit_form,Success,True
1651276447883,1159,selenium_save_comment,Success,True
.test_1_selenium_save_comment,Total:112 Passed:112 Failed:0
1651276449035,1151,selenium_search_jql,Success,True
.test_1_selenium_search_jql,Total:113 Passed:113 Failed:0
1651276450237,1200,selenium_view_scrum_board_backlog,Success,True
.test_1_selenium_view_backlog_for_scrum_board,Total:114 Passed:114 Failed:0
1651276451088,849,selenium_view_scrum_board,Success,True
.test_1_selenium_view_scrum_board,Total:115 Passed:115 Failed:0
1651276451882,792,selenium_view_kanban_board,Success,True
.test_1_selenium_view_kanban_board,Total:116 Passed:116 Failed:0
1651276452351,467,selenium_view_dashboard,Success,True
.test_1_selenium_view_dashboard,Total:117 Passed:117 Failed:0
1651276452960,607,selenium_view_issue,Success,True
.test_1_selenium_view_issue,Total:118 Passed:118 Failed:0
1651276453369,407,selenium_project_summary,Success,True
.test_1_selenium_view_project_summary,Total:119 Passed:119 Failed:0
1651276453705,334,selenium_log_out,Success,True
.test_2_selenium_z_log_out,Total:120 Passed:120 Failed:0


=============================== warnings summary ===============================
../../root/.bzt/python-packages/3.9.5/_pytest/config/__init__.py:1114
  /root/.bzt/python-packages/3.9.5/_pytest/config/__init__.py:1114: PytestAssertRewriteWarning: Module already imported so cannot be rewritten: apiritif
    self._mark_plugins_for_rewrite(hook)

-- Docs: https://docs.pytest.org/en/stable/warnings.html
======================== 15 passed, 1 warning in 13.83s ========================
============================= test session starts ==============================
platform linux -- Python 3.9.5, pytest-6.2.5, py-1.11.0, pluggy-1.0.0
rootdir: /dc-app-performance-toolkit/app
plugins: forked-1.4.0, xdist-2.5.0, apiritif-1.0.0
collected 15 items

selenium_ui/jira_ui.py get driver from global
clear browser cookies
1651276453915,134,selenium_login:open_login_page,Success,True
node_id:node1
1651276454456,541,selenium_login:login_and_view_dashboard,Success,True
1651276454456,676,selenium_login,Success,True
.test_0_selenium_a_login,Total:121 Passed:121 Failed:0
1651276454761,285,selenium_browse_projects_list,Success,True
.test_1_selenium_browse_projects_list,Total:122 Passed:122 Failed:0
1651276455034,270,selenium_browse_boards_list,Success,True
.test_1_selenium_browse_boards_list,Total:123 Passed:123 Failed:0
1651276455692,640,selenium_create_issue:open_quick_create,Success,True
1651276456870,598,selenium_create_issue:fill_and_submit_issue_form:submit_issue_form,Success,True
1651276456870,1178,selenium_create_issue:fill_and_submit_issue_form,Success,True
1651276456870,1818,selenium_create_issue,Success,True
.test_1_selenium_create_issue,Total:124 Passed:124 Failed:0
.test_1_selenium_quick_create,Total:125 Passed:125 Failed:0
1651276459423,703,selenium_edit_issue:open_edit_issue_form,Success,True
1651276460248,566,selenium_edit_issue:save_edit_issue_form,Success,True
1651276460248,1528,selenium_edit_issue,Success,True
.test_1_selenium_edit_issue,Total:126 Passed:126 Failed:0
1651276460646,396,selenium_save_comment:open_comment_form,Success,True
1651276461398,644,selenium_save_comment:submit_form,Success,True
1651276461398,1148,selenium_save_comment,Success,True
.test_1_selenium_save_comment,Total:127 Passed:127 Failed:0
1651276462591,1192,selenium_search_jql,Success,True
.test_1_selenium_search_jql,Total:128 Passed:128 Failed:0
1651276463777,1183,selenium_view_scrum_board_backlog,Success,True
.test_1_selenium_view_backlog_for_scrum_board,Total:129 Passed:129 Failed:0
1651276464620,841,selenium_view_scrum_board,Success,True
.test_1_selenium_view_scrum_board,Total:130 Passed:130 Failed:0
1651276465241,620,selenium_view_kanban_board,Success,True
.test_1_selenium_view_kanban_board,Total:131 Passed:131 Failed:0
1651276465696,453,selenium_view_dashboard,Success,True
.test_1_selenium_view_dashboard,Total:132 Passed:132 Failed:0
1651276466212,515,selenium_view_issue,Success,True
.test_1_selenium_view_issue,Total:133 Passed:133 Failed:0
1651276466734,520,selenium_project_summary,Success,True
.test_1_selenium_view_project_summary,Total:134 Passed:134 Failed:0
1651276467067,332,selenium_log_out,Success,True
.test_2_selenium_z_log_out,Total:135 Passed:135 Failed:0


=============================== warnings summary ===============================
../../root/.bzt/python-packages/3.9.5/_pytest/config/__init__.py:1114
  /root/.bzt/python-packages/3.9.5/_pytest/config/__init__.py:1114: PytestAssertRewriteWarning: Module already imported so cannot be rewritten: apiritif
    self._mark_plugins_for_rewrite(hook)

-- Docs: https://docs.pytest.org/en/stable/warnings.html
======================== 15 passed, 1 warning in 13.31s ========================
============================= test session starts ==============================
platform linux -- Python 3.9.5, pytest-6.2.5, py-1.11.0, pluggy-1.0.0
rootdir: /dc-app-performance-toolkit/app
plugins: forked-1.4.0, xdist-2.5.0, apiritif-1.0.0
collected 15 items

selenium_ui/jira_ui.py get driver from global
clear browser cookies
1651276467298,154,selenium_login:open_login_page,Success,True
node_id:node2
1651276467965,667,selenium_login:login_and_view_dashboard,Success,True
1651276467965,821,selenium_login,Success,True
.test_0_selenium_a_login,Total:136 Passed:136 Failed:0
1651276468284,293,selenium_browse_projects_list,Success,True
.test_1_selenium_browse_projects_list,Total:137 Passed:137 Failed:0
1651276468588,302,selenium_browse_boards_list,Success,True
.test_1_selenium_browse_boards_list,Total:138 Passed:138 Failed:0
1651276469257,651,selenium_create_issue:open_quick_create,Success,True
1651276470330,592,selenium_create_issue:fill_and_submit_issue_form:submit_issue_form,Success,True
1651276470330,1072,selenium_create_issue:fill_and_submit_issue_form,Success,True
1651276470330,1724,selenium_create_issue,Success,True
.test_1_selenium_create_issue,Total:139 Passed:139 Failed:0
.test_1_selenium_quick_create,Total:140 Passed:140 Failed:0
1651276472913,696,selenium_edit_issue:open_edit_issue_form,Success,True
1651276473925,761,selenium_edit_issue:save_edit_issue_form,Success,True
1651276473925,1709,selenium_edit_issue,Success,True
.test_1_selenium_edit_issue,Total:141 Passed:141 Failed:0
1651276474264,337,selenium_save_comment:open_comment_form,Success,True
1651276475050,687,selenium_save_comment:submit_form,Success,True
1651276475050,1123,selenium_save_comment,Success,True
.test_1_selenium_save_comment,Total:142 Passed:142 Failed:0
1651276476168,1116,selenium_search_jql,Success,True
.test_1_selenium_search_jql,Total:143 Passed:143 Failed:0
1651276477125,955,selenium_view_scrum_board_backlog,Success,True
.test_1_selenium_view_backlog_for_scrum_board,Total:144 Passed:144 Failed:0
1651276478054,927,selenium_view_scrum_board,Success,True
.test_1_selenium_view_scrum_board,Total:145 Passed:145 Failed:0
1651276478738,682,selenium_view_kanban_board,Success,True
.test_1_selenium_view_kanban_board,Total:146 Passed:146 Failed:0
1651276479233,493,selenium_view_dashboard,Success,True
.test_1_selenium_view_dashboard,Total:147 Passed:147 Failed:0
1651276479845,610,selenium_view_issue,Success,True
.test_1_selenium_view_issue,Total:148 Passed:148 Failed:0
1651276480259,411,selenium_project_summary,Success,True
.test_1_selenium_view_project_summary,Total:149 Passed:149 Failed:0
1651276480622,362,selenium_log_out,Success,True
.test_2_selenium_z_log_out,Total:150 Passed:150 Failed:0


=============================== warnings summary ===============================
../../root/.bzt/python-packages/3.9.5/_pytest/config/__init__.py:1114
  /root/.bzt/python-packages/3.9.5/_pytest/config/__init__.py:1114: PytestAssertRewriteWarning: Module already imported so cannot be rewritten: apiritif
    self._mark_plugins_for_rewrite(hook)

-- Docs: https://docs.pytest.org/en/stable/warnings.html
======================== 15 passed, 1 warning in 13.50s ========================
============================= test session starts ==============================
platform linux -- Python 3.9.5, pytest-6.2.5, py-1.11.0, pluggy-1.0.0
rootdir: /dc-app-performance-toolkit/app
plugins: forked-1.4.0, xdist-2.5.0, apiritif-1.0.0
collected 15 items

selenium_ui/jira_ui.py get driver from global
clear browser cookies
1651276480847,151,selenium_login:open_login_page,Success,True
node_id:node1
1651276481429,581,selenium_login:login_and_view_dashboard,Success,True
1651276481429,734,selenium_login,Success,True
.test_0_selenium_a_login,Total:151 Passed:151 Failed:0
1651276481741,282,selenium_browse_projects_list,Success,True
.test_1_selenium_browse_projects_list,Total:152 Passed:152 Failed:0
1651276482023,280,selenium_browse_boards_list,Success,True
.test_1_selenium_browse_boards_list,Total:153 Passed:153 Failed:0
1651276482707,665,selenium_create_issue:open_quick_create,Success,True
1651276483833,592,selenium_create_issue:fill_and_submit_issue_form:submit_issue_form,Success,True
1651276483833,1125,selenium_create_issue:fill_and_submit_issue_form,Success,True
1651276483833,1791,selenium_create_issue,Success,True
.test_1_selenium_create_issue,Total:154 Passed:154 Failed:0
.test_1_selenium_quick_create,Total:155 Passed:155 Failed:0
1651276486410,708,selenium_edit_issue:open_edit_issue_form,Success,True
1651276487246,571,selenium_edit_issue:save_edit_issue_form,Success,True
1651276487246,1544,selenium_edit_issue,Success,True
.test_1_selenium_edit_issue,Total:156 Passed:156 Failed:0
1651276487677,429,selenium_save_comment:open_comment_form,Success,True
1651276488430,643,selenium_save_comment:submit_form,Success,True
1651276488430,1182,selenium_save_comment,Success,True
.test_1_selenium_save_comment,Total:157 Passed:157 Failed:0
1651276489622,1190,selenium_search_jql,Success,True
.test_1_selenium_search_jql,Total:158 Passed:158 Failed:0
1651276490839,1215,selenium_view_scrum_board_backlog,Success,True
.test_1_selenium_view_backlog_for_scrum_board,Total:159 Passed:159 Failed:0
1651276491187,346,selenium_view_scrum_board,Success,True
.test_1_selenium_view_scrum_board,Total:160 Passed:160 Failed:0
1651276491969,780,selenium_view_kanban_board,Success,True
.test_1_selenium_view_kanban_board,Total:161 Passed:161 Failed:0
1651276492575,605,selenium_view_dashboard,Success,True
.test_1_selenium_view_dashboard,Total:162 Passed:162 Failed:0
1651276493142,565,selenium_view_issue,Success,True
.test_1_selenium_view_issue,Total:163 Passed:163 Failed:0
1651276493508,364,selenium_project_summary,Success,True
.test_1_selenium_view_project_summary,Total:164 Passed:164 Failed:0
1651276493915,405,selenium_log_out,Success,True
.test_2_selenium_z_log_out,Total:165 Passed:165 Failed:0


=============================== warnings summary ===============================
../../root/.bzt/python-packages/3.9.5/_pytest/config/__init__.py:1114
  /root/.bzt/python-packages/3.9.5/_pytest/config/__init__.py:1114: PytestAssertRewriteWarning: Module already imported so cannot be rewritten: apiritif
    self._mark_plugins_for_rewrite(hook)

-- Docs: https://docs.pytest.org/en/stable/warnings.html
======================== 15 passed, 1 warning in 13.24s ========================
============================= test session starts ==============================
platform linux -- Python 3.9.5, pytest-6.2.5, py-1.11.0, pluggy-1.0.0
rootdir: /dc-app-performance-toolkit/app
plugins: forked-1.4.0, xdist-2.5.0, apiritif-1.0.0
collected 15 items

selenium_ui/jira_ui.py get driver from global
clear browser cookies
1651276494146,152,selenium_login:open_login_page,Success,True
node_id:node2
1651276494719,572,selenium_login:login_and_view_dashboard,Success,True
1651276494719,725,selenium_login,Success,True
.test_0_selenium_a_login,Total:166 Passed:166 Failed:0
1651276495012,272,selenium_browse_projects_list,Success,True
.test_1_selenium_browse_projects_list,Total:167 Passed:167 Failed:0
1651276495303,289,selenium_browse_boards_list,Success,True
.test_1_selenium_browse_boards_list,Total:168 Passed:168 Failed:0
1651276495983,661,selenium_create_issue:open_quick_create,Success,True
1651276497100,601,selenium_create_issue:fill_and_submit_issue_form:submit_issue_form,Success,True
1651276497101,1117,selenium_create_issue:fill_and_submit_issue_form,Success,True
1651276497101,1779,selenium_create_issue,Success,True
.test_1_selenium_create_issue,Total:169 Passed:169 Failed:0
.test_1_selenium_quick_create,Total:170 Passed:170 Failed:0
1651276499616,666,selenium_edit_issue:open_edit_issue_form,Success,True
1651276500447,581,selenium_edit_issue:save_edit_issue_form,Success,True
1651276500447,1497,selenium_edit_issue,Success,True
.test_1_selenium_edit_issue,Total:171 Passed:171 Failed:0
1651276500803,354,selenium_save_comment:open_comment_form,Success,True
1651276501611,668,selenium_save_comment:submit_form,Success,True
1651276501612,1162,selenium_save_comment,Success,True
.test_1_selenium_save_comment,Total:172 Passed:172 Failed:0
1651276502806,1192,selenium_search_jql,Success,True
.test_1_selenium_search_jql,Total:173 Passed:173 Failed:0
1651276504074,1267,selenium_view_scrum_board_backlog,Success,True
.test_1_selenium_view_backlog_for_scrum_board,Total:174 Passed:174 Failed:0
1651276504900,823,selenium_view_scrum_board,Success,True
.test_1_selenium_view_scrum_board,Total:175 Passed:175 Failed:0
1651276505311,410,selenium_view_kanban_board,Success,True
.test_1_selenium_view_kanban_board,Total:176 Passed:176 Failed:0
1651276505528,214,selenium_view_dashboard,Success,True
.test_1_selenium_view_dashboard,Total:177 Passed:177 Failed:0
1651276506100,571,selenium_view_issue,Success,True
.test_1_selenium_view_issue,Total:178 Passed:178 Failed:0
1651276506591,489,selenium_project_summary,Success,True
.test_1_selenium_view_project_summary,Total:179 Passed:179 Failed:0
1651276506985,392,selenium_log_out,Success,True
.test_2_selenium_z_log_out,Total:180 Passed:180 Failed:0


=============================== warnings summary ===============================
../../root/.bzt/python-packages/3.9.5/_pytest/config/__init__.py:1114
  /root/.bzt/python-packages/3.9.5/_pytest/config/__init__.py:1114: PytestAssertRewriteWarning: Module already imported so cannot be rewritten: apiritif
    self._mark_plugins_for_rewrite(hook)

-- Docs: https://docs.pytest.org/en/stable/warnings.html
======================== 15 passed, 1 warning in 13.02s ========================
============================= test session starts ==============================
platform linux -- Python 3.9.5, pytest-6.2.5, py-1.11.0, pluggy-1.0.0
rootdir: /dc-app-performance-toolkit/app
plugins: forked-1.4.0, xdist-2.5.0, apiritif-1.0.0
collected 15 items

selenium_ui/jira_ui.py get driver from global
clear browser cookies
1651276507208,150,selenium_login:open_login_page,Success,True
node_id:node1
1651276507783,573,selenium_login:login_and_view_dashboard,Success,True
1651276507783,725,selenium_login,Success,True
.test_0_selenium_a_login,Total:181 Passed:181 Failed:0
1651276508088,284,selenium_browse_projects_list,Success,True
.test_1_selenium_browse_projects_list,Total:182 Passed:182 Failed:0
1651276508375,285,selenium_browse_boards_list,Success,True
.test_1_selenium_browse_boards_list,Total:183 Passed:183 Failed:0
1651276509072,677,selenium_create_issue:open_quick_create,Success,True
1651276510211,593,selenium_create_issue:fill_and_submit_issue_form:submit_issue_form,Success,True
1651276510211,1139,selenium_create_issue:fill_and_submit_issue_form,Success,True
1651276510211,1816,selenium_create_issue,Success,True
.test_1_selenium_create_issue,Total:184 Passed:184 Failed:0
.test_1_selenium_quick_create,Total:185 Passed:185 Failed:0
1651276512766,699,selenium_edit_issue:open_edit_issue_form,Success,True
1651276513614,593,selenium_edit_issue:save_edit_issue_form,Success,True
1651276513614,1547,selenium_edit_issue,Success,True
.test_1_selenium_edit_issue,Total:186 Passed:186 Failed:0
1651276514025,410,selenium_save_comment:open_comment_form,Success,True
1651276514998,857,selenium_save_comment:submit_form,Success,True
1651276514999,1383,selenium_save_comment,Success,True
.test_1_selenium_save_comment,Total:187 Passed:187 Failed:0
1651276516138,1138,selenium_search_jql,Success,True
.test_1_selenium_search_jql,Total:188 Passed:188 Failed:0
1651276517130,990,selenium_view_scrum_board_backlog,Success,True
.test_1_selenium_view_backlog_for_scrum_board,Total:189 Passed:189 Failed:0
1651276518036,904,selenium_view_scrum_board,Success,True
.test_1_selenium_view_scrum_board,Total:190 Passed:190 Failed:0
1651276518480,442,selenium_view_kanban_board,Success,True
.test_1_selenium_view_kanban_board,Total:191 Passed:191 Failed:0
1651276518888,406,selenium_view_dashboard,Success,True
.test_1_selenium_view_dashboard,Total:192 Passed:192 Failed:0
1651276519480,590,selenium_view_issue,Success,True
.test_1_selenium_view_issue,Total:193 Passed:193 Failed:0
1651276519887,405,selenium_project_summary,Success,True
.test_1_selenium_view_project_summary,Total:194 Passed:194 Failed:0
1651276520407,518,selenium_log_out,Success,True
.test_2_selenium_z_log_out,Total:195 Passed:195 Failed:0


=============================== warnings summary ===============================
../../root/.bzt/python-packages/3.9.5/_pytest/config/__init__.py:1114
  /root/.bzt/python-packages/3.9.5/_pytest/config/__init__.py:1114: PytestAssertRewriteWarning: Module already imported so cannot be rewritten: apiritif
    self._mark_plugins_for_rewrite(hook)

-- Docs: https://docs.pytest.org/en/stable/warnings.html
======================== 15 passed, 1 warning in 13.37s ========================
============================= test session starts ==============================
platform linux -- Python 3.9.5, pytest-6.2.5, py-1.11.0, pluggy-1.0.0
rootdir: /dc-app-performance-toolkit/app
plugins: forked-1.4.0, xdist-2.5.0, apiritif-1.0.0
collected 15 items

selenium_ui/jira_ui.py get driver from global
clear browser cookies
1651276520671,168,selenium_login:open_login_page,Success,True
node_id:node2
1651276521276,604,selenium_login:login_and_view_dashboard,Success,True
1651276521276,773,selenium_login,Success,True
.test_0_selenium_a_login,Total:196 Passed:196 Failed:0
1651276521570,272,selenium_browse_projects_list,Success,True
.test_1_selenium_browse_projects_list,Total:197 Passed:197 Failed:0
1651276521859,287,selenium_browse_boards_list,Success,True
.test_1_selenium_browse_boards_list,Total:198 Passed:198 Failed:0
1651276522527,649,selenium_create_issue:open_quick_create,Success,True
1651276523623,599,selenium_create_issue:fill_and_submit_issue_form:submit_issue_form,Success,True
1651276523623,1096,selenium_create_issue:fill_and_submit_issue_form,Success,True
1651276523623,1745,selenium_create_issue,Success,True
.test_1_selenium_create_issue,Total:199 Passed:199 Failed:0
.test_1_selenium_quick_create,Total:200 Passed:200 Failed:0
1651276526175,686,selenium_edit_issue:open_edit_issue_form,Success,True
1651276527111,685,selenium_edit_issue:save_edit_issue_form,Success,True
1651276527111,1622,selenium_edit_issue,Success,True
.test_1_selenium_edit_issue,Total:201 Passed:201 Failed:0
1651276527514,401,selenium_save_comment:open_comment_form,Success,True
1651276528330,714,selenium_save_comment:submit_form,Success,True
1651276528330,1217,selenium_save_comment,Success,True
.test_1_selenium_save_comment,Total:202 Passed:202 Failed:0
1651276529496,1164,selenium_search_jql,Success,True
.test_1_selenium_search_jql,Total:203 Passed:203 Failed:0
1651276530544,1046,selenium_view_scrum_board_backlog,Success,True
.test_1_selenium_view_backlog_for_scrum_board,Total:204 Passed:204 Failed:0
1651276530974,429,selenium_view_scrum_board,Success,True
.test_1_selenium_view_scrum_board,Total:205 Passed:205 Failed:0
1651276531862,886,selenium_view_kanban_board,Success,True
.test_1_selenium_view_kanban_board,Total:206 Passed:206 Failed:0
1651276532280,417,selenium_view_dashboard,Success,True
.test_1_selenium_view_dashboard,Total:207 Passed:207 Failed:0
1651276532949,667,selenium_view_issue,Success,True
.test_1_selenium_view_issue,Total:208 Passed:208 Failed:0
1651276533433,481,selenium_project_summary,Success,True
.test_1_selenium_view_project_summary,Total:209 Passed:209 Failed:0
1651276533815,381,selenium_log_out,Success,True
.test_2_selenium_z_log_out,Total:210 Passed:210 Failed:0


=============================== warnings summary ===============================
../../root/.bzt/python-packages/3.9.5/_pytest/config/__init__.py:1114
  /root/.bzt/python-packages/3.9.5/_pytest/config/__init__.py:1114: PytestAssertRewriteWarning: Module already imported so cannot be rewritten: apiritif
    self._mark_plugins_for_rewrite(hook)

-- Docs: https://docs.pytest.org/en/stable/warnings.html
======================== 15 passed, 1 warning in 13.34s ========================
============================= test session starts ==============================
platform linux -- Python 3.9.5, pytest-6.2.5, py-1.11.0, pluggy-1.0.0
rootdir: /dc-app-performance-toolkit/app
plugins: forked-1.4.0, xdist-2.5.0, apiritif-1.0.0
collected 15 items

selenium_ui/jira_ui.py get driver from global
clear browser cookies
1651276534035,144,selenium_login:open_login_page,Success,True
node_id:node1
1651276534639,603,selenium_login:login_and_view_dashboard,Success,True
1651276534639,748,selenium_login,Success,True
.test_0_selenium_a_login,Total:211 Passed:211 Failed:0
1651276534926,264,selenium_browse_projects_list,Success,True
.test_1_selenium_browse_projects_list,Total:212 Passed:212 Failed:0
1651276535211,284,selenium_browse_boards_list,Success,True
.test_1_selenium_browse_boards_list,Total:213 Passed:213 Failed:0
1651276535877,645,selenium_create_issue:open_quick_create,Success,True
1651276537001,594,selenium_create_issue:fill_and_submit_issue_form:submit_issue_form,Success,True
1651276537001,1124,selenium_create_issue:fill_and_submit_issue_form,Success,True
1651276537001,1770,selenium_create_issue,Success,True
.test_1_selenium_create_issue,Total:214 Passed:214 Failed:0
.test_1_selenium_quick_create,Total:215 Passed:215 Failed:0
1651276539544,680,selenium_edit_issue:open_edit_issue_form,Success,True
1651276540395,601,selenium_edit_issue:save_edit_issue_form,Success,True
1651276540396,1531,selenium_edit_issue,Success,True
.test_1_selenium_edit_issue,Total:216 Passed:216 Failed:0
1651276540799,401,selenium_save_comment:open_comment_form,Success,True
1651276541622,729,selenium_save_comment:submit_form,Success,True
1651276541622,1225,selenium_save_comment,Success,True
.test_1_selenium_save_comment,Total:217 Passed:217 Failed:0
1651276542786,1162,selenium_search_jql,Success,True
.test_1_selenium_search_jql,Total:218 Passed:218 Failed:0
1651276543892,1104,selenium_view_scrum_board_backlog,Success,True
.test_1_selenium_view_backlog_for_scrum_board,Total:219 Passed:219 Failed:0
1651276544231,338,selenium_view_scrum_board,Success,True
.test_1_selenium_view_scrum_board,Total:220 Passed:220 Failed:0
1651276545195,962,selenium_view_kanban_board,Success,True
.test_1_selenium_view_kanban_board,Total:221 Passed:221 Failed:0
1651276545513,316,selenium_view_dashboard,Success,True
.test_1_selenium_view_dashboard,Total:222 Passed:222 Failed:0
1651276546090,575,selenium_view_issue,Success,True
.test_1_selenium_view_issue,Total:223 Passed:223 Failed:0
1651276546521,429,selenium_project_summary,Success,True
.test_1_selenium_view_project_summary,Total:224 Passed:224 Failed:0
1651276546917,394,selenium_log_out,Success,True
.test_2_selenium_z_log_out,Total:225 Passed:225 Failed:0


=============================== warnings summary ===============================
../../root/.bzt/python-packages/3.9.5/_pytest/config/__init__.py:1114
  /root/.bzt/python-packages/3.9.5/_pytest/config/__init__.py:1114: PytestAssertRewriteWarning: Module already imported so cannot be rewritten: apiritif
    self._mark_plugins_for_rewrite(hook)

-- Docs: https://docs.pytest.org/en/stable/warnings.html
======================== 15 passed, 1 warning in 13.05s ========================
============================= test session starts ==============================
platform linux -- Python 3.9.5, pytest-6.2.5, py-1.11.0, pluggy-1.0.0
rootdir: /dc-app-performance-toolkit/app
plugins: forked-1.4.0, xdist-2.5.0, apiritif-1.0.0
collected 15 items

selenium_ui/jira_ui.py get driver from global
clear browser cookies
1651276547167,171,selenium_login:open_login_page,Success,True
node_id:node2
1651276547787,620,selenium_login:login_and_view_dashboard,Success,True
1651276547787,791,selenium_login,Success,True
.test_0_selenium_a_login,Total:226 Passed:226 Failed:0
1651276548087,277,selenium_browse_projects_list,Success,True
.test_1_selenium_browse_projects_list,Total:227 Passed:227 Failed:0
1651276548377,288,selenium_browse_boards_list,Success,True
.test_1_selenium_browse_boards_list,Total:228 Passed:228 Failed:0
1651276549048,649,selenium_create_issue:open_quick_create,Success,True
1651276550151,597,selenium_create_issue:fill_and_submit_issue_form:submit_issue_form,Success,True
1651276550151,1103,selenium_create_issue:fill_and_submit_issue_form,Success,True
1651276550151,1753,selenium_create_issue,Success,True
.test_1_selenium_create_issue,Total:229 Passed:229 Failed:0
.test_1_selenium_quick_create,Total:230 Passed:230 Failed:0
1651276552683,673,selenium_edit_issue:open_edit_issue_form,Success,True
1651276553685,757,selenium_edit_issue:save_edit_issue_form,Success,True
1651276553685,1675,selenium_edit_issue,Success,True
.test_1_selenium_edit_issue,Total:231 Passed:231 Failed:0
1651276554026,339,selenium_save_comment:open_comment_form,Success,True
1651276554803,670,selenium_save_comment:submit_form,Success,True
1651276554803,1116,selenium_save_comment,Success,True
.test_1_selenium_save_comment,Total:232 Passed:232 Failed:0
1651276555993,1187,selenium_search_jql,Success,True
.test_1_selenium_search_jql,Total:233 Passed:233 Failed:0
1651276557226,1231,selenium_view_scrum_board_backlog,Success,True
.test_1_selenium_view_backlog_for_scrum_board,Total:234 Passed:234 Failed:0
1651276558072,844,selenium_view_scrum_board,Success,True
.test_1_selenium_view_scrum_board,Total:235 Passed:235 Failed:0
1651276558740,667,selenium_view_kanban_board,Success,True
.test_1_selenium_view_kanban_board,Total:236 Passed:236 Failed:0
1651276559188,445,selenium_view_dashboard,Success,True
.test_1_selenium_view_dashboard,Total:237 Passed:237 Failed:0
1651276559688,499,selenium_view_issue,Success,True
.test_1_selenium_view_issue,Total:238 Passed:238 Failed:0
1651276560132,442,selenium_project_summary,Success,True
.test_1_selenium_view_project_summary,Total:239 Passed:239 Failed:0
1651276560595,461,selenium_log_out,Success,True
.test_2_selenium_z_log_out,Total:240 Passed:240 Failed:0


=============================== warnings summary ===============================
../../root/.bzt/python-packages/3.9.5/_pytest/config/__init__.py:1114
  /root/.bzt/python-packages/3.9.5/_pytest/config/__init__.py:1114: PytestAssertRewriteWarning: Module already imported so cannot be rewritten: apiritif
    self._mark_plugins_for_rewrite(hook)

-- Docs: https://docs.pytest.org/en/stable/warnings.html
======================== 15 passed, 1 warning in 13.63s ========================
============================= test session starts ==============================
platform linux -- Python 3.9.5, pytest-6.2.5, py-1.11.0, pluggy-1.0.0
rootdir: /dc-app-performance-toolkit/app
plugins: forked-1.4.0, xdist-2.5.0, apiritif-1.0.0
collected 15 items

selenium_ui/jira_ui.py get driver from global
clear browser cookies
1651276560859,150,selenium_login:open_login_page,Success,True
node_id:node1
1651276561453,593,selenium_login:login_and_view_dashboard,Success,True
1651276561453,743,selenium_login,Success,True
.test_0_selenium_a_login,Total:241 Passed:241 Failed:0
1651276561756,279,selenium_browse_projects_list,Success,True
.test_1_selenium_browse_projects_list,Total:242 Passed:242 Failed:0
1651276562050,292,selenium_browse_boards_list,Success,True
.test_1_selenium_browse_boards_list,Total:243 Passed:243 Failed:0
1651276562740,668,selenium_create_issue:open_quick_create,Success,True
1651276563863,600,selenium_create_issue:fill_and_submit_issue_form:submit_issue_form,Success,True
1651276563863,1122,selenium_create_issue:fill_and_submit_issue_form,Success,True
1651276563863,1791,selenium_create_issue,Success,True
.test_1_selenium_create_issue,Total:244 Passed:244 Failed:0
.test_1_selenium_quick_create,Total:245 Passed:245 Failed:0
1651276566395,686,selenium_edit_issue:open_edit_issue_form,Success,True
1651276567222,581,selenium_edit_issue:save_edit_issue_form,Success,True
1651276567222,1513,selenium_edit_issue,Success,True
.test_1_selenium_edit_issue,Total:246 Passed:246 Failed:0
1651276567708,484,selenium_save_comment:open_comment_form,Success,True
1651276568506,697,selenium_save_comment:submit_form,Success,True
1651276568506,1282,selenium_save_comment,Success,True
.test_1_selenium_save_comment,Total:247 Passed:247 Failed:0
1651276569633,1125,selenium_search_jql,Success,True
.test_1_selenium_search_jql,Total:248 Passed:248 Failed:0
1651276570612,978,selenium_view_scrum_board_backlog,Success,True
.test_1_selenium_view_backlog_for_scrum_board,Total:249 Passed:249 Failed:0
1651276571422,808,selenium_view_scrum_board,Success,True
.test_1_selenium_view_scrum_board,Total:250 Passed:250 Failed:0
1651276572198,775,selenium_view_kanban_board,Success,True
.test_1_selenium_view_kanban_board,Total:251 Passed:251 Failed:0
1651276572571,370,selenium_view_dashboard,Success,True
.test_1_selenium_view_dashboard,Total:252 Passed:252 Failed:0
1651276573238,665,selenium_view_issue,Success,True
.test_1_selenium_view_issue,Total:253 Passed:253 Failed:0
1651276573788,547,selenium_project_summary,Success,True
.test_1_selenium_view_project_summary,Total:254 Passed:254 Failed:0
1651276574168,378,selenium_log_out,Success,True
.test_2_selenium_z_log_out,Total:255 Passed:255 Failed:0


=============================== warnings summary ===============================
../../root/.bzt/python-packages/3.9.5/_pytest/config/__init__.py:1114
  /root/.bzt/python-packages/3.9.5/_pytest/config/__init__.py:1114: PytestAssertRewriteWarning: Module already imported so cannot be rewritten: apiritif
    self._mark_plugins_for_rewrite(hook)

-- Docs: https://docs.pytest.org/en/stable/warnings.html
======================== 15 passed, 1 warning in 13.52s ========================
============================= test session starts ==============================
platform linux -- Python 3.9.5, pytest-6.2.5, py-1.11.0, pluggy-1.0.0
rootdir: /dc-app-performance-toolkit/app
plugins: forked-1.4.0, xdist-2.5.0, apiritif-1.0.0
collected 15 items

selenium_ui/jira_ui.py get driver from global
clear browser cookies
1651276574396,154,selenium_login:open_login_page,Success,True
node_id:node2
1651276575012,615,selenium_login:login_and_view_dashboard,Success,True
1651276575012,770,selenium_login,Success,True
.test_0_selenium_a_login,Total:256 Passed:256 Failed:0
1651276575333,298,selenium_browse_projects_list,Success,True
.test_1_selenium_browse_projects_list,Total:257 Passed:257 Failed:0
1651276575626,291,selenium_browse_boards_list,Success,True
.test_1_selenium_browse_boards_list,Total:258 Passed:258 Failed:0
1651276576302,655,selenium_create_issue:open_quick_create,Success,True
1651276577387,594,selenium_create_issue:fill_and_submit_issue_form:submit_issue_form,Success,True
1651276577388,1085,selenium_create_issue:fill_and_submit_issue_form,Success,True
1651276577388,1740,selenium_create_issue,Success,True
.test_1_selenium_create_issue,Total:259 Passed:259 Failed:0
.test_1_selenium_quick_create,Total:260 Passed:260 Failed:0
1651276580079,841,selenium_edit_issue:open_edit_issue_form,Success,True
1651276580911,576,selenium_edit_issue:save_edit_issue_form,Success,True
1651276580911,1673,selenium_edit_issue,Success,True
.test_1_selenium_edit_issue,Total:261 Passed:261 Failed:0
1651276581304,391,selenium_save_comment:open_comment_form,Success,True
1651276582091,689,selenium_save_comment:submit_form,Success,True
1651276582092,1179,selenium_save_comment,Success,True
.test_1_selenium_save_comment,Total:262 Passed:262 Failed:0
1651276583227,1133,selenium_search_jql,Success,True
.test_1_selenium_search_jql,Total:263 Passed:263 Failed:0
1651276584438,1209,selenium_view_scrum_board_backlog,Success,True
.test_1_selenium_view_backlog_for_scrum_board,Total:264 Passed:264 Failed:0
1651276585278,838,selenium_view_scrum_board,Success,True
.test_1_selenium_view_scrum_board,Total:265 Passed:265 Failed:0
1651276585811,531,selenium_view_kanban_board,Success,True
.test_1_selenium_view_kanban_board,Total:266 Passed:266 Failed:0
1651276586254,442,selenium_view_dashboard,Success,True
.test_1_selenium_view_dashboard,Total:267 Passed:267 Failed:0
1651276586756,499,selenium_view_issue,Success,True
.test_1_selenium_view_issue,Total:268 Passed:268 Failed:0
1651276587175,417,selenium_project_summary,Success,True
.test_1_selenium_view_project_summary,Total:269 Passed:269 Failed:0
1651276587718,541,selenium_log_out,Success,True
.test_2_selenium_z_log_out,Total:270 Passed:270 Failed:0


=============================== warnings summary ===============================
../../root/.bzt/python-packages/3.9.5/_pytest/config/__init__.py:1114
  /root/.bzt/python-packages/3.9.5/_pytest/config/__init__.py:1114: PytestAssertRewriteWarning: Module already imported so cannot be rewritten: apiritif
    self._mark_plugins_for_rewrite(hook)

-- Docs: https://docs.pytest.org/en/stable/warnings.html
======================== 15 passed, 1 warning in 13.50s ========================
============================= test session starts ==============================
platform linux -- Python 3.9.5, pytest-6.2.5, py-1.11.0, pluggy-1.0.0
rootdir: /dc-app-performance-toolkit/app
plugins: forked-1.4.0, xdist-2.5.0, apiritif-1.0.0
collected 15 items

selenium_ui/jira_ui.py get driver from global
clear browser cookies
1651276587946,151,selenium_login:open_login_page,Success,True
node_id:node1
1651276588561,615,selenium_login:login_and_view_dashboard,Success,True
1651276588561,767,selenium_login,Success,True
.test_0_selenium_a_login,Total:271 Passed:271 Failed:0
1651276588886,295,selenium_browse_projects_list,Success,True
.test_1_selenium_browse_projects_list,Total:272 Passed:272 Failed:0
1651276589154,266,selenium_browse_boards_list,Success,True
.test_1_selenium_browse_boards_list,Total:273 Passed:273 Failed:0
1651276589821,645,selenium_create_issue:open_quick_create,Success,True
1651276590891,589,selenium_create_issue:fill_and_submit_issue_form:submit_issue_form,Success,True
1651276590891,1069,selenium_create_issue:fill_and_submit_issue_form,Success,True
1651276590891,1715,selenium_create_issue,Success,True
.test_1_selenium_create_issue,Total:274 Passed:274 Failed:0
.test_1_selenium_quick_create,Total:275 Passed:275 Failed:0
1651276593264,505,selenium_edit_issue:open_edit_issue_form,Success,True
1651276594271,584,selenium_edit_issue:save_edit_issue_form,Success,True
1651276594271,1512,selenium_edit_issue,Success,True
.test_1_selenium_edit_issue,Total:276 Passed:276 Failed:0
1651276594761,488,selenium_save_comment:open_comment_form,Success,True
1651276595446,585,selenium_save_comment:submit_form,Success,True
1651276595446,1173,selenium_save_comment,Success,True
.test_1_selenium_save_comment,Total:277 Passed:277 Failed:0
1651276596653,1205,selenium_search_jql,Success,True
.test_1_selenium_search_jql,Total:278 Passed:278 Failed:0
1651276597881,1226,selenium_view_scrum_board_backlog,Success,True
.test_1_selenium_view_backlog_for_scrum_board,Total:279 Passed:279 Failed:0
1651276598691,808,selenium_view_scrum_board,Success,True
.test_1_selenium_view_scrum_board,Total:280 Passed:280 Failed:0
1651276599229,536,selenium_view_kanban_board,Success,True
.test_1_selenium_view_kanban_board,Total:281 Passed:281 Failed:0
1651276599661,430,selenium_view_dashboard,Success,True
.test_1_selenium_view_dashboard,Total:282 Passed:282 Failed:0
1651276600141,478,selenium_view_issue,Success,True
.test_1_selenium_view_issue,Total:283 Passed:283 Failed:0
1651276600649,505,selenium_project_summary,Success,True
.test_1_selenium_view_project_summary,Total:284 Passed:284 Failed:0
1651276601037,386,selenium_log_out,Success,True
.test_2_selenium_z_log_out,Total:285 Passed:285 Failed:0


=============================== warnings summary ===============================
../../root/.bzt/python-packages/3.9.5/_pytest/config/__init__.py:1114
  /root/.bzt/python-packages/3.9.5/_pytest/config/__init__.py:1114: PytestAssertRewriteWarning: Module already imported so cannot be rewritten: apiritif
    self._mark_plugins_for_rewrite(hook)

-- Docs: https://docs.pytest.org/en/stable/warnings.html
======================== 15 passed, 1 warning in 13.26s ========================
============================= test session starts ==============================
platform linux -- Python 3.9.5, pytest-6.2.5, py-1.11.0, pluggy-1.0.0
rootdir: /dc-app-performance-toolkit/app
plugins: forked-1.4.0, xdist-2.5.0, apiritif-1.0.0
collected 15 items

selenium_ui/jira_ui.py get driver from global
clear browser cookies
1651276601273,159,selenium_login:open_login_page,Success,True
node_id:node2
1651276601878,604,selenium_login:login_and_view_dashboard,Success,True
1651276601878,765,selenium_login,Success,True
.test_0_selenium_a_login,Total:286 Passed:286 Failed:0
1651276602188,286,selenium_browse_projects_list,Success,True
.test_1_selenium_browse_projects_list,Total:287 Passed:287 Failed:0
1651276602462,273,selenium_browse_boards_list,Success,True
.test_1_selenium_browse_boards_list,Total:288 Passed:288 Failed:0
1651276603123,639,selenium_create_issue:open_quick_create,Success,True
1651276604234,590,selenium_create_issue:fill_and_submit_issue_form:submit_issue_form,Success,True
1651276604234,1111,selenium_create_issue:fill_and_submit_issue_form,Success,True
1651276604234,1750,selenium_create_issue,Success,True
.test_1_selenium_create_issue,Total:289 Passed:289 Failed:0
.test_1_selenium_quick_create,Total:290 Passed:290 Failed:0
1651276606772,674,selenium_edit_issue:open_edit_issue_form,Success,True
1651276607576,557,selenium_edit_issue:save_edit_issue_form,Success,True
1651276607576,1479,selenium_edit_issue,Success,True
.test_1_selenium_edit_issue,Total:291 Passed:291 Failed:0
1651276607973,395,selenium_save_comment:open_comment_form,Success,True
1651276608783,697,selenium_save_comment:submit_form,Success,True
1651276608783,1205,selenium_save_comment,Success,True
.test_1_selenium_save_comment,Total:292 Passed:292 Failed:0
1651276609896,1111,selenium_search_jql,Success,True
.test_1_selenium_search_jql,Total:293 Passed:293 Failed:0
1651276611083,1185,selenium_view_scrum_board_backlog,Success,True
.test_1_selenium_view_backlog_for_scrum_board,Total:294 Passed:294 Failed:0
1651276611919,834,selenium_view_scrum_board,Success,True
.test_1_selenium_view_scrum_board,Total:295 Passed:295 Failed:0
1651276612719,798,selenium_view_kanban_board,Success,True
.test_1_selenium_view_kanban_board,Total:296 Passed:296 Failed:0
1651276613247,526,selenium_view_dashboard,Success,True
.test_1_selenium_view_dashboard,Total:297 Passed:297 Failed:0
1651276613805,556,selenium_view_issue,Success,True
.test_1_selenium_view_issue,Total:298 Passed:298 Failed:0
1651276614413,606,selenium_project_summary,Success,True
.test_1_selenium_view_project_summary,Total:299 Passed:299 Failed:0
1651276614791,375,selenium_log_out,Success,True
.test_2_selenium_z_log_out,Total:300 Passed:300 Failed:0


=============================== warnings summary ===============================
../../root/.bzt/python-packages/3.9.5/_pytest/config/__init__.py:1114
  /root/.bzt/python-packages/3.9.5/_pytest/config/__init__.py:1114: PytestAssertRewriteWarning: Module already imported so cannot be rewritten: apiritif
    self._mark_plugins_for_rewrite(hook)

-- Docs: https://docs.pytest.org/en/stable/warnings.html
======================== 15 passed, 1 warning in 13.70s ========================
============================= test session starts ==============================
platform linux -- Python 3.9.5, pytest-6.2.5, py-1.11.0, pluggy-1.0.0
rootdir: /dc-app-performance-toolkit/app
plugins: forked-1.4.0, xdist-2.5.0, apiritif-1.0.0
collected 15 items

selenium_ui/jira_ui.py get driver from global
clear browser cookies
1651276615012,149,selenium_login:open_login_page,Success,True
node_id:node1
1651276615484,472,selenium_login:login_and_view_dashboard,Success,True
1651276615484,621,selenium_login,Success,True
.test_0_selenium_a_login,Total:301 Passed:301 Failed:0
1651276615858,267,selenium_browse_projects_list,Success,True
.test_1_selenium_browse_projects_list,Total:302 Passed:302 Failed:0
1651276616136,277,selenium_browse_boards_list,Success,True
.test_1_selenium_browse_boards_list,Total:303 Passed:303 Failed:0
1651276616807,649,selenium_create_issue:open_quick_create,Success,True
1651276618025,601,selenium_create_issue:fill_and_submit_issue_form:submit_issue_form,Success,True
1651276618025,1217,selenium_create_issue:fill_and_submit_issue_form,Success,True
1651276618025,1867,selenium_create_issue,Success,True
.test_1_selenium_create_issue,Total:304 Passed:304 Failed:0
.test_1_selenium_quick_create,Total:305 Passed:305 Failed:0
1651276620589,705,selenium_edit_issue:open_edit_issue_form,Success,True
1651276621384,553,selenium_edit_issue:save_edit_issue_form,Success,True
1651276621384,1500,selenium_edit_issue,Success,True
.test_1_selenium_edit_issue,Total:306 Passed:306 Failed:0
1651276621789,404,selenium_save_comment:open_comment_form,Success,True
1651276622596,710,selenium_save_comment:submit_form,Success,True
1651276622596,1211,selenium_save_comment,Success,True
.test_1_selenium_save_comment,Total:307 Passed:307 Failed:0
1651276623704,1106,selenium_search_jql,Success,True
.test_1_selenium_search_jql,Total:308 Passed:308 Failed:0
1651276624674,968,selenium_view_scrum_board_backlog,Success,True
.test_1_selenium_view_backlog_for_scrum_board,Total:309 Passed:309 Failed:0
1651276625477,801,selenium_view_scrum_board,Success,True
.test_1_selenium_view_scrum_board,Total:310 Passed:310 Failed:0
1651276625966,488,selenium_view_kanban_board,Success,True
.test_1_selenium_view_kanban_board,Total:311 Passed:311 Failed:0
1651276626408,439,selenium_view_dashboard,Success,True
.test_1_selenium_view_dashboard,Total:312 Passed:312 Failed:0
1651276627021,611,selenium_view_issue,Success,True
.test_1_selenium_view_issue,Total:313 Passed:313 Failed:0
1651276627412,388,selenium_project_summary,Success,True
.test_1_selenium_view_project_summary,Total:314 Passed:314 Failed:0
1651276627809,395,selenium_log_out,Success,True
.test_2_selenium_z_log_out,Total:315 Passed:315 Failed:0


=============================== warnings summary ===============================
../../root/.bzt/python-packages/3.9.5/_pytest/config/__init__.py:1114
  /root/.bzt/python-packages/3.9.5/_pytest/config/__init__.py:1114: PytestAssertRewriteWarning: Module already imported so cannot be rewritten: apiritif
    self._mark_plugins_for_rewrite(hook)

-- Docs: https://docs.pytest.org/en/stable/warnings.html
======================== 15 passed, 1 warning in 12.97s ========================
============================= test session starts ==============================
platform linux -- Python 3.9.5, pytest-6.2.5, py-1.11.0, pluggy-1.0.0
rootdir: /dc-app-performance-toolkit/app
plugins: forked-1.4.0, xdist-2.5.0, apiritif-1.0.0
collected 15 items

selenium_ui/jira_ui.py get driver from global
clear browser cookies
1651276628062,150,selenium_login:open_login_page,Success,True
node_id:node2
1651276628651,588,selenium_login:login_and_view_dashboard,Success,True
1651276628651,739,selenium_login,Success,True
.test_0_selenium_a_login,Total:316 Passed:316 Failed:0
1651276628964,289,selenium_browse_projects_list,Success,True
.test_1_selenium_browse_projects_list,Total:317 Passed:317 Failed:0
1651276629284,318,selenium_browse_boards_list,Success,True
.test_1_selenium_browse_boards_list,Total:318 Passed:318 Failed:0
1651276629944,637,selenium_create_issue:open_quick_create,Success,True
1651276631076,591,selenium_create_issue:fill_and_submit_issue_form:submit_issue_form,Success,True
1651276631076,1132,selenium_create_issue:fill_and_submit_issue_form,Success,True
1651276631076,1769,selenium_create_issue,Success,True
.test_1_selenium_create_issue,Total:319 Passed:319 Failed:0
.test_1_selenium_quick_create,Total:320 Passed:320 Failed:0
1651276633542,530,selenium_edit_issue:open_edit_issue_form,Success,True
1651276634570,580,selenium_edit_issue:save_edit_issue_form,Success,True
1651276634570,1558,selenium_edit_issue,Success,True
.test_1_selenium_edit_issue,Total:321 Passed:321 Failed:0
1651276635056,484,selenium_save_comment:open_comment_form,Success,True
1651276635808,663,selenium_save_comment:submit_form,Success,True
1651276635808,1237,selenium_save_comment,Success,True
.test_1_selenium_save_comment,Total:322 Passed:322 Failed:0
1651276636947,1137,selenium_search_jql,Success,True
.test_1_selenium_search_jql,Total:323 Passed:323 Failed:0
1651276638000,1051,selenium_view_scrum_board_backlog,Success,True
.test_1_selenium_view_backlog_for_scrum_board,Total:324 Passed:324 Failed:0
1651276638914,911,selenium_view_scrum_board,Success,True
.test_1_selenium_view_scrum_board,Total:325 Passed:325 Failed:0
1651276639610,694,selenium_view_kanban_board,Success,True
.test_1_selenium_view_kanban_board,Total:326 Passed:326 Failed:0
1651276640198,587,selenium_view_dashboard,Success,True
.test_1_selenium_view_dashboard,Total:327 Passed:327 Failed:0
1651276640742,542,selenium_view_issue,Success,True
.test_1_selenium_view_issue,Total:328 Passed:328 Failed:0
1651276641143,399,selenium_project_summary,Success,True
.test_1_selenium_view_project_summary,Total:329 Passed:329 Failed:0
1651276641515,370,selenium_log_out,Success,True
.test_2_selenium_z_log_out,Total:330 Passed:330 Failed:0


=============================== warnings summary ===============================
../../root/.bzt/python-packages/3.9.5/_pytest/config/__init__.py:1114
  /root/.bzt/python-packages/3.9.5/_pytest/config/__init__.py:1114: PytestAssertRewriteWarning: Module already imported so cannot be rewritten: apiritif
    self._mark_plugins_for_rewrite(hook)

-- Docs: https://docs.pytest.org/en/stable/warnings.html
======================== 15 passed, 1 warning in 13.63s ========================
============================= test session starts ==============================
platform linux -- Python 3.9.5, pytest-6.2.5, py-1.11.0, pluggy-1.0.0
rootdir: /dc-app-performance-toolkit/app
plugins: forked-1.4.0, xdist-2.5.0, apiritif-1.0.0
collected 15 items

selenium_ui/jira_ui.py get driver from global
clear browser cookies
1651276641751,159,selenium_login:open_login_page,Success,True
node_id:node1
1651276642354,602,selenium_login:login_and_view_dashboard,Success,True
1651276642354,762,selenium_login,Success,True
.test_0_selenium_a_login,Total:331 Passed:331 Failed:0
1651276642653,275,selenium_browse_projects_list,Success,True
.test_1_selenium_browse_projects_list,Total:332 Passed:332 Failed:0
1651276642928,273,selenium_browse_boards_list,Success,True
.test_1_selenium_browse_boards_list,Total:333 Passed:333 Failed:0
1651276643600,648,selenium_create_issue:open_quick_create,Success,True
1651276644699,591,selenium_create_issue:fill_and_submit_issue_form:submit_issue_form,Success,True
1651276644699,1098,selenium_create_issue:fill_and_submit_issue_form,Success,True
1651276644699,1747,selenium_create_issue,Success,True
.test_1_selenium_create_issue,Total:334 Passed:334 Failed:0
.test_1_selenium_quick_create,Total:335 Passed:335 Failed:0
1651276647294,728,selenium_edit_issue:open_edit_issue_form,Success,True
1651276648043,497,selenium_edit_issue:save_edit_issue_form,Success,True
1651276648043,1477,selenium_edit_issue,Success,True
.test_1_selenium_edit_issue,Total:336 Passed:336 Failed:0
1651276648474,429,selenium_save_comment:open_comment_form,Success,True
1651276649225,653,selenium_save_comment:submit_form,Success,True
1651276649225,1180,selenium_save_comment,Success,True
.test_1_selenium_save_comment,Total:337 Passed:337 Failed:0
1651276650375,1148,selenium_search_jql,Success,True
.test_1_selenium_search_jql,Total:338 Passed:338 Failed:0
1651276650990,613,selenium_view_scrum_board_backlog,Success,True
.test_1_selenium_view_backlog_for_scrum_board,Total:339 Passed:339 Failed:0
1651276651900,909,selenium_view_scrum_board,Success,True
.test_1_selenium_view_scrum_board,Total:340 Passed:340 Failed:0
1651276652749,847,selenium_view_kanban_board,Success,True
.test_1_selenium_view_kanban_board,Total:341 Passed:341 Failed:0
1651276653192,441,selenium_view_dashboard,Success,True
.test_1_selenium_view_dashboard,Total:342 Passed:342 Failed:0
1651276653806,613,selenium_view_issue,Success,True
.test_1_selenium_view_issue,Total:343 Passed:343 Failed:0
1651276654214,406,selenium_project_summary,Success,True
.test_1_selenium_view_project_summary,Total:344 Passed:344 Failed:0
1651276654583,367,selenium_log_out,Success,True
.test_2_selenium_z_log_out,Total:345 Passed:345 Failed:0


=============================== warnings summary ===============================
../../root/.bzt/python-packages/3.9.5/_pytest/config/__init__.py:1114
  /root/.bzt/python-packages/3.9.5/_pytest/config/__init__.py:1114: PytestAssertRewriteWarning: Module already imported so cannot be rewritten: apiritif
    self._mark_plugins_for_rewrite(hook)

-- Docs: https://docs.pytest.org/en/stable/warnings.html
======================== 15 passed, 1 warning in 13.02s ========================
============================= test session starts ==============================
platform linux -- Python 3.9.5, pytest-6.2.5, py-1.11.0, pluggy-1.0.0
rootdir: /dc-app-performance-toolkit/app
plugins: forked-1.4.0, xdist-2.5.0, apiritif-1.0.0
collected 15 items

selenium_ui/jira_ui.py get driver from global
clear browser cookies
1651276654815,154,selenium_login:open_login_page,Success,True
node_id:node2
1651276655455,640,selenium_login:login_and_view_dashboard,Success,True
1651276655455,795,selenium_login,Success,True
.test_0_selenium_a_login,Total:346 Passed:346 Failed:0
1651276655781,301,selenium_browse_projects_list,Success,True
.test_1_selenium_browse_projects_list,Total:347 Passed:347 Failed:0
1651276656063,279,selenium_browse_boards_list,Success,True
.test_1_selenium_browse_boards_list,Total:348 Passed:348 Failed:0
1651276656722,637,selenium_create_issue:open_quick_create,Success,True
1651276657848,597,selenium_create_issue:fill_and_submit_issue_form:submit_issue_form,Success,True
1651276657848,1125,selenium_create_issue:fill_and_submit_issue_form,Success,True
1651276657848,1763,selenium_create_issue,Success,True
.test_1_selenium_create_issue,Total:349 Passed:349 Failed:0
.test_1_selenium_quick_create,Total:350 Passed:350 Failed:0
1651276660434,722,selenium_edit_issue:open_edit_issue_form,Success,True
1651276661437,739,selenium_edit_issue:save_edit_issue_form,Success,True
1651276661437,1725,selenium_edit_issue,Success,True
.test_1_selenium_edit_issue,Total:351 Passed:351 Failed:0
1651276661783,344,selenium_save_comment:open_comment_form,Success,True
1651276662556,678,selenium_save_comment:submit_form,Success,True
1651276662556,1117,selenium_save_comment,Success,True
.test_1_selenium_save_comment,Total:352 Passed:352 Failed:0
1651276663726,1168,selenium_search_jql,Success,True
.test_1_selenium_search_jql,Total:353 Passed:353 Failed:0
1651276664955,1228,selenium_view_scrum_board_backlog,Success,True
.test_1_selenium_view_backlog_for_scrum_board,Total:354 Passed:354 Failed:0
1651276665771,814,selenium_view_scrum_board,Success,True
.test_1_selenium_view_scrum_board,Total:355 Passed:355 Failed:0
1651276666406,633,selenium_view_kanban_board,Success,True
.test_1_selenium_view_kanban_board,Total:356 Passed:356 Failed:0
1651276666913,505,selenium_view_dashboard,Success,True
.test_1_selenium_view_dashboard,Total:357 Passed:357 Failed:0
1651276667421,506,selenium_view_issue,Success,True
.test_1_selenium_view_issue,Total:358 Passed:358 Failed:0
1651276667934,511,selenium_project_summary,Success,True
.test_1_selenium_view_project_summary,Total:359 Passed:359 Failed:0
1651276668276,340,selenium_log_out,Success,True
.test_2_selenium_z_log_out,Total:360 Passed:360 Failed:0


=============================== warnings summary ===============================
../../root/.bzt/python-packages/3.9.5/_pytest/config/__init__.py:1114
  /root/.bzt/python-packages/3.9.5/_pytest/config/__init__.py:1114: PytestAssertRewriteWarning: Module already imported so cannot be rewritten: apiritif
    self._mark_plugins_for_rewrite(hook)

-- Docs: https://docs.pytest.org/en/stable/warnings.html
======================== 15 passed, 1 warning in 13.64s ========================
============================= test session starts ==============================
platform linux -- Python 3.9.5, pytest-6.2.5, py-1.11.0, pluggy-1.0.0
rootdir: /dc-app-performance-toolkit/app
plugins: forked-1.4.0, xdist-2.5.0, apiritif-1.0.0
collected 15 items

selenium_ui/jira_ui.py get driver from global
clear browser cookies
1651276668498,148,selenium_login:open_login_page,Success,True
node_id:node1
1651276669098,599,selenium_login:login_and_view_dashboard,Success,True
1651276669098,748,selenium_login,Success,True
.test_0_selenium_a_login,Total:361 Passed:361 Failed:0
1651276669400,277,selenium_browse_projects_list,Success,True
.test_1_selenium_browse_projects_list,Total:362 Passed:362 Failed:0
1651276669667,265,selenium_browse_boards_list,Success,True
.test_1_selenium_browse_boards_list,Total:363 Passed:363 Failed:0
1651276670324,634,selenium_create_issue:open_quick_create,Success,True
1651276671433,591,selenium_create_issue:fill_and_submit_issue_form:submit_issue_form,Success,True
1651276671433,1109,selenium_create_issue:fill_and_submit_issue_form,Success,True
1651276671433,1744,selenium_create_issue,Success,True
.test_1_selenium_create_issue,Total:364 Passed:364 Failed:0
.test_1_selenium_quick_create,Total:365 Passed:365 Failed:0
1651276673979,681,selenium_edit_issue:open_edit_issue_form,Success,True
1651276674774,549,selenium_edit_issue:save_edit_issue_form,Success,True
1651276674774,1475,selenium_edit_issue,Success,True
.test_1_selenium_edit_issue,Total:366 Passed:366 Failed:0
1651276675154,378,selenium_save_comment:open_comment_form,Success,True
1651276675967,704,selenium_save_comment:submit_form,Success,True
1651276675968,1192,selenium_save_comment,Success,True
.test_1_selenium_save_comment,Total:367 Passed:367 Failed:0
1651276677182,1212,selenium_search_jql,Success,True
.test_1_selenium_search_jql,Total:368 Passed:368 Failed:0
1651276678377,1193,selenium_view_scrum_board_backlog,Success,True
.test_1_selenium_view_backlog_for_scrum_board,Total:369 Passed:369 Failed:0
1651276679224,845,selenium_view_scrum_board,Success,True
.test_1_selenium_view_scrum_board,Total:370 Passed:370 Failed:0
1651276679593,367,selenium_view_kanban_board,Success,True
.test_1_selenium_view_kanban_board,Total:371 Passed:371 Failed:0
1651276679986,391,selenium_view_dashboard,Success,True
.test_1_selenium_view_dashboard,Total:372 Passed:372 Failed:0
1651276680612,624,selenium_view_issue,Success,True
.test_1_selenium_view_issue,Total:373 Passed:373 Failed:0
1651276680990,377,selenium_project_summary,Success,True
.test_1_selenium_view_project_summary,Total:374 Passed:374 Failed:0
1651276681376,384,selenium_log_out,Success,True
.test_2_selenium_z_log_out,Total:375 Passed:375 Failed:0


=============================== warnings summary ===============================
../../root/.bzt/python-packages/3.9.5/_pytest/config/__init__.py:1114
  /root/.bzt/python-packages/3.9.5/_pytest/config/__init__.py:1114: PytestAssertRewriteWarning: Module already imported so cannot be rewritten: apiritif
    self._mark_plugins_for_rewrite(hook)

-- Docs: https://docs.pytest.org/en/stable/warnings.html
======================== 15 passed, 1 warning in 13.05s ========================
============================= test session starts ==============================
platform linux -- Python 3.9.5, pytest-6.2.5, py-1.11.0, pluggy-1.0.0
rootdir: /dc-app-performance-toolkit/app
plugins: forked-1.4.0, xdist-2.5.0, apiritif-1.0.0
collected 15 items

[...]
1651278940273,458,selenium_log_out,Success,True
.test_2_selenium_z_log_out,Total:2835 Passed:2835 Failed:0


=============================== warnings summary ===============================
../../root/.bzt/python-packages/3.9.5/_pytest/config/__init__.py:1114
  /root/.bzt/python-packages/3.9.5/_pytest/config/__init__.py:1114: PytestAssertRewriteWarning: Module already imported so cannot be rewritten: apiritif
    self._mark_plugins_for_rewrite(hook)

-- Docs: https://docs.pytest.org/en/stable/warnings.html
======================== 15 passed, 1 warning in 13.72s ========================
============================= test session starts ==============================
platform linux -- Python 3.9.5, pytest-6.2.5, py-1.11.0, pluggy-1.0.0
rootdir: /dc-app-performance-toolkit/app
plugins: forked-1.4.0, xdist-2.5.0, apiritif-1.0.0
collected 15 items

selenium_ui/jira_ui.py get driver from global
clear browser cookies
1651278940498,152,selenium_login:open_login_page,Success,True
node_id:node1
1651278941065,567,selenium_login:login_and_view_dashboard,Success,True
1651278941065,720,selenium_login,Success,True
.test_0_selenium_a_login,Total:2836 Passed:2836 Failed:0
1651278941429,267,selenium_browse_projects_list,Success,True
.test_1_selenium_browse_projects_list,Total:2837 Passed:2837 Failed:0
1651278941711,280,selenium_browse_boards_list,Success,True
.test_1_selenium_browse_boards_list,Total:2838 Passed:2838 Failed:0
1651278942452,663,selenium_create_issue:open_quick_create,Success,True
1651278943524,610,selenium_create_issue:fill_and_submit_issue_form:submit_issue_form,Success,True
1651278943524,1071,selenium_create_issue:fill_and_submit_issue_form,Success,True
1651278943524,1735,selenium_create_issue,Success,True
.test_1_selenium_create_issue,Total:2839 Passed:2839 Failed:0
.test_1_selenium_quick_create,Total:2840 Passed:2840 Failed:0
1651278946271,695,selenium_edit_issue:open_edit_issue_form,Success,True
1651278947091,570,selenium_edit_issue:save_edit_issue_form,Success,True
1651278947091,1515,selenium_edit_issue,Success,True
.test_1_selenium_edit_issue,Total:2841 Passed:2841 Failed:0
1651278947623,530,selenium_save_comment:open_comment_form,Success,True
1651278948438,720,selenium_save_comment:submit_form,Success,True
1651278948438,1345,selenium_save_comment,Success,True
.test_1_selenium_save_comment,Total:2842 Passed:2842 Failed:0
1651278949659,1219,selenium_search_jql,Success,True
.test_1_selenium_search_jql,Total:2843 Passed:2843 Failed:0
1651278950606,945,selenium_view_scrum_board_backlog,Success,True
.test_1_selenium_view_backlog_for_scrum_board,Total:2844 Passed:2844 Failed:0
1651278951596,988,selenium_view_scrum_board,Success,True
.test_1_selenium_view_scrum_board,Total:2845 Passed:2845 Failed:0
1651278951991,393,selenium_view_kanban_board,Success,True
.test_1_selenium_view_kanban_board,Total:2846 Passed:2846 Failed:0
1651278952398,404,selenium_view_dashboard,Success,True
.test_1_selenium_view_dashboard,Total:2847 Passed:2847 Failed:0
1651278952915,515,selenium_view_issue,Success,True
.test_1_selenium_view_issue,Total:2848 Passed:2848 Failed:0
1651278953332,415,selenium_project_summary,Success,True
.test_1_selenium_view_project_summary,Total:2849 Passed:2849 Failed:0
1651278953711,378,selenium_log_out,Success,True
.test_2_selenium_z_log_out,Total:2850 Passed:2850 Failed:0


=============================== warnings summary ===============================
../../root/.bzt/python-packages/3.9.5/_pytest/config/__init__.py:1114
  /root/.bzt/python-packages/3.9.5/_pytest/config/__init__.py:1114: PytestAssertRewriteWarning: Module already imported so cannot be rewritten: apiritif
    self._mark_plugins_for_rewrite(hook)

-- Docs: https://docs.pytest.org/en/stable/warnings.html
======================== 15 passed, 1 warning in 13.39s ========================
============================= test session starts ==============================
platform linux -- Python 3.9.5, pytest-6.2.5, py-1.11.0, pluggy-1.0.0
rootdir: /dc-app-performance-toolkit/app
plugins: forked-1.4.0, xdist-2.5.0, apiritif-1.0.0
collected 15 items

selenium_ui/jira_ui.py get driver from global
clear browser cookies
1651278953936,150,selenium_login:open_login_page,Success,True
node_id:node2
1651278954534,597,selenium_login:login_and_view_dashboard,Success,True
1651278954534,748,selenium_login,Success,True
.test_0_selenium_a_login,Total:2851 Passed:2851 Failed:0
1651278954906,291,selenium_browse_projects_list,Success,True
.test_1_selenium_browse_projects_list,Total:2852 Passed:2852 Failed:0
1651278955177,270,selenium_browse_boards_list,Success,True
.test_1_selenium_browse_boards_list,Total:2853 Passed:2853 Failed:0
1651278955908,654,selenium_create_issue:open_quick_create,Success,True
1651278957064,611,selenium_create_issue:fill_and_submit_issue_form:submit_issue_form,Success,True
1651278957065,1156,selenium_create_issue:fill_and_submit_issue_form,Success,True
1651278957065,1811,selenium_create_issue,Success,True
.test_1_selenium_create_issue,Total:2854 Passed:2854 Failed:0
.test_1_selenium_quick_create,Total:2855 Passed:2855 Failed:0
1651278959810,716,selenium_edit_issue:open_edit_issue_form,Success,True
1651278960797,729,selenium_edit_issue:save_edit_issue_form,Success,True
1651278960798,1704,selenium_edit_issue,Success,True
.test_1_selenium_edit_issue,Total:2856 Passed:2856 Failed:0
1651278961148,348,selenium_save_comment:open_comment_form,Success,True
1651278961927,685,selenium_save_comment:submit_form,Success,True
1651278961927,1127,selenium_save_comment,Success,True
.test_1_selenium_save_comment,Total:2857 Passed:2857 Failed:0
1651278963197,1268,selenium_search_jql,Success,True
.test_1_selenium_search_jql,Total:2858 Passed:2858 Failed:0
1651278964391,1193,selenium_view_scrum_board_backlog,Success,True
.test_1_selenium_view_backlog_for_scrum_board,Total:2859 Passed:2859 Failed:0
1651278965257,864,selenium_view_scrum_board,Success,True
.test_1_selenium_view_scrum_board,Total:2860 Passed:2860 Failed:0
1651278965984,725,selenium_view_kanban_board,Success,True
.test_1_selenium_view_kanban_board,Total:2861 Passed:2861 Failed:0
1651278966475,489,selenium_view_dashboard,Success,True
.test_1_selenium_view_dashboard,Total:2862 Passed:2862 Failed:0
1651278967103,626,selenium_view_issue,Success,True
.test_1_selenium_view_issue,Total:2863 Passed:2863 Failed:0
1651278967527,421,selenium_project_summary,Success,True
.test_1_selenium_view_project_summary,Total:2864 Passed:2864 Failed:0
1651278967901,372,selenium_log_out,Success,True
.test_2_selenium_z_log_out,Total:2865 Passed:2865 Failed:0


=============================== warnings summary ===============================
../../root/.bzt/python-packages/3.9.5/_pytest/config/__init__.py:1114
  /root/.bzt/python-packages/3.9.5/_pytest/config/__init__.py:1114: PytestAssertRewriteWarning: Module already imported so cannot be rewritten: apiritif
    self._mark_plugins_for_rewrite(hook)

-- Docs: https://docs.pytest.org/en/stable/warnings.html
======================== 15 passed, 1 warning in 14.14s ========================
============================= test session starts ==============================
platform linux -- Python 3.9.5, pytest-6.2.5, py-1.11.0, pluggy-1.0.0
rootdir: /dc-app-performance-toolkit/app
plugins: forked-1.4.0, xdist-2.5.0, apiritif-1.0.0
collected 15 items

selenium_ui/jira_ui.py get driver from global
clear browser cookies
1651278968120,146,selenium_login:open_login_page,Success,True
node_id:node1
1651278968738,617,selenium_login:login_and_view_dashboard,Success,True
1651278968738,764,selenium_login,Success,True
.test_0_selenium_a_login,Total:2866 Passed:2866 Failed:0
1651278969134,273,selenium_browse_projects_list,Success,True
.test_1_selenium_browse_projects_list,Total:2867 Passed:2867 Failed:0
1651278969401,265,selenium_browse_boards_list,Success,True
.test_1_selenium_browse_boards_list,Total:2868 Passed:2868 Failed:0
1651278970121,642,selenium_create_issue:open_quick_create,Success,True
1651278973631,605,selenium_create_issue:fill_and_submit_issue_form:submit_issue_form,Success,True
1651278973631,3509,selenium_create_issue:fill_and_submit_issue_form,Success,True
1651278973631,4152,selenium_create_issue,Success,True
.test_1_selenium_create_issue,Total:2869 Passed:2869 Failed:0
.test_1_selenium_quick_create,Total:2870 Passed:2870 Failed:0
1651278976374,716,selenium_edit_issue:open_edit_issue_form,Success,True
1651278977367,743,selenium_edit_issue:save_edit_issue_form,Success,True
1651278977367,1709,selenium_edit_issue,Success,True
.test_1_selenium_edit_issue,Total:2871 Passed:2871 Failed:0
1651278977708,339,selenium_save_comment:open_comment_form,Success,True
1651278978482,677,selenium_save_comment:submit_form,Success,True
1651278978482,1113,selenium_save_comment,Success,True
.test_1_selenium_save_comment,Total:2872 Passed:2872 Failed:0
1651278979946,1461,selenium_search_jql,Success,True
.test_1_selenium_search_jql,Total:2873 Passed:2873 Failed:0
1651278981139,1192,selenium_view_scrum_board_backlog,Success,True
.test_1_selenium_view_backlog_for_scrum_board,Total:2874 Passed:2874 Failed:0
1651278981486,344,selenium_view_scrum_board,Success,True
.test_1_selenium_view_scrum_board,Total:2875 Passed:2875 Failed:0
1651278982323,835,selenium_view_kanban_board,Success,True
.test_1_selenium_view_kanban_board,Total:2876 Passed:2876 Failed:0
1651278982719,394,selenium_view_dashboard,Success,True
.test_1_selenium_view_dashboard,Total:2877 Passed:2877 Failed:0
1651278983427,706,selenium_view_issue,Success,True
.test_1_selenium_view_issue,Total:2878 Passed:2878 Failed:0
1651278983872,444,selenium_project_summary,Success,True
.test_1_selenium_view_project_summary,Total:2879 Passed:2879 Failed:0
1651278984234,360,selenium_log_out,Success,True
.test_2_selenium_z_log_out,Total:2880 Passed:2880 Failed:0


=============================== warnings summary ===============================
../../root/.bzt/python-packages/3.9.5/_pytest/config/__init__.py:1114
  /root/.bzt/python-packages/3.9.5/_pytest/config/__init__.py:1114: PytestAssertRewriteWarning: Module already imported so cannot be rewritten: apiritif
    self._mark_plugins_for_rewrite(hook)

-- Docs: https://docs.pytest.org/en/stable/warnings.html
======================== 15 passed, 1 warning in 16.28s ========================
============================= test session starts ==============================
platform linux -- Python 3.9.5, pytest-6.2.5, py-1.11.0, pluggy-1.0.0
rootdir: /dc-app-performance-toolkit/app
plugins: forked-1.4.0, xdist-2.5.0, apiritif-1.0.0
collected 15 items

selenium_ui/jira_ui.py get driver from global
clear browser cookies
1651278984467,152,selenium_login:open_login_page,Success,True
node_id:node2
1651278985048,580,selenium_login:login_and_view_dashboard,Success,True
1651278985048,733,selenium_login,Success,True
.test_0_selenium_a_login,Total:2881 Passed:2881 Failed:0
1651278985407,271,selenium_browse_projects_list,Success,True
.test_1_selenium_browse_projects_list,Total:2882 Passed:2882 Failed:0
1651278985703,294,selenium_browse_boards_list,Success,True
.test_1_selenium_browse_boards_list,Total:2883 Passed:2883 Failed:0
1651278986428,646,selenium_create_issue:open_quick_create,Success,True
1651278987589,610,selenium_create_issue:fill_and_submit_issue_form:submit_issue_form,Success,True
1651278987589,1160,selenium_create_issue:fill_and_submit_issue_form,Success,True
1651278987589,1808,selenium_create_issue,Success,True
.test_1_selenium_create_issue,Total:2884 Passed:2884 Failed:0
.test_1_selenium_quick_create,Total:2885 Passed:2885 Failed:0
1651278990342,715,selenium_edit_issue:open_edit_issue_form,Success,True
1651278991166,572,selenium_edit_issue:save_edit_issue_form,Success,True
1651278991166,1539,selenium_edit_issue,Success,True
.test_1_selenium_edit_issue,Total:2886 Passed:2886 Failed:0
1651278991565,396,selenium_save_comment:open_comment_form,Success,True
1651278992341,681,selenium_save_comment:submit_form,Success,True
1651278992341,1172,selenium_save_comment,Success,True
.test_1_selenium_save_comment,Total:2887 Passed:2887 Failed:0
1651278993569,1226,selenium_search_jql,Success,True
.test_1_selenium_search_jql,Total:2888 Passed:2888 Failed:0
1651278994619,1048,selenium_view_scrum_board_backlog,Success,True
.test_1_selenium_view_backlog_for_scrum_board,Total:2889 Passed:2889 Failed:0
1651278995530,910,selenium_view_scrum_board,Success,True
.test_1_selenium_view_scrum_board,Total:2890 Passed:2890 Failed:0
1651278996191,659,selenium_view_kanban_board,Success,True
.test_1_selenium_view_kanban_board,Total:2891 Passed:2891 Failed:0
1651278996539,346,selenium_view_dashboard,Success,True
.test_1_selenium_view_dashboard,Total:2892 Passed:2892 Failed:0
1651278997227,686,selenium_view_issue,Success,True
.test_1_selenium_view_issue,Total:2893 Passed:2893 Failed:0
1651278997680,452,selenium_project_summary,Success,True
.test_1_selenium_view_project_summary,Total:2894 Passed:2894 Failed:0
1651278998074,392,selenium_log_out,Success,True
.test_2_selenium_z_log_out,Total:2895 Passed:2895 Failed:0


=============================== warnings summary ===============================
../../root/.bzt/python-packages/3.9.5/_pytest/config/__init__.py:1114
  /root/.bzt/python-packages/3.9.5/_pytest/config/__init__.py:1114: PytestAssertRewriteWarning: Module already imported so cannot be rewritten: apiritif
    self._mark_plugins_for_rewrite(hook)

-- Docs: https://docs.pytest.org/en/stable/warnings.html
======================== 15 passed, 1 warning in 13.79s ========================
============================= test session starts ==============================
platform linux -- Python 3.9.5, pytest-6.2.5, py-1.11.0, pluggy-1.0.0
rootdir: /dc-app-performance-toolkit/app
plugins: forked-1.4.0, xdist-2.5.0, apiritif-1.0.0
collected 15 items

selenium_ui/jira_ui.py get driver from global
clear browser cookies
1651278998289,139,selenium_login:open_login_page,Success,True
node_id:node1
1651278998881,591,selenium_login:login_and_view_dashboard,Success,True
1651278998881,731,selenium_login,Success,True
.test_0_selenium_a_login,Total:2896 Passed:2896 Failed:0
1651278999246,264,selenium_browse_projects_list,Success,True
.test_1_selenium_browse_projects_list,Total:2897 Passed:2897 Failed:0
1651278999528,280,selenium_browse_boards_list,Success,True
.test_1_selenium_browse_boards_list,Total:2898 Passed:2898 Failed:0
1651279000248,638,selenium_create_issue:open_quick_create,Success,True
1651279001384,610,selenium_create_issue:fill_and_submit_issue_form:submit_issue_form,Success,True
1651279001385,1136,selenium_create_issue:fill_and_submit_issue_form,Success,True
1651279001385,1775,selenium_create_issue,Success,True
.test_1_selenium_create_issue,Total:2899 Passed:2899 Failed:0
.test_1_selenium_quick_create,Total:2900 Passed:2900 Failed:0
1651279004117,691,selenium_edit_issue:open_edit_issue_form,Success,True
1651279005145,778,selenium_edit_issue:save_edit_issue_form,Success,True
1651279005145,1719,selenium_edit_issue,Success,True
.test_1_selenium_edit_issue,Total:2901 Passed:2901 Failed:0
1651279005463,316,selenium_save_comment:open_comment_form,Success,True
1651279006195,632,selenium_save_comment:submit_form,Success,True
1651279006195,1049,selenium_save_comment,Success,True
.test_1_selenium_save_comment,Total:2902 Passed:2902 Failed:0
1651279007422,1225,selenium_search_jql,Success,True
.test_1_selenium_search_jql,Total:2903 Passed:2903 Failed:0
1651279008407,983,selenium_view_scrum_board_backlog,Success,True
.test_1_selenium_view_backlog_for_scrum_board,Total:2904 Passed:2904 Failed:0
1651279009321,911,selenium_view_scrum_board,Success,True
.test_1_selenium_view_scrum_board,Total:2905 Passed:2905 Failed:0
1651279010073,750,selenium_view_kanban_board,Success,True
.test_1_selenium_view_kanban_board,Total:2906 Passed:2906 Failed:0
1651279010478,404,selenium_view_dashboard,Success,True
.test_1_selenium_view_dashboard,Total:2907 Passed:2907 Failed:0
1651279011072,592,selenium_view_issue,Success,True
.test_1_selenium_view_issue,Total:2908 Passed:2908 Failed:0
1651279011504,430,selenium_project_summary,Success,True
.test_1_selenium_view_project_summary,Total:2909 Passed:2909 Failed:0
1651279011884,378,selenium_log_out,Success,True
.test_2_selenium_z_log_out,Total:2910 Passed:2910 Failed:0


=============================== warnings summary ===============================
../../root/.bzt/python-packages/3.9.5/_pytest/config/__init__.py:1114
  /root/.bzt/python-packages/3.9.5/_pytest/config/__init__.py:1114: PytestAssertRewriteWarning: Module already imported so cannot be rewritten: apiritif
    self._mark_plugins_for_rewrite(hook)

-- Docs: https://docs.pytest.org/en/stable/warnings.html
======================== 15 passed, 1 warning in 13.76s ========================
============================= test session starts ==============================
platform linux -- Python 3.9.5, pytest-6.2.5, py-1.11.0, pluggy-1.0.0
rootdir: /dc-app-performance-toolkit/app
plugins: forked-1.4.0, xdist-2.5.0, apiritif-1.0.0
collected 15 items

selenium_ui/jira_ui.py get driver from global
clear browser cookies
1651279012110,151,selenium_login:open_login_page,Success,True
node_id:node2
1651279012685,575,selenium_login:login_and_view_dashboard,Success,True
1651279012685,726,selenium_login,Success,True
.test_0_selenium_a_login,Total:2911 Passed:2911 Failed:0
1651279013074,271,selenium_browse_projects_list,Success,True
.test_1_selenium_browse_projects_list,Total:2912 Passed:2912 Failed:0
1651279013364,288,selenium_browse_boards_list,Success,True
.test_1_selenium_browse_boards_list,Total:2913 Passed:2913 Failed:0
1651279014124,681,selenium_create_issue:open_quick_create,Success,True
1651279015213,610,selenium_create_issue:fill_and_submit_issue_form:submit_issue_form,Success,True
1651279015213,1088,selenium_create_issue:fill_and_submit_issue_form,Success,True
1651279015213,1770,selenium_create_issue,Success,True
.test_1_selenium_create_issue,Total:2914 Passed:2914 Failed:0
.test_1_selenium_quick_create,Total:2915 Passed:2915 Failed:0
1651279017781,523,selenium_edit_issue:open_edit_issue_form,Success,True
1651279018773,559,selenium_edit_issue:save_edit_issue_form,Success,True
1651279018773,1515,selenium_edit_issue,Success,True
.test_1_selenium_edit_issue,Total:2916 Passed:2916 Failed:0
1651279019175,400,selenium_save_comment:open_comment_form,Success,True
1651279019917,639,selenium_save_comment:submit_form,Success,True
1651279019917,1142,selenium_save_comment,Success,True
.test_1_selenium_save_comment,Total:2917 Passed:2917 Failed:0
1651279021102,1183,selenium_search_jql,Success,True
.test_1_selenium_search_jql,Total:2918 Passed:2918 Failed:0
1651279022066,962,selenium_view_scrum_board_backlog,Success,True
.test_1_selenium_view_backlog_for_scrum_board,Total:2919 Passed:2919 Failed:0
1651279023037,969,selenium_view_scrum_board,Success,True
.test_1_selenium_view_scrum_board,Total:2920 Passed:2920 Failed:0
1651279024046,1007,selenium_view_kanban_board,Success,True
.test_1_selenium_view_kanban_board,Total:2921 Passed:2921 Failed:0
1651279024487,438,selenium_view_dashboard,Success,True
.test_1_selenium_view_dashboard,Total:2922 Passed:2922 Failed:0
1651279025142,653,selenium_view_issue,Success,True
.test_1_selenium_view_issue,Total:2923 Passed:2923 Failed:0
1651279025637,494,selenium_project_summary,Success,True
.test_1_selenium_view_project_summary,Total:2924 Passed:2924 Failed:0
1651279026039,399,selenium_log_out,Success,True
.test_2_selenium_z_log_out,Total:2925 Passed:2925 Failed:0


=============================== warnings summary ===============================
../../root/.bzt/python-packages/3.9.5/_pytest/config/__init__.py:1114
  /root/.bzt/python-packages/3.9.5/_pytest/config/__init__.py:1114: PytestAssertRewriteWarning: Module already imported so cannot be rewritten: apiritif
    self._mark_plugins_for_rewrite(hook)

-- Docs: https://docs.pytest.org/en/stable/warnings.html
======================== 15 passed, 1 warning in 14.11s ========================
