============================= test session starts ==============================
platform linux -- Python 3.9.5, pytest-6.2.5, py-1.11.0, pluggy-1.0.0
rootdir: /dc-app-performance-toolkit/app
plugins: forked-1.4.0, xdist-2.5.0, apiritif-1.0.0
collected 15 items

selenium_ui/jira_ui.py first driver inits
1651275013704,496,selenium_login:open_login_page,Success,True
node_id:node1
1651275014609,904,selenium_login:login_and_view_dashboard,Success,True
1651275014609,1401,selenium_login,Success,True
.test_0_selenium_a_login,Total:1 Passed:1 Failed:0
1651275015055,425,selenium_browse_projects_list,Success,True
.test_1_selenium_browse_projects_list,Total:2 Passed:2 Failed:0
1651275056416,41360,selenium_browse_boards_list,Failed measure: selenium_browse_boards_list - TimeoutException,False
FAction: test_1_selenium_browse_boards_list, Error: jira_webdriver = <selenium.webdriver.chrome.webdriver.WebDriver (session="183ee130ab332f85904a39f809c13686")>
jira_datasets = {'custom_issues': [], 'issue_id': '207728', 'issue_key': 'AAFAIA-2220', 'issues': [['AABIS-1', '914565', 'AABIS'], ['A...', 'AABIS'], ['AABIS-4', '914568', 'AABIS'], ['AABIS-5', '914569', 'AABIS'], ['AABIS-6', '914570', 'AABIS'], ...], ...}
jira_screen_shots = None

    def test_1_selenium_browse_boards_list(jira_webdriver, jira_datasets, jira_screen_shots):
>       modules.browse_boards_list(jira_webdriver, jira_datasets)

selenium_ui/jira_ui.py:15: 
_ _ _ _ _ _ _ _ _ _ _ _ _ _ _ _ _ _ _ _ _ _ _ _ _ _ _ _ _ _ _ _ _ _ _ _ _ _ _ _ 
selenium_ui/jira/modules.py:220: in browse_boards_list
    measure()
_ _ _ _ _ _ _ _ _ _ _ _ _ _ _ _ _ _ _ _ _ _ _ _ _ _ _ _ _ _ _ _ _ _ _ _ _ _ _ _ 

    @functools.wraps(func)
    def wrapper():
        if LOGIN_ACTION_NAME in interaction:
            globals.login_failed = False
        if globals.login_failed:
            pytest.skip(f"login is failed")
        start = time.time()
        error_msg = 'Success'
        full_exception = ''
        try:
            func()
            success = True
        except Exception:
            success = False
            # https://docs.python.org/2/library/sys.html#sys.exc_info
            exc_type, full_exception = sys.exc_info()[:2]
            error_msg = f"Failed measure: {interaction} - {exc_type.__name__}"
        end = time.time()
        timing = str(int((end - start) * 1000))
    
        lockfile = f'{selenium_results_file}.lock'
    
        with filelock.SoftFileLock(lockfile):
            with open(selenium_results_file, "a+") as jtl_file:
                timestamp = round(time.time() * 1000)
                jtl_file.write(f"{timestamp},{timing},{interaction},,{error_msg},,{success},0,0,0,0,,0\n")
    
        print(f"{timestamp},{timing},{interaction},{error_msg},{success}")
    
        if not success:
            if LOGIN_ACTION_NAME in interaction:
                globals.login_failed = True
>           raise Exception(error_msg, full_exception)
E           Exception: ('Failed measure: selenium_browse_boards_list - TimeoutException', TimeoutException("Error in wait_until: Timed out after 20 sec waiting for <selenium.webdriver.support.expected_conditions.visibility_of_element_located object at 0x7fead9808a90>. \nLocator: ('css selector', '#ghx-content-main table.aui')", None, None))

selenium_ui/conftest.py:155: Exception

test_1_selenium_browse_boards_list,Total:3 Passed:2 Failed:1
1651275057976,865,selenium_create_issue:open_quick_create,Success,True
1651275059073,584,selenium_create_issue:fill_and_submit_issue_form:submit_issue_form,Success,True
1651275059073,1096,selenium_create_issue:fill_and_submit_issue_form,Success,True
1651275059073,1962,selenium_create_issue,Success,True
.test_1_selenium_create_issue,Total:4 Passed:3 Failed:1
FAction: test_1_selenium_quick_create, Error: jira_webdriver = <selenium.webdriver.chrome.webdriver.WebDriver (session="183ee130ab332f85904a39f809c13686")>
jira_datasets = {'custom_issues': [], 'issue_id': '207728', 'issue_key': 'AAFAIA-2220', 'issues': [['AABIS-1', '914565', 'AABIS'], ['A...', 'AABIS'], ['AABIS-4', '914568', 'AABIS'], ['AABIS-5', '914569', 'AABIS'], ['AABIS-6', '914570', 'AABIS'], ...], ...}
jira_screen_shots = None

    def test_1_selenium_quick_create(jira_webdriver, jira_datasets, jira_screen_shots):
>       modules.quick_create(jira_webdriver, jira_datasets)

selenium_ui/jira_ui.py:23: 
_ _ _ _ _ _ _ _ _ _ _ _ _ _ _ _ _ _ _ _ _ _ _ _ _ _ _ _ _ _ _ _ _ _ _ _ _ _ _ _ 
selenium_ui/jira/modules.py:125: in quick_create
    quick_create_modal.quick_create_interaction()
selenium_ui/jira/pages/pages.py:85: in quick_create_interaction
    self.wait_until_visible(QuickCreateLocators.quick_create_button).click()
selenium_ui/base_page.py:63: in wait_until_visible
    return self.__wait_until(expected_condition=ec.visibility_of_element_located(selector), time_out=timeout)
selenium_ui/base_page.py:112: in __wait_until
    return WebDriverWait(self.driver, time_out).until(expected_condition, message=message)
_ _ _ _ _ _ _ _ _ _ _ _ _ _ _ _ _ _ _ _ _ _ _ _ _ _ _ _ _ _ _ _ _ _ _ _ _ _ _ _ 

self = <selenium.webdriver.support.wait.WebDriverWait (session="183ee130ab332f85904a39f809c13686")>
method = <selenium.webdriver.support.expected_conditions.visibility_of_element_located object at 0x7fead9507850>
message = "Error in wait_until: Timed out after 20 sec waiting for <selenium.webdriver.support.expected_conditions.visibility_of_element_located object at 0x7fead9507850>. \nLocator: ('id', 'quick-create-button-link')"

    def until(self, method, message=''):
        """Calls the method provided with the driver as an argument until the \
        return value is not False."""
        screen = None
        stacktrace = None
    
        end_time = time.time() + self._timeout
        while True:
            try:
                value = method(self._driver)
                if value:
                    return value
            except self._ignored_exceptions as exc:
                screen = getattr(exc, 'screen', None)
                stacktrace = getattr(exc, 'stacktrace', None)
            time.sleep(self._poll)
            if time.time() > end_time:
                break
>       raise TimeoutException(message, screen, stacktrace)
E       selenium.common.exceptions.TimeoutException: Message: Error in wait_until: Timed out after 20 sec waiting for <selenium.webdriver.support.expected_conditions.visibility_of_element_located object at 0x7fead9507850>. 
E       Locator: ('id', 'quick-create-button-link')

results/jira/2022-04-29_23-29-42/python-packages/3.9.5/selenium/webdriver/support/wait.py:80: TimeoutException

test_1_selenium_quick_create,Total:5 Passed:3 Failed:2
1651275081083,1169,selenium_edit_issue:open_edit_issue_form,Success,True
1651275082332,587,selenium_edit_issue:save_edit_issue_form,Success,True
1651275082332,2418,selenium_edit_issue,Success,True
.test_1_selenium_edit_issue,Total:6 Passed:4 Failed:2
1651275082666,332,selenium_save_comment:open_comment_form,Success,True
1651275084652,1812,selenium_save_comment:submit_form,Success,True
1651275084652,2318,selenium_save_comment,Success,True
.test_1_selenium_save_comment,Total:7 Passed:5 Failed:2
1651275086997,2343,selenium_search_jql,Success,True
.test_1_selenium_search_jql,Total:8 Passed:6 Failed:2
